[2025-05-28T09:48:08.601+0000] {processor.py:161} INFO - Started process (PID=18955) to work on /opt/airflow/dags/full_pipeline.py
[2025-05-28T09:48:08.602+0000] {processor.py:830} INFO - Processing file /opt/airflow/dags/full_pipeline.py for tasks to queue
[2025-05-28T09:48:08.604+0000] {logging_mixin.py:188} INFO - [2025-05-28T09:48:08.603+0000] {dagbag.py:540} INFO - Filling up the DagBag from /opt/airflow/dags/full_pipeline.py
[2025-05-28T09:48:08.625+0000] {processor.py:840} INFO - DAG(s) 'full_training_pipeline' retrieved from /opt/airflow/dags/full_pipeline.py
[2025-05-28T09:48:08.771+0000] {logging_mixin.py:188} INFO - [2025-05-28T09:48:08.770+0000] {override.py:1769} INFO - Created Permission View: can read on DAG:full_training_pipeline
[2025-05-28T09:48:08.779+0000] {logging_mixin.py:188} INFO - [2025-05-28T09:48:08.779+0000] {override.py:1769} INFO - Created Permission View: can delete on DAG:full_training_pipeline
[2025-05-28T09:48:08.782+0000] {logging_mixin.py:188} INFO - [2025-05-28T09:48:08.782+0000] {override.py:1769} INFO - Created Permission View: can edit on DAG:full_training_pipeline
[2025-05-28T09:48:08.783+0000] {logging_mixin.py:188} INFO - [2025-05-28T09:48:08.783+0000] {dag.py:3047} INFO - Sync 1 DAGs
[2025-05-28T09:48:08.790+0000] {logging_mixin.py:188} INFO - [2025-05-28T09:48:08.790+0000] {dag.py:3069} INFO - Creating ORM DAG for full_training_pipeline
[2025-05-28T09:48:08.791+0000] {logging_mixin.py:188} INFO - [2025-05-28T09:48:08.791+0000] {dag.py:3834} INFO - Setting next_dagrun for full_training_pipeline to None, run_after=None
[2025-05-28T09:48:08.801+0000] {processor.py:183} INFO - Processing /opt/airflow/dags/full_pipeline.py took 0.212 seconds
[2025-05-28T09:48:19.033+0000] {processor.py:161} INFO - Started process (PID=18999) to work on /opt/airflow/dags/full_pipeline.py
[2025-05-28T09:48:19.035+0000] {processor.py:830} INFO - Processing file /opt/airflow/dags/full_pipeline.py for tasks to queue
[2025-05-28T09:48:19.036+0000] {logging_mixin.py:188} INFO - [2025-05-28T09:48:19.035+0000] {dagbag.py:540} INFO - Filling up the DagBag from /opt/airflow/dags/full_pipeline.py
[2025-05-28T09:48:19.060+0000] {processor.py:840} INFO - DAG(s) 'full_training_pipeline' retrieved from /opt/airflow/dags/full_pipeline.py
[2025-05-28T09:48:19.085+0000] {logging_mixin.py:188} INFO - [2025-05-28T09:48:19.084+0000] {dag.py:3047} INFO - Sync 1 DAGs
[2025-05-28T09:48:19.102+0000] {logging_mixin.py:188} INFO - [2025-05-28T09:48:19.102+0000] {dag.py:3834} INFO - Setting next_dagrun for full_training_pipeline to None, run_after=None
[2025-05-28T09:48:19.115+0000] {processor.py:183} INFO - Processing /opt/airflow/dags/full_pipeline.py took 0.089 seconds
[2025-05-28T09:53:54.462+0000] {processor.py:161} INFO - Started process (PID=19032) to work on /opt/airflow/dags/full_pipeline.py
[2025-05-28T09:53:54.465+0000] {processor.py:830} INFO - Processing file /opt/airflow/dags/full_pipeline.py for tasks to queue
[2025-05-28T09:53:54.472+0000] {logging_mixin.py:188} INFO - [2025-05-28T09:53:54.470+0000] {dagbag.py:540} INFO - Filling up the DagBag from /opt/airflow/dags/full_pipeline.py
[2025-05-28T09:53:54.545+0000] {processor.py:840} INFO - DAG(s) 'full_training_pipeline' retrieved from /opt/airflow/dags/full_pipeline.py
[2025-05-28T09:53:54.650+0000] {logging_mixin.py:188} INFO - [2025-05-28T09:53:54.650+0000] {dag.py:3047} INFO - Sync 1 DAGs
[2025-05-28T09:53:54.686+0000] {logging_mixin.py:188} INFO - [2025-05-28T09:53:54.685+0000] {dag.py:3834} INFO - Setting next_dagrun for full_training_pipeline to None, run_after=None
[2025-05-28T09:53:54.739+0000] {processor.py:183} INFO - Processing /opt/airflow/dags/full_pipeline.py took 0.296 seconds
[2025-05-28T09:54:04.927+0000] {processor.py:161} INFO - Started process (PID=19076) to work on /opt/airflow/dags/full_pipeline.py
[2025-05-28T09:54:04.929+0000] {processor.py:830} INFO - Processing file /opt/airflow/dags/full_pipeline.py for tasks to queue
[2025-05-28T09:54:04.930+0000] {logging_mixin.py:188} INFO - [2025-05-28T09:54:04.929+0000] {dagbag.py:540} INFO - Filling up the DagBag from /opt/airflow/dags/full_pipeline.py
[2025-05-28T09:54:04.949+0000] {processor.py:840} INFO - DAG(s) 'full_training_pipeline' retrieved from /opt/airflow/dags/full_pipeline.py
[2025-05-28T09:54:04.976+0000] {logging_mixin.py:188} INFO - [2025-05-28T09:54:04.976+0000] {dag.py:3047} INFO - Sync 1 DAGs
[2025-05-28T09:54:04.990+0000] {logging_mixin.py:188} INFO - [2025-05-28T09:54:04.990+0000] {dag.py:3834} INFO - Setting next_dagrun for full_training_pipeline to None, run_after=None
[2025-05-28T09:54:05.004+0000] {processor.py:183} INFO - Processing /opt/airflow/dags/full_pipeline.py took 0.085 seconds
[2025-05-28T09:54:15.172+0000] {processor.py:161} INFO - Started process (PID=19120) to work on /opt/airflow/dags/full_pipeline.py
[2025-05-28T09:54:15.179+0000] {processor.py:830} INFO - Processing file /opt/airflow/dags/full_pipeline.py for tasks to queue
[2025-05-28T09:54:15.180+0000] {logging_mixin.py:188} INFO - [2025-05-28T09:54:15.180+0000] {dagbag.py:540} INFO - Filling up the DagBag from /opt/airflow/dags/full_pipeline.py
[2025-05-28T09:54:15.205+0000] {processor.py:840} INFO - DAG(s) 'full_training_pipeline' retrieved from /opt/airflow/dags/full_pipeline.py
[2025-05-28T09:54:15.240+0000] {logging_mixin.py:188} INFO - [2025-05-28T09:54:15.239+0000] {dag.py:3047} INFO - Sync 1 DAGs
[2025-05-28T09:54:15.251+0000] {logging_mixin.py:188} INFO - [2025-05-28T09:54:15.251+0000] {dag.py:3834} INFO - Setting next_dagrun for full_training_pipeline to None, run_after=None
[2025-05-28T09:54:15.267+0000] {processor.py:183} INFO - Processing /opt/airflow/dags/full_pipeline.py took 0.101 seconds
[2025-05-28T09:54:25.441+0000] {processor.py:161} INFO - Started process (PID=19164) to work on /opt/airflow/dags/full_pipeline.py
[2025-05-28T09:54:25.444+0000] {processor.py:830} INFO - Processing file /opt/airflow/dags/full_pipeline.py for tasks to queue
[2025-05-28T09:54:25.450+0000] {logging_mixin.py:188} INFO - [2025-05-28T09:54:25.446+0000] {dagbag.py:540} INFO - Filling up the DagBag from /opt/airflow/dags/full_pipeline.py
[2025-05-28T09:54:25.479+0000] {processor.py:840} INFO - DAG(s) 'full_training_pipeline' retrieved from /opt/airflow/dags/full_pipeline.py
[2025-05-28T09:54:25.521+0000] {logging_mixin.py:188} INFO - [2025-05-28T09:54:25.521+0000] {dag.py:3047} INFO - Sync 1 DAGs
[2025-05-28T09:54:25.534+0000] {logging_mixin.py:188} INFO - [2025-05-28T09:54:25.534+0000] {dag.py:3834} INFO - Setting next_dagrun for full_training_pipeline to None, run_after=None
[2025-05-28T09:54:25.555+0000] {processor.py:183} INFO - Processing /opt/airflow/dags/full_pipeline.py took 0.125 seconds
[2025-05-28T09:54:35.715+0000] {processor.py:161} INFO - Started process (PID=19208) to work on /opt/airflow/dags/full_pipeline.py
[2025-05-28T09:54:35.717+0000] {processor.py:830} INFO - Processing file /opt/airflow/dags/full_pipeline.py for tasks to queue
[2025-05-28T09:54:35.718+0000] {logging_mixin.py:188} INFO - [2025-05-28T09:54:35.718+0000] {dagbag.py:540} INFO - Filling up the DagBag from /opt/airflow/dags/full_pipeline.py
[2025-05-28T09:54:35.746+0000] {processor.py:840} INFO - DAG(s) 'full_training_pipeline' retrieved from /opt/airflow/dags/full_pipeline.py
[2025-05-28T09:54:35.790+0000] {logging_mixin.py:188} INFO - [2025-05-28T09:54:35.790+0000] {dag.py:3047} INFO - Sync 1 DAGs
[2025-05-28T09:54:35.811+0000] {logging_mixin.py:188} INFO - [2025-05-28T09:54:35.811+0000] {dag.py:3834} INFO - Setting next_dagrun for full_training_pipeline to None, run_after=None
[2025-05-28T09:54:35.828+0000] {processor.py:183} INFO - Processing /opt/airflow/dags/full_pipeline.py took 0.121 seconds
[2025-05-28T09:54:46.656+0000] {processor.py:161} INFO - Started process (PID=19250) to work on /opt/airflow/dags/full_pipeline.py
[2025-05-28T09:54:46.658+0000] {processor.py:830} INFO - Processing file /opt/airflow/dags/full_pipeline.py for tasks to queue
[2025-05-28T09:54:46.660+0000] {logging_mixin.py:188} INFO - [2025-05-28T09:54:46.660+0000] {dagbag.py:540} INFO - Filling up the DagBag from /opt/airflow/dags/full_pipeline.py
[2025-05-28T09:54:46.704+0000] {processor.py:840} INFO - DAG(s) 'full_training_pipeline' retrieved from /opt/airflow/dags/full_pipeline.py
[2025-05-28T09:54:46.743+0000] {logging_mixin.py:188} INFO - [2025-05-28T09:54:46.743+0000] {dag.py:3047} INFO - Sync 1 DAGs
[2025-05-28T09:54:46.754+0000] {logging_mixin.py:188} INFO - [2025-05-28T09:54:46.754+0000] {dag.py:3834} INFO - Setting next_dagrun for full_training_pipeline to None, run_after=None
[2025-05-28T09:54:46.769+0000] {processor.py:183} INFO - Processing /opt/airflow/dags/full_pipeline.py took 0.126 seconds
[2025-05-28T09:57:02.457+0000] {processor.py:161} INFO - Started process (PID=19259) to work on /opt/airflow/dags/full_pipeline.py
[2025-05-28T09:57:02.463+0000] {processor.py:830} INFO - Processing file /opt/airflow/dags/full_pipeline.py for tasks to queue
[2025-05-28T09:57:02.465+0000] {logging_mixin.py:188} INFO - [2025-05-28T09:57:02.465+0000] {dagbag.py:540} INFO - Filling up the DagBag from /opt/airflow/dags/full_pipeline.py
[2025-05-28T09:57:02.743+0000] {processor.py:840} INFO - DAG(s) 'full_training_pipeline' retrieved from /opt/airflow/dags/full_pipeline.py
[2025-05-28T09:57:02.874+0000] {logging_mixin.py:188} INFO - [2025-05-28T09:57:02.872+0000] {dag.py:3047} INFO - Sync 1 DAGs
[2025-05-28T09:57:02.991+0000] {logging_mixin.py:188} INFO - [2025-05-28T09:57:02.989+0000] {dag.py:3834} INFO - Setting next_dagrun for full_training_pipeline to None, run_after=None
[2025-05-28T09:57:03.064+0000] {processor.py:183} INFO - Processing /opt/airflow/dags/full_pipeline.py took 0.619 seconds
[2025-05-28T09:57:13.684+0000] {processor.py:161} INFO - Started process (PID=19303) to work on /opt/airflow/dags/full_pipeline.py
[2025-05-28T09:57:13.686+0000] {processor.py:830} INFO - Processing file /opt/airflow/dags/full_pipeline.py for tasks to queue
[2025-05-28T09:57:13.688+0000] {logging_mixin.py:188} INFO - [2025-05-28T09:57:13.687+0000] {dagbag.py:540} INFO - Filling up the DagBag from /opt/airflow/dags/full_pipeline.py
[2025-05-28T09:57:13.716+0000] {processor.py:840} INFO - DAG(s) 'full_training_pipeline' retrieved from /opt/airflow/dags/full_pipeline.py
[2025-05-28T09:57:13.769+0000] {logging_mixin.py:188} INFO - [2025-05-28T09:57:13.769+0000] {dag.py:3047} INFO - Sync 1 DAGs
[2025-05-28T09:57:13.782+0000] {logging_mixin.py:188} INFO - [2025-05-28T09:57:13.782+0000] {dag.py:3834} INFO - Setting next_dagrun for full_training_pipeline to None, run_after=None
[2025-05-28T09:57:13.801+0000] {processor.py:183} INFO - Processing /opt/airflow/dags/full_pipeline.py took 0.130 seconds
[2025-05-28T09:57:24.151+0000] {processor.py:161} INFO - Started process (PID=19347) to work on /opt/airflow/dags/full_pipeline.py
[2025-05-28T09:57:24.153+0000] {processor.py:830} INFO - Processing file /opt/airflow/dags/full_pipeline.py for tasks to queue
[2025-05-28T09:57:24.154+0000] {logging_mixin.py:188} INFO - [2025-05-28T09:57:24.154+0000] {dagbag.py:540} INFO - Filling up the DagBag from /opt/airflow/dags/full_pipeline.py
[2025-05-28T09:57:24.184+0000] {processor.py:840} INFO - DAG(s) 'full_training_pipeline' retrieved from /opt/airflow/dags/full_pipeline.py
[2025-05-28T09:57:24.238+0000] {logging_mixin.py:188} INFO - [2025-05-28T09:57:24.237+0000] {dag.py:3047} INFO - Sync 1 DAGs
[2025-05-28T09:57:24.251+0000] {logging_mixin.py:188} INFO - [2025-05-28T09:57:24.250+0000] {dag.py:3834} INFO - Setting next_dagrun for full_training_pipeline to None, run_after=None
[2025-05-28T09:57:24.271+0000] {processor.py:183} INFO - Processing /opt/airflow/dags/full_pipeline.py took 0.138 seconds
[2025-05-28T09:57:34.485+0000] {processor.py:161} INFO - Started process (PID=19391) to work on /opt/airflow/dags/full_pipeline.py
[2025-05-28T09:57:34.486+0000] {processor.py:830} INFO - Processing file /opt/airflow/dags/full_pipeline.py for tasks to queue
[2025-05-28T09:57:34.488+0000] {logging_mixin.py:188} INFO - [2025-05-28T09:57:34.487+0000] {dagbag.py:540} INFO - Filling up the DagBag from /opt/airflow/dags/full_pipeline.py
[2025-05-28T09:57:34.522+0000] {processor.py:840} INFO - DAG(s) 'full_training_pipeline' retrieved from /opt/airflow/dags/full_pipeline.py
[2025-05-28T09:57:34.601+0000] {logging_mixin.py:188} INFO - [2025-05-28T09:57:34.600+0000] {dag.py:3047} INFO - Sync 1 DAGs
[2025-05-28T09:57:34.627+0000] {logging_mixin.py:188} INFO - [2025-05-28T09:57:34.627+0000] {dag.py:3834} INFO - Setting next_dagrun for full_training_pipeline to None, run_after=None
[2025-05-28T09:57:34.658+0000] {processor.py:183} INFO - Processing /opt/airflow/dags/full_pipeline.py took 0.181 seconds
[2025-05-28T09:57:44.899+0000] {processor.py:161} INFO - Started process (PID=19435) to work on /opt/airflow/dags/full_pipeline.py
[2025-05-28T09:57:44.901+0000] {processor.py:830} INFO - Processing file /opt/airflow/dags/full_pipeline.py for tasks to queue
[2025-05-28T09:57:44.903+0000] {logging_mixin.py:188} INFO - [2025-05-28T09:57:44.902+0000] {dagbag.py:540} INFO - Filling up the DagBag from /opt/airflow/dags/full_pipeline.py
[2025-05-28T09:57:44.929+0000] {processor.py:840} INFO - DAG(s) 'full_training_pipeline' retrieved from /opt/airflow/dags/full_pipeline.py
[2025-05-28T09:57:44.975+0000] {logging_mixin.py:188} INFO - [2025-05-28T09:57:44.975+0000] {dag.py:3047} INFO - Sync 1 DAGs
[2025-05-28T09:57:44.988+0000] {logging_mixin.py:188} INFO - [2025-05-28T09:57:44.987+0000] {dag.py:3834} INFO - Setting next_dagrun for full_training_pipeline to None, run_after=None
[2025-05-28T09:57:45.007+0000] {processor.py:183} INFO - Processing /opt/airflow/dags/full_pipeline.py took 0.124 seconds
[2025-05-28T09:57:55.221+0000] {processor.py:161} INFO - Started process (PID=19479) to work on /opt/airflow/dags/full_pipeline.py
[2025-05-28T09:57:55.224+0000] {processor.py:830} INFO - Processing file /opt/airflow/dags/full_pipeline.py for tasks to queue
[2025-05-28T09:57:55.225+0000] {logging_mixin.py:188} INFO - [2025-05-28T09:57:55.224+0000] {dagbag.py:540} INFO - Filling up the DagBag from /opt/airflow/dags/full_pipeline.py
[2025-05-28T09:57:55.234+0000] {processor.py:840} INFO - DAG(s) 'full_training_pipeline' retrieved from /opt/airflow/dags/full_pipeline.py
[2025-05-28T09:57:55.250+0000] {logging_mixin.py:188} INFO - [2025-05-28T09:57:55.250+0000] {dag.py:3047} INFO - Sync 1 DAGs
[2025-05-28T09:57:55.257+0000] {logging_mixin.py:188} INFO - [2025-05-28T09:57:55.257+0000] {dag.py:3834} INFO - Setting next_dagrun for full_training_pipeline to None, run_after=None
[2025-05-28T09:57:55.266+0000] {processor.py:183} INFO - Processing /opt/airflow/dags/full_pipeline.py took 0.048 seconds
[2025-05-28T09:58:05.511+0000] {processor.py:161} INFO - Started process (PID=19523) to work on /opt/airflow/dags/full_pipeline.py
[2025-05-28T09:58:05.515+0000] {processor.py:830} INFO - Processing file /opt/airflow/dags/full_pipeline.py for tasks to queue
[2025-05-28T09:58:05.516+0000] {logging_mixin.py:188} INFO - [2025-05-28T09:58:05.516+0000] {dagbag.py:540} INFO - Filling up the DagBag from /opt/airflow/dags/full_pipeline.py
[2025-05-28T09:58:05.526+0000] {processor.py:840} INFO - DAG(s) 'full_training_pipeline' retrieved from /opt/airflow/dags/full_pipeline.py
[2025-05-28T09:58:05.543+0000] {logging_mixin.py:188} INFO - [2025-05-28T09:58:05.543+0000] {dag.py:3047} INFO - Sync 1 DAGs
[2025-05-28T09:58:05.550+0000] {logging_mixin.py:188} INFO - [2025-05-28T09:58:05.550+0000] {dag.py:3834} INFO - Setting next_dagrun for full_training_pipeline to None, run_after=None
[2025-05-28T09:58:05.560+0000] {processor.py:183} INFO - Processing /opt/airflow/dags/full_pipeline.py took 0.053 seconds
[2025-05-28T09:58:15.761+0000] {processor.py:161} INFO - Started process (PID=19554) to work on /opt/airflow/dags/full_pipeline.py
[2025-05-28T09:58:15.763+0000] {processor.py:830} INFO - Processing file /opt/airflow/dags/full_pipeline.py for tasks to queue
[2025-05-28T09:58:15.764+0000] {logging_mixin.py:188} INFO - [2025-05-28T09:58:15.763+0000] {dagbag.py:540} INFO - Filling up the DagBag from /opt/airflow/dags/full_pipeline.py
[2025-05-28T09:58:15.781+0000] {processor.py:840} INFO - DAG(s) 'full_training_pipeline' retrieved from /opt/airflow/dags/full_pipeline.py
[2025-05-28T09:58:15.798+0000] {logging_mixin.py:188} INFO - [2025-05-28T09:58:15.798+0000] {dag.py:3047} INFO - Sync 1 DAGs
[2025-05-28T09:58:15.805+0000] {logging_mixin.py:188} INFO - [2025-05-28T09:58:15.805+0000] {dag.py:3834} INFO - Setting next_dagrun for full_training_pipeline to None, run_after=None
[2025-05-28T09:58:15.816+0000] {processor.py:183} INFO - Processing /opt/airflow/dags/full_pipeline.py took 0.064 seconds
[2025-05-28T09:58:25.976+0000] {processor.py:161} INFO - Started process (PID=19572) to work on /opt/airflow/dags/full_pipeline.py
[2025-05-28T09:58:25.980+0000] {processor.py:830} INFO - Processing file /opt/airflow/dags/full_pipeline.py for tasks to queue
[2025-05-28T09:58:25.981+0000] {logging_mixin.py:188} INFO - [2025-05-28T09:58:25.981+0000] {dagbag.py:540} INFO - Filling up the DagBag from /opt/airflow/dags/full_pipeline.py
[2025-05-28T09:58:26.012+0000] {processor.py:840} INFO - DAG(s) 'full_training_pipeline' retrieved from /opt/airflow/dags/full_pipeline.py
[2025-05-28T09:58:26.060+0000] {logging_mixin.py:188} INFO - [2025-05-28T09:58:26.060+0000] {dag.py:3047} INFO - Sync 1 DAGs
[2025-05-28T09:58:26.080+0000] {logging_mixin.py:188} INFO - [2025-05-28T09:58:26.080+0000] {dag.py:3834} INFO - Setting next_dagrun for full_training_pipeline to None, run_after=None
[2025-05-28T09:58:26.104+0000] {processor.py:183} INFO - Processing /opt/airflow/dags/full_pipeline.py took 0.142 seconds
[2025-05-28T09:58:36.320+0000] {processor.py:161} INFO - Started process (PID=19616) to work on /opt/airflow/dags/full_pipeline.py
[2025-05-28T09:58:36.322+0000] {processor.py:830} INFO - Processing file /opt/airflow/dags/full_pipeline.py for tasks to queue
[2025-05-28T09:58:36.324+0000] {logging_mixin.py:188} INFO - [2025-05-28T09:58:36.323+0000] {dagbag.py:540} INFO - Filling up the DagBag from /opt/airflow/dags/full_pipeline.py
[2025-05-28T09:58:36.350+0000] {processor.py:840} INFO - DAG(s) 'full_training_pipeline' retrieved from /opt/airflow/dags/full_pipeline.py
[2025-05-28T09:58:36.396+0000] {logging_mixin.py:188} INFO - [2025-05-28T09:58:36.396+0000] {dag.py:3047} INFO - Sync 1 DAGs
[2025-05-28T09:58:36.416+0000] {logging_mixin.py:188} INFO - [2025-05-28T09:58:36.416+0000] {dag.py:3834} INFO - Setting next_dagrun for full_training_pipeline to None, run_after=None
[2025-05-28T09:58:36.430+0000] {processor.py:183} INFO - Processing /opt/airflow/dags/full_pipeline.py took 0.122 seconds
[2025-05-28T09:58:46.591+0000] {processor.py:161} INFO - Started process (PID=19660) to work on /opt/airflow/dags/full_pipeline.py
[2025-05-28T09:58:46.594+0000] {processor.py:830} INFO - Processing file /opt/airflow/dags/full_pipeline.py for tasks to queue
[2025-05-28T09:58:46.597+0000] {logging_mixin.py:188} INFO - [2025-05-28T09:58:46.596+0000] {dagbag.py:540} INFO - Filling up the DagBag from /opt/airflow/dags/full_pipeline.py
[2025-05-28T09:58:46.623+0000] {processor.py:840} INFO - DAG(s) 'full_training_pipeline' retrieved from /opt/airflow/dags/full_pipeline.py
[2025-05-28T09:58:46.679+0000] {logging_mixin.py:188} INFO - [2025-05-28T09:58:46.678+0000] {dag.py:3047} INFO - Sync 1 DAGs
[2025-05-28T09:58:46.703+0000] {logging_mixin.py:188} INFO - [2025-05-28T09:58:46.703+0000] {dag.py:3834} INFO - Setting next_dagrun for full_training_pipeline to None, run_after=None
[2025-05-28T09:58:46.717+0000] {processor.py:183} INFO - Processing /opt/airflow/dags/full_pipeline.py took 0.140 seconds
[2025-05-28T09:58:57.084+0000] {processor.py:161} INFO - Started process (PID=19704) to work on /opt/airflow/dags/full_pipeline.py
[2025-05-28T09:58:57.085+0000] {processor.py:830} INFO - Processing file /opt/airflow/dags/full_pipeline.py for tasks to queue
[2025-05-28T09:58:57.087+0000] {logging_mixin.py:188} INFO - [2025-05-28T09:58:57.087+0000] {dagbag.py:540} INFO - Filling up the DagBag from /opt/airflow/dags/full_pipeline.py
[2025-05-28T09:58:57.117+0000] {processor.py:840} INFO - DAG(s) 'full_training_pipeline' retrieved from /opt/airflow/dags/full_pipeline.py
[2025-05-28T09:58:57.155+0000] {logging_mixin.py:188} INFO - [2025-05-28T09:58:57.153+0000] {dag.py:3047} INFO - Sync 1 DAGs
[2025-05-28T09:58:57.181+0000] {logging_mixin.py:188} INFO - [2025-05-28T09:58:57.181+0000] {dag.py:3834} INFO - Setting next_dagrun for full_training_pipeline to None, run_after=None
[2025-05-28T09:58:57.202+0000] {processor.py:183} INFO - Processing /opt/airflow/dags/full_pipeline.py took 0.130 seconds
[2025-05-28T09:59:04.207+0000] {processor.py:161} INFO - Started process (PID=19735) to work on /opt/airflow/dags/full_pipeline.py
[2025-05-28T09:59:04.208+0000] {processor.py:830} INFO - Processing file /opt/airflow/dags/full_pipeline.py for tasks to queue
[2025-05-28T09:59:04.209+0000] {logging_mixin.py:188} INFO - [2025-05-28T09:59:04.209+0000] {dagbag.py:540} INFO - Filling up the DagBag from /opt/airflow/dags/full_pipeline.py
[2025-05-28T09:59:04.239+0000] {processor.py:840} INFO - DAG(s) 'full_training_pipeline' retrieved from /opt/airflow/dags/full_pipeline.py
[2025-05-28T09:59:04.269+0000] {logging_mixin.py:188} INFO - [2025-05-28T09:59:04.269+0000] {dag.py:3047} INFO - Sync 1 DAGs
[2025-05-28T09:59:04.282+0000] {logging_mixin.py:188} INFO - [2025-05-28T09:59:04.282+0000] {dag.py:3834} INFO - Setting next_dagrun for full_training_pipeline to None, run_after=None
[2025-05-28T09:59:04.302+0000] {processor.py:183} INFO - Processing /opt/airflow/dags/full_pipeline.py took 0.100 seconds
