[2025-05-28T10:37:22.922+0000] {taskinstance.py:1979} INFO - Dependencies all met for dep_context=non-requeueable deps ti=<TaskInstance: train_ml_models.train_and_log_models manual__2025-05-28T10:37:21.692604+00:00 [queued]>
[2025-05-28T10:37:22.926+0000] {taskinstance.py:1979} INFO - Dependencies all met for dep_context=requeueable deps ti=<TaskInstance: train_ml_models.train_and_log_models manual__2025-05-28T10:37:21.692604+00:00 [queued]>
[2025-05-28T10:37:22.926+0000] {taskinstance.py:2193} INFO - Starting attempt 1 of 2
[2025-05-28T10:37:22.934+0000] {taskinstance.py:2217} INFO - Executing <Task(PythonOperator): train_and_log_models> on 2025-05-28 10:37:21.692604+00:00
[2025-05-28T10:37:22.946+0000] {standard_task_runner.py:60} INFO - Started process 4326 to run task
[2025-05-28T10:37:22.951+0000] {standard_task_runner.py:87} INFO - Running: ['***', 'tasks', 'run', 'train_ml_models', 'train_and_log_models', 'manual__2025-05-28T10:37:21.692604+00:00', '--job-id', '53', '--raw', '--subdir', 'DAGS_FOLDER/train_models.py', '--cfg-path', '/tmp/tmp03p0jq61']
[2025-05-28T10:37:22.953+0000] {standard_task_runner.py:88} INFO - Job 53: Subtask train_and_log_models
[2025-05-28T10:37:23.015+0000] {task_command.py:423} INFO - Running <TaskInstance: train_ml_models.train_and_log_models manual__2025-05-28T10:37:21.692604+00:00 [running]> on host 119f031f398a
[2025-05-28T10:37:23.081+0000] {taskinstance.py:2513} INFO - Exporting env vars: AIRFLOW_CTX_DAG_OWNER='***' AIRFLOW_CTX_DAG_ID='train_ml_models' AIRFLOW_CTX_TASK_ID='train_and_log_models' AIRFLOW_CTX_EXECUTION_DATE='2025-05-28T10:37:21.692604+00:00' AIRFLOW_CTX_TRY_NUMBER='1' AIRFLOW_CTX_DAG_RUN_ID='manual__2025-05-28T10:37:21.692604+00:00'
[2025-05-28T10:37:24.471+0000] {logging_mixin.py:188} INFO - 📦 Выполняем dvc pull...
[2025-05-28T10:37:24.473+0000] {logging_mixin.py:188} INFO - STDOUT: Everything is up to date.
[2025-05-28T10:37:24.473+0000] {logging_mixin.py:188} INFO - STDERR: 
[2025-05-28T10:37:24.973+0000] {logging_mixin.py:188} INFO - 📦 Logging to MLflow at: http://mlflow:5000
[2025-05-28T10:37:25.122+0000] {logging_mixin.py:188} WARNING - /home/***/.local/lib/python3.8/site-packages/mlflow/data/dataset_source_registry.py:149 UserWarning: Failed to determine whether UCVolumeDatasetSource can resolve source information for '/app/winequality-red.csv'. Exception:
[2025-05-28T10:37:25.122+0000] {logging_mixin.py:188} WARNING - /home/***/.local/lib/python3.8/site-packages/mlflow/data/dataset_source_registry.py:149 UserWarning: The specified dataset source can be interpreted in multiple ways: LocalArtifactDatasetSource, LocalArtifactDatasetSource. MLflow will assume that this is a LocalArtifactDatasetSource source.
[2025-05-28T10:37:25.140+0000] {logging_mixin.py:188} WARNING - /home/***/.local/lib/python3.8/site-packages/mlflow/types/utils.py:407 UserWarning: Hint: Inferred schema contains integer column(s). Integer columns in Python cannot represent missing values. If your input data contains missing values at inference time, it will be encoded as floats and will cause a schema enforcement error. The best way to avoid this problem is to infer the model schema based on a realistic data sample (training dataset) that includes missing values. Alternatively, you can declare integer columns as doubles (float64) whenever these columns may have missing values. See `Handling Integers With Missing Values <https://www.mlflow.org/docs/latest/models.html#handling-integers-with-missing-values>`_ for more details.
[2025-05-28T10:37:25.259+0000] {logging_mixin.py:188} WARNING - /home/***/.local/lib/python3.8/site-packages/sklearn/metrics/_classification.py:1471 UndefinedMetricWarning: Precision is ill-defined and being set to 0.0 in labels with no predicted samples. Use `zero_division` parameter to control this behavior.
[2025-05-28T10:37:25.274+0000] {logging_mixin.py:188} WARNING - /home/***/.local/lib/python3.8/site-packages/sklearn/metrics/_classification.py:1471 UndefinedMetricWarning: Precision and F-score are ill-defined and being set to 0.0 in labels with no predicted samples. Use `zero_division` parameter to control this behavior.
[2025-05-28T10:37:25.276+0000] {logging_mixin.py:188} WARNING - /home/***/.local/lib/python3.8/site-packages/sklearn/metrics/_classification.py:1471 UndefinedMetricWarning: Precision and F-score are ill-defined and being set to 0.0 in labels with no predicted samples. Use `zero_division` parameter to control this behavior.
[2025-05-28T10:37:25.277+0000] {logging_mixin.py:188} WARNING - /home/***/.local/lib/python3.8/site-packages/sklearn/metrics/_classification.py:1471 UndefinedMetricWarning: Precision and F-score are ill-defined and being set to 0.0 in labels with no predicted samples. Use `zero_division` parameter to control this behavior.
[2025-05-28T10:37:25.303+0000] {logging_mixin.py:188} INFO - ✅ Модель LogisticRegression_l1_C_0.1 сохранена и залогирована: /app/artifacts/LogisticRegression_l1_C_0.1.pkl
[2025-05-28T10:37:25.429+0000] {logging_mixin.py:188} WARNING - 2025/05/28 10:37:25 INFO mlflow.tracking._tracking_service.client: 🏃 View run LogisticRegression_l1_C_0.1 at: http://mlflow:5000/#/experiments/1/runs/00dbc8b39d7b440db5c91cc4a426b066.
[2025-05-28T10:37:25.430+0000] {logging_mixin.py:188} WARNING - 2025/05/28 10:37:25 INFO mlflow.tracking._tracking_service.client: 🧪 View experiment at: http://mlflow:5000/#/experiments/1.
[2025-05-28T10:37:25.447+0000] {logging_mixin.py:188} INFO - 📦 Logging to MLflow at: http://mlflow:5000
[2025-05-28T10:37:25.505+0000] {logging_mixin.py:188} WARNING - /home/***/.local/lib/python3.8/site-packages/mlflow/data/dataset_source_registry.py:149 UserWarning: Failed to determine whether UCVolumeDatasetSource can resolve source information for '/app/winequality-red.csv'. Exception:
[2025-05-28T10:37:25.506+0000] {logging_mixin.py:188} WARNING - /home/***/.local/lib/python3.8/site-packages/mlflow/data/dataset_source_registry.py:149 UserWarning: The specified dataset source can be interpreted in multiple ways: LocalArtifactDatasetSource, LocalArtifactDatasetSource. MLflow will assume that this is a LocalArtifactDatasetSource source.
[2025-05-28T10:37:25.525+0000] {logging_mixin.py:188} WARNING - /home/***/.local/lib/python3.8/site-packages/mlflow/types/utils.py:407 UserWarning: Hint: Inferred schema contains integer column(s). Integer columns in Python cannot represent missing values. If your input data contains missing values at inference time, it will be encoded as floats and will cause a schema enforcement error. The best way to avoid this problem is to infer the model schema based on a realistic data sample (training dataset) that includes missing values. Alternatively, you can declare integer columns as doubles (float64) whenever these columns may have missing values. See `Handling Integers With Missing Values <https://www.mlflow.org/docs/latest/models.html#handling-integers-with-missing-values>`_ for more details.
[2025-05-28T10:37:25.565+0000] {logging_mixin.py:188} WARNING - /home/***/.local/lib/python3.8/site-packages/sklearn/metrics/_classification.py:1471 UndefinedMetricWarning: Precision is ill-defined and being set to 0.0 in labels with no predicted samples. Use `zero_division` parameter to control this behavior.
[2025-05-28T10:37:25.577+0000] {logging_mixin.py:188} WARNING - /home/***/.local/lib/python3.8/site-packages/sklearn/metrics/_classification.py:1471 UndefinedMetricWarning: Precision and F-score are ill-defined and being set to 0.0 in labels with no predicted samples. Use `zero_division` parameter to control this behavior.
[2025-05-28T10:37:25.579+0000] {logging_mixin.py:188} WARNING - /home/***/.local/lib/python3.8/site-packages/sklearn/metrics/_classification.py:1471 UndefinedMetricWarning: Precision and F-score are ill-defined and being set to 0.0 in labels with no predicted samples. Use `zero_division` parameter to control this behavior.
[2025-05-28T10:37:25.580+0000] {logging_mixin.py:188} WARNING - /home/***/.local/lib/python3.8/site-packages/sklearn/metrics/_classification.py:1471 UndefinedMetricWarning: Precision and F-score are ill-defined and being set to 0.0 in labels with no predicted samples. Use `zero_division` parameter to control this behavior.
[2025-05-28T10:37:25.595+0000] {logging_mixin.py:188} INFO - ✅ Модель LogisticRegression_l2_C_1.0 сохранена и залогирована: /app/artifacts/LogisticRegression_l2_C_1.0.pkl
[2025-05-28T10:37:25.715+0000] {logging_mixin.py:188} WARNING - 2025/05/28 10:37:25 INFO mlflow.tracking._tracking_service.client: 🏃 View run LogisticRegression_l2_C_1.0 at: http://mlflow:5000/#/experiments/1/runs/076739f6795f4ff5ae465d78cd9171b2.
[2025-05-28T10:37:25.715+0000] {logging_mixin.py:188} WARNING - 2025/05/28 10:37:25 INFO mlflow.tracking._tracking_service.client: 🧪 View experiment at: http://mlflow:5000/#/experiments/1.
[2025-05-28T10:37:25.725+0000] {logging_mixin.py:188} INFO - 📦 Logging to MLflow at: http://mlflow:5000
[2025-05-28T10:37:25.901+0000] {logging_mixin.py:188} WARNING - /home/***/.local/lib/python3.8/site-packages/mlflow/data/dataset_source_registry.py:149 UserWarning: Failed to determine whether UCVolumeDatasetSource can resolve source information for '/app/winequality-red.csv'. Exception:
[2025-05-28T10:37:25.902+0000] {logging_mixin.py:188} WARNING - /home/***/.local/lib/python3.8/site-packages/mlflow/data/dataset_source_registry.py:149 UserWarning: The specified dataset source can be interpreted in multiple ways: LocalArtifactDatasetSource, LocalArtifactDatasetSource. MLflow will assume that this is a LocalArtifactDatasetSource source.
[2025-05-28T10:37:25.934+0000] {logging_mixin.py:188} WARNING - /home/***/.local/lib/python3.8/site-packages/mlflow/types/utils.py:407 UserWarning: Hint: Inferred schema contains integer column(s). Integer columns in Python cannot represent missing values. If your input data contains missing values at inference time, it will be encoded as floats and will cause a schema enforcement error. The best way to avoid this problem is to infer the model schema based on a realistic data sample (training dataset) that includes missing values. Alternatively, you can declare integer columns as doubles (float64) whenever these columns may have missing values. See `Handling Integers With Missing Values <https://www.mlflow.org/docs/latest/models.html#handling-integers-with-missing-values>`_ for more details.
[2025-05-28T10:37:26.001+0000] {logging_mixin.py:188} WARNING - /home/***/.local/lib/python3.8/site-packages/sklearn/metrics/_classification.py:1471 UndefinedMetricWarning: Precision is ill-defined and being set to 0.0 in labels with no predicted samples. Use `zero_division` parameter to control this behavior.
[2025-05-28T10:37:26.019+0000] {logging_mixin.py:188} WARNING - /home/***/.local/lib/python3.8/site-packages/sklearn/metrics/_classification.py:1471 UndefinedMetricWarning: Precision and F-score are ill-defined and being set to 0.0 in labels with no predicted samples. Use `zero_division` parameter to control this behavior.
[2025-05-28T10:37:26.021+0000] {logging_mixin.py:188} WARNING - /home/***/.local/lib/python3.8/site-packages/sklearn/metrics/_classification.py:1471 UndefinedMetricWarning: Precision and F-score are ill-defined and being set to 0.0 in labels with no predicted samples. Use `zero_division` parameter to control this behavior.
[2025-05-28T10:37:26.022+0000] {logging_mixin.py:188} WARNING - /home/***/.local/lib/python3.8/site-packages/sklearn/metrics/_classification.py:1471 UndefinedMetricWarning: Precision and F-score are ill-defined and being set to 0.0 in labels with no predicted samples. Use `zero_division` parameter to control this behavior.
[2025-05-28T10:37:26.038+0000] {logging_mixin.py:188} INFO - ✅ Модель LogisticRegression_l2_C_10.0 сохранена и залогирована: /app/artifacts/LogisticRegression_l2_C_10.0.pkl
[2025-05-28T10:37:26.046+0000] {logging_mixin.py:188} WARNING - 2025/05/28 10:37:26 INFO mlflow.tracking._tracking_service.client: 🏃 View run LogisticRegression_l2_C_10.0 at: http://mlflow:5000/#/experiments/1/runs/3c98ad76316e4c6f8cdb714d90e0da9f.
[2025-05-28T10:37:26.046+0000] {logging_mixin.py:188} WARNING - 2025/05/28 10:37:26 INFO mlflow.tracking._tracking_service.client: 🧪 View experiment at: http://mlflow:5000/#/experiments/1.
[2025-05-28T10:37:26.069+0000] {logging_mixin.py:188} INFO - 📦 Logging to MLflow at: http://mlflow:5000
[2025-05-28T10:37:26.119+0000] {logging_mixin.py:188} WARNING - /home/***/.local/lib/python3.8/site-packages/mlflow/data/dataset_source_registry.py:149 UserWarning: Failed to determine whether UCVolumeDatasetSource can resolve source information for '/app/winequality-red.csv'. Exception:
[2025-05-28T10:37:26.120+0000] {logging_mixin.py:188} WARNING - /home/***/.local/lib/python3.8/site-packages/mlflow/data/dataset_source_registry.py:149 UserWarning: The specified dataset source can be interpreted in multiple ways: LocalArtifactDatasetSource, LocalArtifactDatasetSource. MLflow will assume that this is a LocalArtifactDatasetSource source.
[2025-05-28T10:37:26.133+0000] {logging_mixin.py:188} WARNING - /home/***/.local/lib/python3.8/site-packages/mlflow/types/utils.py:407 UserWarning: Hint: Inferred schema contains integer column(s). Integer columns in Python cannot represent missing values. If your input data contains missing values at inference time, it will be encoded as floats and will cause a schema enforcement error. The best way to avoid this problem is to infer the model schema based on a realistic data sample (training dataset) that includes missing values. Alternatively, you can declare integer columns as doubles (float64) whenever these columns may have missing values. See `Handling Integers With Missing Values <https://www.mlflow.org/docs/latest/models.html#handling-integers-with-missing-values>`_ for more details.
[2025-05-28T10:37:26.170+0000] {logging_mixin.py:188} WARNING - /home/***/.local/lib/python3.8/site-packages/sklearn/metrics/_classification.py:1471 UndefinedMetricWarning: Precision is ill-defined and being set to 0.0 in labels with no predicted samples. Use `zero_division` parameter to control this behavior.
[2025-05-28T10:37:26.196+0000] {logging_mixin.py:188} WARNING - /home/***/.local/lib/python3.8/site-packages/sklearn/metrics/_classification.py:1471 UndefinedMetricWarning: Precision and F-score are ill-defined and being set to 0.0 in labels with no predicted samples. Use `zero_division` parameter to control this behavior.
[2025-05-28T10:37:26.198+0000] {logging_mixin.py:188} WARNING - /home/***/.local/lib/python3.8/site-packages/sklearn/metrics/_classification.py:1471 UndefinedMetricWarning: Precision and F-score are ill-defined and being set to 0.0 in labels with no predicted samples. Use `zero_division` parameter to control this behavior.
[2025-05-28T10:37:26.199+0000] {logging_mixin.py:188} WARNING - /home/***/.local/lib/python3.8/site-packages/sklearn/metrics/_classification.py:1471 UndefinedMetricWarning: Precision and F-score are ill-defined and being set to 0.0 in labels with no predicted samples. Use `zero_division` parameter to control this behavior.
[2025-05-28T10:37:26.213+0000] {logging_mixin.py:188} INFO - ✅ Модель DecisionTree_depth_3 сохранена и залогирована: /app/artifacts/DecisionTree_depth_3.pkl
[2025-05-28T10:37:26.222+0000] {logging_mixin.py:188} WARNING - 2025/05/28 10:37:26 INFO mlflow.tracking._tracking_service.client: 🏃 View run DecisionTree_depth_3 at: http://mlflow:5000/#/experiments/1/runs/417d45e7ccda416bbb7c1afce1b48bb1.
[2025-05-28T10:37:26.222+0000] {logging_mixin.py:188} WARNING - 2025/05/28 10:37:26 INFO mlflow.tracking._tracking_service.client: 🧪 View experiment at: http://mlflow:5000/#/experiments/1.
[2025-05-28T10:37:26.229+0000] {logging_mixin.py:188} INFO - 📦 Logging to MLflow at: http://mlflow:5000
[2025-05-28T10:37:26.264+0000] {logging_mixin.py:188} WARNING - /home/***/.local/lib/python3.8/site-packages/mlflow/data/dataset_source_registry.py:149 UserWarning: Failed to determine whether UCVolumeDatasetSource can resolve source information for '/app/winequality-red.csv'. Exception:
[2025-05-28T10:37:26.265+0000] {logging_mixin.py:188} WARNING - /home/***/.local/lib/python3.8/site-packages/mlflow/data/dataset_source_registry.py:149 UserWarning: The specified dataset source can be interpreted in multiple ways: LocalArtifactDatasetSource, LocalArtifactDatasetSource. MLflow will assume that this is a LocalArtifactDatasetSource source.
[2025-05-28T10:37:26.279+0000] {logging_mixin.py:188} WARNING - /home/***/.local/lib/python3.8/site-packages/mlflow/types/utils.py:407 UserWarning: Hint: Inferred schema contains integer column(s). Integer columns in Python cannot represent missing values. If your input data contains missing values at inference time, it will be encoded as floats and will cause a schema enforcement error. The best way to avoid this problem is to infer the model schema based on a realistic data sample (training dataset) that includes missing values. Alternatively, you can declare integer columns as doubles (float64) whenever these columns may have missing values. See `Handling Integers With Missing Values <https://www.mlflow.org/docs/latest/models.html#handling-integers-with-missing-values>`_ for more details.
[2025-05-28T10:37:26.301+0000] {logging_mixin.py:188} WARNING - /home/***/.local/lib/python3.8/site-packages/sklearn/metrics/_classification.py:1471 UndefinedMetricWarning: Precision is ill-defined and being set to 0.0 in labels with no predicted samples. Use `zero_division` parameter to control this behavior.
[2025-05-28T10:37:26.320+0000] {logging_mixin.py:188} WARNING - /home/***/.local/lib/python3.8/site-packages/sklearn/metrics/_classification.py:1471 UndefinedMetricWarning: Precision and F-score are ill-defined and being set to 0.0 in labels with no predicted samples. Use `zero_division` parameter to control this behavior.
[2025-05-28T10:37:26.323+0000] {logging_mixin.py:188} WARNING - /home/***/.local/lib/python3.8/site-packages/sklearn/metrics/_classification.py:1471 UndefinedMetricWarning: Precision and F-score are ill-defined and being set to 0.0 in labels with no predicted samples. Use `zero_division` parameter to control this behavior.
[2025-05-28T10:37:26.324+0000] {logging_mixin.py:188} WARNING - /home/***/.local/lib/python3.8/site-packages/sklearn/metrics/_classification.py:1471 UndefinedMetricWarning: Precision and F-score are ill-defined and being set to 0.0 in labels with no predicted samples. Use `zero_division` parameter to control this behavior.
[2025-05-28T10:37:26.343+0000] {logging_mixin.py:188} INFO - ✅ Модель DecisionTree_depth_5 сохранена и залогирована: /app/artifacts/DecisionTree_depth_5.pkl
[2025-05-28T10:37:26.355+0000] {logging_mixin.py:188} WARNING - 2025/05/28 10:37:26 INFO mlflow.tracking._tracking_service.client: 🏃 View run DecisionTree_depth_5 at: http://mlflow:5000/#/experiments/1/runs/0040b3ba6dab43488b20680832a0e11e.
[2025-05-28T10:37:26.358+0000] {logging_mixin.py:188} WARNING - 2025/05/28 10:37:26 INFO mlflow.tracking._tracking_service.client: 🧪 View experiment at: http://mlflow:5000/#/experiments/1.
[2025-05-28T10:37:26.379+0000] {logging_mixin.py:188} INFO - 📦 Logging to MLflow at: http://mlflow:5000
[2025-05-28T10:37:26.486+0000] {logging_mixin.py:188} WARNING - /home/***/.local/lib/python3.8/site-packages/mlflow/data/dataset_source_registry.py:149 UserWarning: Failed to determine whether UCVolumeDatasetSource can resolve source information for '/app/winequality-red.csv'. Exception:
[2025-05-28T10:37:26.487+0000] {logging_mixin.py:188} WARNING - /home/***/.local/lib/python3.8/site-packages/mlflow/data/dataset_source_registry.py:149 UserWarning: The specified dataset source can be interpreted in multiple ways: LocalArtifactDatasetSource, LocalArtifactDatasetSource. MLflow will assume that this is a LocalArtifactDatasetSource source.
[2025-05-28T10:37:26.506+0000] {logging_mixin.py:188} WARNING - /home/***/.local/lib/python3.8/site-packages/mlflow/types/utils.py:407 UserWarning: Hint: Inferred schema contains integer column(s). Integer columns in Python cannot represent missing values. If your input data contains missing values at inference time, it will be encoded as floats and will cause a schema enforcement error. The best way to avoid this problem is to infer the model schema based on a realistic data sample (training dataset) that includes missing values. Alternatively, you can declare integer columns as doubles (float64) whenever these columns may have missing values. See `Handling Integers With Missing Values <https://www.mlflow.org/docs/latest/models.html#handling-integers-with-missing-values>`_ for more details.
[2025-05-28T10:37:26.545+0000] {logging_mixin.py:188} WARNING - /home/***/.local/lib/python3.8/site-packages/sklearn/metrics/_classification.py:1471 UndefinedMetricWarning: Precision is ill-defined and being set to 0.0 in labels with no predicted samples. Use `zero_division` parameter to control this behavior.
[2025-05-28T10:37:26.569+0000] {logging_mixin.py:188} WARNING - /home/***/.local/lib/python3.8/site-packages/sklearn/metrics/_classification.py:1471 UndefinedMetricWarning: Precision and F-score are ill-defined and being set to 0.0 in labels with no predicted samples. Use `zero_division` parameter to control this behavior.
[2025-05-28T10:37:26.571+0000] {logging_mixin.py:188} WARNING - /home/***/.local/lib/python3.8/site-packages/sklearn/metrics/_classification.py:1471 UndefinedMetricWarning: Precision and F-score are ill-defined and being set to 0.0 in labels with no predicted samples. Use `zero_division` parameter to control this behavior.
[2025-05-28T10:37:26.572+0000] {logging_mixin.py:188} WARNING - /home/***/.local/lib/python3.8/site-packages/sklearn/metrics/_classification.py:1471 UndefinedMetricWarning: Precision and F-score are ill-defined and being set to 0.0 in labels with no predicted samples. Use `zero_division` parameter to control this behavior.
[2025-05-28T10:37:26.591+0000] {logging_mixin.py:188} INFO - ✅ Модель DecisionTree_gini_depth_7 сохранена и залогирована: /app/artifacts/DecisionTree_gini_depth_7.pkl
[2025-05-28T10:37:26.604+0000] {logging_mixin.py:188} WARNING - 2025/05/28 10:37:26 INFO mlflow.tracking._tracking_service.client: 🏃 View run DecisionTree_gini_depth_7 at: http://mlflow:5000/#/experiments/1/runs/5af697dc601f46ce9b3735fbbfa88ae6.
[2025-05-28T10:37:26.605+0000] {logging_mixin.py:188} WARNING - 2025/05/28 10:37:26 INFO mlflow.tracking._tracking_service.client: 🧪 View experiment at: http://mlflow:5000/#/experiments/1.
[2025-05-28T10:37:26.610+0000] {logging_mixin.py:188} INFO - 📦 Logging to MLflow at: http://mlflow:5000
[2025-05-28T10:37:26.663+0000] {logging_mixin.py:188} WARNING - /home/***/.local/lib/python3.8/site-packages/mlflow/data/dataset_source_registry.py:149 UserWarning: Failed to determine whether UCVolumeDatasetSource can resolve source information for '/app/winequality-red.csv'. Exception:
[2025-05-28T10:37:26.664+0000] {logging_mixin.py:188} WARNING - /home/***/.local/lib/python3.8/site-packages/mlflow/data/dataset_source_registry.py:149 UserWarning: The specified dataset source can be interpreted in multiple ways: LocalArtifactDatasetSource, LocalArtifactDatasetSource. MLflow will assume that this is a LocalArtifactDatasetSource source.
[2025-05-28T10:37:26.684+0000] {logging_mixin.py:188} WARNING - /home/***/.local/lib/python3.8/site-packages/mlflow/types/utils.py:407 UserWarning: Hint: Inferred schema contains integer column(s). Integer columns in Python cannot represent missing values. If your input data contains missing values at inference time, it will be encoded as floats and will cause a schema enforcement error. The best way to avoid this problem is to infer the model schema based on a realistic data sample (training dataset) that includes missing values. Alternatively, you can declare integer columns as doubles (float64) whenever these columns may have missing values. See `Handling Integers With Missing Values <https://www.mlflow.org/docs/latest/models.html#handling-integers-with-missing-values>`_ for more details.
[2025-05-28T10:37:26.746+0000] {logging_mixin.py:188} INFO - ✅ Модель DecisionTree_entropy_depth_7 сохранена и залогирована: /app/artifacts/DecisionTree_entropy_depth_7.pkl
[2025-05-28T10:37:26.754+0000] {logging_mixin.py:188} WARNING - 2025/05/28 10:37:26 INFO mlflow.tracking._tracking_service.client: 🏃 View run DecisionTree_entropy_depth_7 at: http://mlflow:5000/#/experiments/1/runs/892fab1bdbef4ebdacc39d0558eb5e6b.
[2025-05-28T10:37:26.754+0000] {logging_mixin.py:188} WARNING - 2025/05/28 10:37:26 INFO mlflow.tracking._tracking_service.client: 🧪 View experiment at: http://mlflow:5000/#/experiments/1.
[2025-05-28T10:37:26.764+0000] {logging_mixin.py:188} INFO - 📦 Logging to MLflow at: http://mlflow:5000
[2025-05-28T10:37:26.802+0000] {logging_mixin.py:188} WARNING - /home/***/.local/lib/python3.8/site-packages/mlflow/data/dataset_source_registry.py:149 UserWarning: Failed to determine whether UCVolumeDatasetSource can resolve source information for '/app/winequality-red.csv'. Exception:
[2025-05-28T10:37:26.803+0000] {logging_mixin.py:188} WARNING - /home/***/.local/lib/python3.8/site-packages/mlflow/data/dataset_source_registry.py:149 UserWarning: The specified dataset source can be interpreted in multiple ways: LocalArtifactDatasetSource, LocalArtifactDatasetSource. MLflow will assume that this is a LocalArtifactDatasetSource source.
[2025-05-28T10:37:26.819+0000] {logging_mixin.py:188} WARNING - /home/***/.local/lib/python3.8/site-packages/mlflow/types/utils.py:407 UserWarning: Hint: Inferred schema contains integer column(s). Integer columns in Python cannot represent missing values. If your input data contains missing values at inference time, it will be encoded as floats and will cause a schema enforcement error. The best way to avoid this problem is to infer the model schema based on a realistic data sample (training dataset) that includes missing values. Alternatively, you can declare integer columns as doubles (float64) whenever these columns may have missing values. See `Handling Integers With Missing Values <https://www.mlflow.org/docs/latest/models.html#handling-integers-with-missing-values>`_ for more details.
[2025-05-28T10:37:26.896+0000] {logging_mixin.py:188} WARNING - /home/***/.local/lib/python3.8/site-packages/sklearn/metrics/_classification.py:1471 UndefinedMetricWarning: Precision is ill-defined and being set to 0.0 in labels with no predicted samples. Use `zero_division` parameter to control this behavior.
[2025-05-28T10:37:26.908+0000] {logging_mixin.py:188} WARNING - /home/***/.local/lib/python3.8/site-packages/sklearn/metrics/_classification.py:1471 UndefinedMetricWarning: Precision and F-score are ill-defined and being set to 0.0 in labels with no predicted samples. Use `zero_division` parameter to control this behavior.
[2025-05-28T10:37:26.910+0000] {logging_mixin.py:188} WARNING - /home/***/.local/lib/python3.8/site-packages/sklearn/metrics/_classification.py:1471 UndefinedMetricWarning: Precision and F-score are ill-defined and being set to 0.0 in labels with no predicted samples. Use `zero_division` parameter to control this behavior.
[2025-05-28T10:37:26.911+0000] {logging_mixin.py:188} WARNING - /home/***/.local/lib/python3.8/site-packages/sklearn/metrics/_classification.py:1471 UndefinedMetricWarning: Precision and F-score are ill-defined and being set to 0.0 in labels with no predicted samples. Use `zero_division` parameter to control this behavior.
[2025-05-28T10:37:26.949+0000] {logging_mixin.py:188} INFO - ✅ Модель RandomForest_50 сохранена и залогирована: /app/artifacts/RandomForest_50.pkl
[2025-05-28T10:37:26.957+0000] {logging_mixin.py:188} WARNING - 2025/05/28 10:37:26 INFO mlflow.tracking._tracking_service.client: 🏃 View run RandomForest_50 at: http://mlflow:5000/#/experiments/1/runs/8a69b533e47342d295944af8ad554182.
[2025-05-28T10:37:26.957+0000] {logging_mixin.py:188} WARNING - 2025/05/28 10:37:26 INFO mlflow.tracking._tracking_service.client: 🧪 View experiment at: http://mlflow:5000/#/experiments/1.
[2025-05-28T10:37:26.963+0000] {logging_mixin.py:188} INFO - 📦 Logging to MLflow at: http://mlflow:5000
[2025-05-28T10:37:27.008+0000] {logging_mixin.py:188} WARNING - /home/***/.local/lib/python3.8/site-packages/mlflow/data/dataset_source_registry.py:149 UserWarning: Failed to determine whether UCVolumeDatasetSource can resolve source information for '/app/winequality-red.csv'. Exception:
[2025-05-28T10:37:27.009+0000] {logging_mixin.py:188} WARNING - /home/***/.local/lib/python3.8/site-packages/mlflow/data/dataset_source_registry.py:149 UserWarning: The specified dataset source can be interpreted in multiple ways: LocalArtifactDatasetSource, LocalArtifactDatasetSource. MLflow will assume that this is a LocalArtifactDatasetSource source.
[2025-05-28T10:37:27.023+0000] {logging_mixin.py:188} WARNING - /home/***/.local/lib/python3.8/site-packages/mlflow/types/utils.py:407 UserWarning: Hint: Inferred schema contains integer column(s). Integer columns in Python cannot represent missing values. If your input data contains missing values at inference time, it will be encoded as floats and will cause a schema enforcement error. The best way to avoid this problem is to infer the model schema based on a realistic data sample (training dataset) that includes missing values. Alternatively, you can declare integer columns as doubles (float64) whenever these columns may have missing values. See `Handling Integers With Missing Values <https://www.mlflow.org/docs/latest/models.html#handling-integers-with-missing-values>`_ for more details.
[2025-05-28T10:37:27.246+0000] {logging_mixin.py:188} WARNING - /home/***/.local/lib/python3.8/site-packages/sklearn/metrics/_classification.py:1471 UndefinedMetricWarning: Precision is ill-defined and being set to 0.0 in labels with no predicted samples. Use `zero_division` parameter to control this behavior.
[2025-05-28T10:37:27.272+0000] {logging_mixin.py:188} WARNING - /home/***/.local/lib/python3.8/site-packages/sklearn/metrics/_classification.py:1471 UndefinedMetricWarning: Precision and F-score are ill-defined and being set to 0.0 in labels with no predicted samples. Use `zero_division` parameter to control this behavior.
[2025-05-28T10:37:27.275+0000] {logging_mixin.py:188} WARNING - /home/***/.local/lib/python3.8/site-packages/sklearn/metrics/_classification.py:1471 UndefinedMetricWarning: Precision and F-score are ill-defined and being set to 0.0 in labels with no predicted samples. Use `zero_division` parameter to control this behavior.
[2025-05-28T10:37:27.277+0000] {logging_mixin.py:188} WARNING - /home/***/.local/lib/python3.8/site-packages/sklearn/metrics/_classification.py:1471 UndefinedMetricWarning: Precision and F-score are ill-defined and being set to 0.0 in labels with no predicted samples. Use `zero_division` parameter to control this behavior.
[2025-05-28T10:37:27.385+0000] {logging_mixin.py:188} INFO - ✅ Модель RandomForest_100 сохранена и залогирована: /app/artifacts/RandomForest_100.pkl
[2025-05-28T10:37:27.423+0000] {logging_mixin.py:188} WARNING - 2025/05/28 10:37:27 INFO mlflow.tracking._tracking_service.client: 🏃 View run RandomForest_100 at: http://mlflow:5000/#/experiments/1/runs/0c9485730c4948748bdc2ff40b980e2f.
[2025-05-28T10:37:27.423+0000] {logging_mixin.py:188} WARNING - 2025/05/28 10:37:27 INFO mlflow.tracking._tracking_service.client: 🧪 View experiment at: http://mlflow:5000/#/experiments/1.
[2025-05-28T10:37:27.436+0000] {logging_mixin.py:188} INFO - 📦 Logging to MLflow at: http://mlflow:5000
[2025-05-28T10:37:27.610+0000] {logging_mixin.py:188} WARNING - /home/***/.local/lib/python3.8/site-packages/mlflow/data/dataset_source_registry.py:149 UserWarning: Failed to determine whether UCVolumeDatasetSource can resolve source information for '/app/winequality-red.csv'. Exception:
[2025-05-28T10:37:27.613+0000] {logging_mixin.py:188} WARNING - /home/***/.local/lib/python3.8/site-packages/mlflow/data/dataset_source_registry.py:149 UserWarning: The specified dataset source can be interpreted in multiple ways: LocalArtifactDatasetSource, LocalArtifactDatasetSource. MLflow will assume that this is a LocalArtifactDatasetSource source.
[2025-05-28T10:37:27.682+0000] {logging_mixin.py:188} WARNING - /home/***/.local/lib/python3.8/site-packages/mlflow/types/utils.py:407 UserWarning: Hint: Inferred schema contains integer column(s). Integer columns in Python cannot represent missing values. If your input data contains missing values at inference time, it will be encoded as floats and will cause a schema enforcement error. The best way to avoid this problem is to infer the model schema based on a realistic data sample (training dataset) that includes missing values. Alternatively, you can declare integer columns as doubles (float64) whenever these columns may have missing values. See `Handling Integers With Missing Values <https://www.mlflow.org/docs/latest/models.html#handling-integers-with-missing-values>`_ for more details.
[2025-05-28T10:37:28.874+0000] {logging_mixin.py:188} WARNING - /home/***/.local/lib/python3.8/site-packages/sklearn/metrics/_classification.py:1471 UndefinedMetricWarning: Precision is ill-defined and being set to 0.0 in labels with no predicted samples. Use `zero_division` parameter to control this behavior.
[2025-05-28T10:37:28.987+0000] {logging_mixin.py:188} WARNING - /home/***/.local/lib/python3.8/site-packages/sklearn/metrics/_classification.py:1471 UndefinedMetricWarning: Precision and F-score are ill-defined and being set to 0.0 in labels with no predicted samples. Use `zero_division` parameter to control this behavior.
[2025-05-28T10:37:28.998+0000] {logging_mixin.py:188} WARNING - /home/***/.local/lib/python3.8/site-packages/sklearn/metrics/_classification.py:1471 UndefinedMetricWarning: Precision and F-score are ill-defined and being set to 0.0 in labels with no predicted samples. Use `zero_division` parameter to control this behavior.
[2025-05-28T10:37:29.002+0000] {logging_mixin.py:188} WARNING - /home/***/.local/lib/python3.8/site-packages/sklearn/metrics/_classification.py:1471 UndefinedMetricWarning: Precision and F-score are ill-defined and being set to 0.0 in labels with no predicted samples. Use `zero_division` parameter to control this behavior.
[2025-05-28T10:37:29.575+0000] {logging_mixin.py:188} INFO - ✅ Модель RandomForest_200_depth_None сохранена и залогирована: /app/artifacts/RandomForest_200_depth_None.pkl
[2025-05-28T10:37:29.683+0000] {logging_mixin.py:188} WARNING - 2025/05/28 10:37:29 INFO mlflow.tracking._tracking_service.client: 🏃 View run RandomForest_200_depth_None at: http://mlflow:5000/#/experiments/1/runs/14402d57bebb43efbc5a60d237e6e76f.
[2025-05-28T10:37:29.684+0000] {logging_mixin.py:188} WARNING - 2025/05/28 10:37:29 INFO mlflow.tracking._tracking_service.client: 🧪 View experiment at: http://mlflow:5000/#/experiments/1.
[2025-05-28T10:37:29.733+0000] {python.py:202} INFO - Done. Returned value was: None
[2025-05-28T10:37:29.799+0000] {taskinstance.py:1149} INFO - Marking task as SUCCESS. dag_id=train_ml_models, task_id=train_and_log_models, execution_date=20250528T103721, start_date=20250528T103722, end_date=20250528T103729
[2025-05-28T10:37:29.869+0000] {local_task_job_runner.py:234} INFO - Task exited with return code 0
[2025-05-28T10:37:29.918+0000] {taskinstance.py:3312} INFO - 0 downstream tasks scheduled from follow-on schedule check
