[2025-05-28T06:25:40.267+0000] {taskinstance.py:1979} INFO - Dependencies all met for dep_context=non-requeueable deps ti=<TaskInstance: train_ml_models.train_and_log_models manual__2025-05-28T06:25:36.504469+00:00 [queued]>
[2025-05-28T06:25:40.274+0000] {taskinstance.py:1979} INFO - Dependencies all met for dep_context=requeueable deps ti=<TaskInstance: train_ml_models.train_and_log_models manual__2025-05-28T06:25:36.504469+00:00 [queued]>
[2025-05-28T06:25:40.275+0000] {taskinstance.py:2193} INFO - Starting attempt 1 of 2
[2025-05-28T06:25:40.286+0000] {taskinstance.py:2217} INFO - Executing <Task(PythonOperator): train_and_log_models> on 2025-05-28 06:25:36.504469+00:00
[2025-05-28T06:25:40.302+0000] {standard_task_runner.py:60} INFO - Started process 706 to run task
[2025-05-28T06:25:40.307+0000] {standard_task_runner.py:87} INFO - Running: ['***', 'tasks', 'run', 'train_ml_models', 'train_and_log_models', 'manual__2025-05-28T06:25:36.504469+00:00', '--job-id', '3', '--raw', '--subdir', 'DAGS_FOLDER/train_models_old.py', '--cfg-path', '/tmp/tmp2obxfw3a']
[2025-05-28T06:25:40.311+0000] {standard_task_runner.py:88} INFO - Job 3: Subtask train_and_log_models
[2025-05-28T06:25:40.377+0000] {task_command.py:423} INFO - Running <TaskInstance: train_ml_models.train_and_log_models manual__2025-05-28T06:25:36.504469+00:00 [running]> on host 6b3404098da3
[2025-05-28T06:25:40.445+0000] {taskinstance.py:2513} INFO - Exporting env vars: AIRFLOW_CTX_DAG_OWNER='***' AIRFLOW_CTX_DAG_ID='train_ml_models' AIRFLOW_CTX_TASK_ID='train_and_log_models' AIRFLOW_CTX_EXECUTION_DATE='2025-05-28T06:25:36.504469+00:00' AIRFLOW_CTX_TRY_NUMBER='1' AIRFLOW_CTX_DAG_RUN_ID='manual__2025-05-28T06:25:36.504469+00:00'
[2025-05-28T06:25:46.696+0000] {logging_mixin.py:188} INFO - 🧪 Выполняем dvc pull...
[2025-05-28T06:25:46.707+0000] {logging_mixin.py:188} INFO - STDOUT: Everything is up to date.
[2025-05-28T06:25:46.708+0000] {logging_mixin.py:188} INFO - STDERR: 
[2025-05-28T06:25:49.604+0000] {logging_mixin.py:188} WARNING - /home/***/.local/lib/python3.8/site-packages/sklearn/linear_model/_logistic.py:460 ConvergenceWarning: lbfgs failed to converge (status=1):
STOP: TOTAL NO. of ITERATIONS REACHED LIMIT.

Increase the number of iterations (max_iter) or scale the data as shown in:
    https://scikit-learn.org/stable/modules/preprocessing.html
Please also refer to the documentation for alternative solver options:
    https://scikit-learn.org/stable/modules/linear_model.html#logistic-regression
[2025-05-28T06:25:49.737+0000] {logging_mixin.py:188} INFO - ✅ Модель LogisticRegression сохранена и залогирована: /app/artifacts/LogisticRegression.pkl
[2025-05-28T06:25:49.857+0000] {logging_mixin.py:188} INFO - ✅ Модель DecisionTree сохранена и залогирована: /app/artifacts/DecisionTree.pkl
[2025-05-28T06:25:50.342+0000] {logging_mixin.py:188} INFO - ✅ Модель RandomForest сохранена и залогирована: /app/artifacts/RandomForest.pkl
[2025-05-28T06:25:50.349+0000] {python.py:202} INFO - Done. Returned value was: None
[2025-05-28T06:25:50.392+0000] {taskinstance.py:1149} INFO - Marking task as SUCCESS. dag_id=train_ml_models, task_id=train_and_log_models, execution_date=20250528T062536, start_date=20250528T062540, end_date=20250528T062550
[2025-05-28T06:25:50.478+0000] {local_task_job_runner.py:234} INFO - Task exited with return code 0
[2025-05-28T06:25:50.556+0000] {taskinstance.py:3312} INFO - 0 downstream tasks scheduled from follow-on schedule check
