[2025-05-28T04:19:34.047+0000] {taskinstance.py:1979} INFO - Dependencies all met for dep_context=non-requeueable deps ti=<TaskInstance: train_ml_models.train_and_log_models manual__2025-05-28T04:19:31.350575+00:00 [queued]>
[2025-05-28T04:19:34.052+0000] {taskinstance.py:1979} INFO - Dependencies all met for dep_context=requeueable deps ti=<TaskInstance: train_ml_models.train_and_log_models manual__2025-05-28T04:19:31.350575+00:00 [queued]>
[2025-05-28T04:19:34.052+0000] {taskinstance.py:2193} INFO - Starting attempt 1 of 2
[2025-05-28T04:19:34.060+0000] {taskinstance.py:2217} INFO - Executing <Task(PythonOperator): train_and_log_models> on 2025-05-28 04:19:31.350575+00:00
[2025-05-28T04:19:34.075+0000] {standard_task_runner.py:60} INFO - Started process 57205 to run task
[2025-05-28T04:19:34.079+0000] {standard_task_runner.py:87} INFO - Running: ['***', 'tasks', 'run', 'train_ml_models', 'train_and_log_models', 'manual__2025-05-28T04:19:31.350575+00:00', '--job-id', '94', '--raw', '--subdir', 'DAGS_FOLDER/train_models.py', '--cfg-path', '/tmp/tmp8zjc3mqp']
[2025-05-28T04:19:34.083+0000] {standard_task_runner.py:88} INFO - Job 94: Subtask train_and_log_models
[2025-05-28T04:19:34.138+0000] {task_command.py:423} INFO - Running <TaskInstance: train_ml_models.train_and_log_models manual__2025-05-28T04:19:31.350575+00:00 [running]> on host c98d9169a537
[2025-05-28T04:19:34.193+0000] {taskinstance.py:2513} INFO - Exporting env vars: AIRFLOW_CTX_DAG_OWNER='***' AIRFLOW_CTX_DAG_ID='train_ml_models' AIRFLOW_CTX_TASK_ID='train_and_log_models' AIRFLOW_CTX_EXECUTION_DATE='2025-05-28T04:19:31.350575+00:00' AIRFLOW_CTX_TRY_NUMBER='1' AIRFLOW_CTX_DAG_RUN_ID='manual__2025-05-28T04:19:31.350575+00:00'
[2025-05-28T04:19:37.935+0000] {logging_mixin.py:188} INFO - 🧪 Выполняем dvc pull...
[2025-05-28T04:19:37.941+0000] {logging_mixin.py:188} INFO - STDOUT: Everything is up to date.
[2025-05-28T04:19:37.942+0000] {logging_mixin.py:188} INFO - STDERR: 
[2025-05-28T04:19:38.026+0000] {file_store.py:331} WARNING - Malformed experiment 'artifacts'. Detailed error Yaml file '/app/mlruns/artifacts/meta.yaml' does not exist.
Traceback (most recent call last):
  File "/home/airflow/.local/lib/python3.8/site-packages/mlflow/store/tracking/file_store.py", line 327, in search_experiments
    exp = self._get_experiment(exp_id, view_type)
  File "/home/airflow/.local/lib/python3.8/site-packages/mlflow/store/tracking/file_store.py", line 421, in _get_experiment
    meta = FileStore._read_yaml(experiment_dir, FileStore.META_DATA_FILE_NAME)
  File "/home/airflow/.local/lib/python3.8/site-packages/mlflow/store/tracking/file_store.py", line 1367, in _read_yaml
    return _read_helper(root, file_name, attempts_remaining=retries)
  File "/home/airflow/.local/lib/python3.8/site-packages/mlflow/store/tracking/file_store.py", line 1360, in _read_helper
    result = read_yaml(root, file_name)
  File "/home/airflow/.local/lib/python3.8/site-packages/mlflow/utils/file_utils.py", line 309, in read_yaml
    raise MissingConfigException(f"Yaml file '{file_path}' does not exist.")
mlflow.exceptions.MissingConfigException: Yaml file '/app/mlruns/artifacts/meta.yaml' does not exist.
[2025-05-28T04:19:38.545+0000] {logging_mixin.py:188} WARNING - /home/***/.local/lib/python3.8/site-packages/sklearn/metrics/_classification.py:1471 UndefinedMetricWarning: Precision is ill-defined and being set to 0.0 in labels with no predicted samples. Use `zero_division` parameter to control this behavior.
[2025-05-28T04:19:38.567+0000] {logging_mixin.py:188} WARNING - /home/***/.local/lib/python3.8/site-packages/sklearn/metrics/_classification.py:1471 UndefinedMetricWarning: Precision and F-score are ill-defined and being set to 0.0 in labels with no predicted samples. Use `zero_division` parameter to control this behavior.
[2025-05-28T04:19:38.570+0000] {logging_mixin.py:188} WARNING - /home/***/.local/lib/python3.8/site-packages/sklearn/metrics/_classification.py:1471 UndefinedMetricWarning: Precision and F-score are ill-defined and being set to 0.0 in labels with no predicted samples. Use `zero_division` parameter to control this behavior.
[2025-05-28T04:19:38.572+0000] {logging_mixin.py:188} WARNING - /home/***/.local/lib/python3.8/site-packages/sklearn/metrics/_classification.py:1471 UndefinedMetricWarning: Precision and F-score are ill-defined and being set to 0.0 in labels with no predicted samples. Use `zero_division` parameter to control this behavior.
[2025-05-28T04:19:38.673+0000] {logging_mixin.py:188} INFO - ✅ Модель LogisticRegression_l1_C_0.1 сохранена и залогирована: /app/artifacts/LogisticRegression_l1_C_0.1.pkl
[2025-05-28T04:19:38.967+0000] {logging_mixin.py:188} WARNING - /home/***/.local/lib/python3.8/site-packages/sklearn/metrics/_classification.py:1471 UndefinedMetricWarning: Precision is ill-defined and being set to 0.0 in labels with no predicted samples. Use `zero_division` parameter to control this behavior.
[2025-05-28T04:19:38.988+0000] {logging_mixin.py:188} WARNING - /home/***/.local/lib/python3.8/site-packages/sklearn/metrics/_classification.py:1471 UndefinedMetricWarning: Precision and F-score are ill-defined and being set to 0.0 in labels with no predicted samples. Use `zero_division` parameter to control this behavior.
[2025-05-28T04:19:38.991+0000] {logging_mixin.py:188} WARNING - /home/***/.local/lib/python3.8/site-packages/sklearn/metrics/_classification.py:1471 UndefinedMetricWarning: Precision and F-score are ill-defined and being set to 0.0 in labels with no predicted samples. Use `zero_division` parameter to control this behavior.
[2025-05-28T04:19:38.994+0000] {logging_mixin.py:188} WARNING - /home/***/.local/lib/python3.8/site-packages/sklearn/metrics/_classification.py:1471 UndefinedMetricWarning: Precision and F-score are ill-defined and being set to 0.0 in labels with no predicted samples. Use `zero_division` parameter to control this behavior.
[2025-05-28T04:19:39.036+0000] {logging_mixin.py:188} INFO - ✅ Модель LogisticRegression_l2_C_1.0 сохранена и залогирована: /app/artifacts/LogisticRegression_l2_C_1.0.pkl
[2025-05-28T04:19:39.462+0000] {logging_mixin.py:188} WARNING - /home/***/.local/lib/python3.8/site-packages/sklearn/metrics/_classification.py:1471 UndefinedMetricWarning: Precision is ill-defined and being set to 0.0 in labels with no predicted samples. Use `zero_division` parameter to control this behavior.
[2025-05-28T04:19:39.494+0000] {logging_mixin.py:188} WARNING - /home/***/.local/lib/python3.8/site-packages/sklearn/metrics/_classification.py:1471 UndefinedMetricWarning: Precision and F-score are ill-defined and being set to 0.0 in labels with no predicted samples. Use `zero_division` parameter to control this behavior.
[2025-05-28T04:19:39.508+0000] {logging_mixin.py:188} WARNING - /home/***/.local/lib/python3.8/site-packages/sklearn/metrics/_classification.py:1471 UndefinedMetricWarning: Precision and F-score are ill-defined and being set to 0.0 in labels with no predicted samples. Use `zero_division` parameter to control this behavior.
[2025-05-28T04:19:39.513+0000] {logging_mixin.py:188} WARNING - /home/***/.local/lib/python3.8/site-packages/sklearn/metrics/_classification.py:1471 UndefinedMetricWarning: Precision and F-score are ill-defined and being set to 0.0 in labels with no predicted samples. Use `zero_division` parameter to control this behavior.
[2025-05-28T04:19:39.668+0000] {logging_mixin.py:188} INFO - ✅ Модель LogisticRegression_l2_C_10.0 сохранена и залогирована: /app/artifacts/LogisticRegression_l2_C_10.0.pkl
[2025-05-28T04:19:39.879+0000] {logging_mixin.py:188} WARNING - /home/***/.local/lib/python3.8/site-packages/sklearn/metrics/_classification.py:1471 UndefinedMetricWarning: Precision is ill-defined and being set to 0.0 in labels with no predicted samples. Use `zero_division` parameter to control this behavior.
[2025-05-28T04:19:39.893+0000] {logging_mixin.py:188} WARNING - /home/***/.local/lib/python3.8/site-packages/sklearn/metrics/_classification.py:1471 UndefinedMetricWarning: Precision and F-score are ill-defined and being set to 0.0 in labels with no predicted samples. Use `zero_division` parameter to control this behavior.
[2025-05-28T04:19:39.897+0000] {logging_mixin.py:188} WARNING - /home/***/.local/lib/python3.8/site-packages/sklearn/metrics/_classification.py:1471 UndefinedMetricWarning: Precision and F-score are ill-defined and being set to 0.0 in labels with no predicted samples. Use `zero_division` parameter to control this behavior.
[2025-05-28T04:19:39.901+0000] {logging_mixin.py:188} WARNING - /home/***/.local/lib/python3.8/site-packages/sklearn/metrics/_classification.py:1471 UndefinedMetricWarning: Precision and F-score are ill-defined and being set to 0.0 in labels with no predicted samples. Use `zero_division` parameter to control this behavior.
[2025-05-28T04:19:39.935+0000] {logging_mixin.py:188} INFO - ✅ Модель DecisionTree_depth_3 сохранена и залогирована: /app/artifacts/DecisionTree_depth_3.pkl
[2025-05-28T04:19:40.051+0000] {logging_mixin.py:188} WARNING - /home/***/.local/lib/python3.8/site-packages/sklearn/metrics/_classification.py:1471 UndefinedMetricWarning: Precision is ill-defined and being set to 0.0 in labels with no predicted samples. Use `zero_division` parameter to control this behavior.
[2025-05-28T04:19:40.069+0000] {logging_mixin.py:188} WARNING - /home/***/.local/lib/python3.8/site-packages/sklearn/metrics/_classification.py:1471 UndefinedMetricWarning: Precision and F-score are ill-defined and being set to 0.0 in labels with no predicted samples. Use `zero_division` parameter to control this behavior.
[2025-05-28T04:19:40.071+0000] {logging_mixin.py:188} WARNING - /home/***/.local/lib/python3.8/site-packages/sklearn/metrics/_classification.py:1471 UndefinedMetricWarning: Precision and F-score are ill-defined and being set to 0.0 in labels with no predicted samples. Use `zero_division` parameter to control this behavior.
[2025-05-28T04:19:40.073+0000] {logging_mixin.py:188} WARNING - /home/***/.local/lib/python3.8/site-packages/sklearn/metrics/_classification.py:1471 UndefinedMetricWarning: Precision and F-score are ill-defined and being set to 0.0 in labels with no predicted samples. Use `zero_division` parameter to control this behavior.
[2025-05-28T04:19:40.109+0000] {logging_mixin.py:188} INFO - ✅ Модель DecisionTree_depth_5 сохранена и залогирована: /app/artifacts/DecisionTree_depth_5.pkl
[2025-05-28T04:19:40.290+0000] {logging_mixin.py:188} INFO - ✅ Модель DecisionTree_gini_depth_7 сохранена и залогирована: /app/artifacts/DecisionTree_gini_depth_7.pkl
[2025-05-28T04:19:40.446+0000] {logging_mixin.py:188} INFO - ✅ Модель DecisionTree_entropy_depth_7 сохранена и залогирована: /app/artifacts/DecisionTree_entropy_depth_7.pkl
[2025-05-28T04:19:40.678+0000] {logging_mixin.py:188} WARNING - /home/***/.local/lib/python3.8/site-packages/sklearn/metrics/_classification.py:1471 UndefinedMetricWarning: Precision is ill-defined and being set to 0.0 in labels with no predicted samples. Use `zero_division` parameter to control this behavior.
[2025-05-28T04:19:40.690+0000] {logging_mixin.py:188} WARNING - /home/***/.local/lib/python3.8/site-packages/sklearn/metrics/_classification.py:1471 UndefinedMetricWarning: Precision and F-score are ill-defined and being set to 0.0 in labels with no predicted samples. Use `zero_division` parameter to control this behavior.
[2025-05-28T04:19:40.692+0000] {logging_mixin.py:188} WARNING - /home/***/.local/lib/python3.8/site-packages/sklearn/metrics/_classification.py:1471 UndefinedMetricWarning: Precision and F-score are ill-defined and being set to 0.0 in labels with no predicted samples. Use `zero_division` parameter to control this behavior.
[2025-05-28T04:19:40.693+0000] {logging_mixin.py:188} WARNING - /home/***/.local/lib/python3.8/site-packages/sklearn/metrics/_classification.py:1471 UndefinedMetricWarning: Precision and F-score are ill-defined and being set to 0.0 in labels with no predicted samples. Use `zero_division` parameter to control this behavior.
[2025-05-28T04:19:40.764+0000] {logging_mixin.py:188} INFO - ✅ Модель RandomForest_50 сохранена и залогирована: /app/artifacts/RandomForest_50.pkl
[2025-05-28T04:19:41.012+0000] {logging_mixin.py:188} WARNING - /home/***/.local/lib/python3.8/site-packages/sklearn/metrics/_classification.py:1471 UndefinedMetricWarning: Precision is ill-defined and being set to 0.0 in labels with no predicted samples. Use `zero_division` parameter to control this behavior.
[2025-05-28T04:19:41.024+0000] {logging_mixin.py:188} WARNING - /home/***/.local/lib/python3.8/site-packages/sklearn/metrics/_classification.py:1471 UndefinedMetricWarning: Precision and F-score are ill-defined and being set to 0.0 in labels with no predicted samples. Use `zero_division` parameter to control this behavior.
[2025-05-28T04:19:41.026+0000] {logging_mixin.py:188} WARNING - /home/***/.local/lib/python3.8/site-packages/sklearn/metrics/_classification.py:1471 UndefinedMetricWarning: Precision and F-score are ill-defined and being set to 0.0 in labels with no predicted samples. Use `zero_division` parameter to control this behavior.
[2025-05-28T04:19:41.027+0000] {logging_mixin.py:188} WARNING - /home/***/.local/lib/python3.8/site-packages/sklearn/metrics/_classification.py:1471 UndefinedMetricWarning: Precision and F-score are ill-defined and being set to 0.0 in labels with no predicted samples. Use `zero_division` parameter to control this behavior.
[2025-05-28T04:19:41.138+0000] {logging_mixin.py:188} INFO - ✅ Модель RandomForest_100 сохранена и залогирована: /app/artifacts/RandomForest_100.pkl
[2025-05-28T04:19:41.791+0000] {logging_mixin.py:188} WARNING - /home/***/.local/lib/python3.8/site-packages/sklearn/metrics/_classification.py:1471 UndefinedMetricWarning: Precision is ill-defined and being set to 0.0 in labels with no predicted samples. Use `zero_division` parameter to control this behavior.
[2025-05-28T04:19:41.808+0000] {logging_mixin.py:188} WARNING - /home/***/.local/lib/python3.8/site-packages/sklearn/metrics/_classification.py:1471 UndefinedMetricWarning: Precision and F-score are ill-defined and being set to 0.0 in labels with no predicted samples. Use `zero_division` parameter to control this behavior.
[2025-05-28T04:19:41.810+0000] {logging_mixin.py:188} WARNING - /home/***/.local/lib/python3.8/site-packages/sklearn/metrics/_classification.py:1471 UndefinedMetricWarning: Precision and F-score are ill-defined and being set to 0.0 in labels with no predicted samples. Use `zero_division` parameter to control this behavior.
[2025-05-28T04:19:41.812+0000] {logging_mixin.py:188} WARNING - /home/***/.local/lib/python3.8/site-packages/sklearn/metrics/_classification.py:1471 UndefinedMetricWarning: Precision and F-score are ill-defined and being set to 0.0 in labels with no predicted samples. Use `zero_division` parameter to control this behavior.
[2025-05-28T04:19:42.058+0000] {logging_mixin.py:188} INFO - ✅ Модель RandomForest_200_depth_None сохранена и залогирована: /app/artifacts/RandomForest_200_depth_None.pkl
[2025-05-28T04:19:42.067+0000] {python.py:202} INFO - Done. Returned value was: None
[2025-05-28T04:19:42.117+0000] {taskinstance.py:1149} INFO - Marking task as SUCCESS. dag_id=train_ml_models, task_id=train_and_log_models, execution_date=20250528T041931, start_date=20250528T041934, end_date=20250528T041942
[2025-05-28T04:19:42.197+0000] {local_task_job_runner.py:234} INFO - Task exited with return code 0
[2025-05-28T04:19:42.228+0000] {taskinstance.py:3312} INFO - 0 downstream tasks scheduled from follow-on schedule check
