[2025-05-28T09:21:22.197+0000] {taskinstance.py:1979} INFO - Dependencies all met for dep_context=non-requeueable deps ti=<TaskInstance: train_ml_models.train_and_log_models manual__2025-05-28T09:21:20.067534+00:00 [queued]>
[2025-05-28T09:21:22.200+0000] {taskinstance.py:1979} INFO - Dependencies all met for dep_context=requeueable deps ti=<TaskInstance: train_ml_models.train_and_log_models manual__2025-05-28T09:21:20.067534+00:00 [queued]>
[2025-05-28T09:21:22.201+0000] {taskinstance.py:2193} INFO - Starting attempt 1 of 2
[2025-05-28T09:21:22.208+0000] {taskinstance.py:2217} INFO - Executing <Task(PythonOperator): train_and_log_models> on 2025-05-28 09:21:20.067534+00:00
[2025-05-28T09:21:22.220+0000] {standard_task_runner.py:60} INFO - Started process 13094 to run task
[2025-05-28T09:21:22.224+0000] {standard_task_runner.py:87} INFO - Running: ['***', 'tasks', 'run', 'train_ml_models', 'train_and_log_models', 'manual__2025-05-28T09:21:20.067534+00:00', '--job-id', '26', '--raw', '--subdir', 'DAGS_FOLDER/train_models.py', '--cfg-path', '/tmp/tmp208hmyum']
[2025-05-28T09:21:22.227+0000] {standard_task_runner.py:88} INFO - Job 26: Subtask train_and_log_models
[2025-05-28T09:21:22.285+0000] {task_command.py:423} INFO - Running <TaskInstance: train_ml_models.train_and_log_models manual__2025-05-28T09:21:20.067534+00:00 [running]> on host bbc28cef36b5
[2025-05-28T09:21:22.334+0000] {taskinstance.py:2513} INFO - Exporting env vars: AIRFLOW_CTX_DAG_OWNER='***' AIRFLOW_CTX_DAG_ID='train_ml_models' AIRFLOW_CTX_TASK_ID='train_and_log_models' AIRFLOW_CTX_EXECUTION_DATE='2025-05-28T09:21:20.067534+00:00' AIRFLOW_CTX_TRY_NUMBER='1' AIRFLOW_CTX_DAG_RUN_ID='manual__2025-05-28T09:21:20.067534+00:00'
[2025-05-28T09:21:24.263+0000] {logging_mixin.py:188} INFO - 📦 Выполняем dvc pull...
[2025-05-28T09:21:24.269+0000] {logging_mixin.py:188} INFO - STDOUT: Everything is up to date.
[2025-05-28T09:21:24.269+0000] {logging_mixin.py:188} INFO - STDERR: 
[2025-05-28T09:21:25.938+0000] {logging_mixin.py:188} INFO - 📦 Logging to MLflow at: http://mlflow:5000
[2025-05-28T09:21:27.772+0000] {logging_mixin.py:188} WARNING - /home/***/.local/lib/python3.8/site-packages/sklearn/metrics/_classification.py:1471 UndefinedMetricWarning: Precision is ill-defined and being set to 0.0 in labels with no predicted samples. Use `zero_division` parameter to control this behavior.
[2025-05-28T09:21:27.858+0000] {logging_mixin.py:188} WARNING - /home/***/.local/lib/python3.8/site-packages/sklearn/metrics/_classification.py:1471 UndefinedMetricWarning: Precision and F-score are ill-defined and being set to 0.0 in labels with no predicted samples. Use `zero_division` parameter to control this behavior.
[2025-05-28T09:21:27.863+0000] {logging_mixin.py:188} WARNING - /home/***/.local/lib/python3.8/site-packages/sklearn/metrics/_classification.py:1471 UndefinedMetricWarning: Precision and F-score are ill-defined and being set to 0.0 in labels with no predicted samples. Use `zero_division` parameter to control this behavior.
[2025-05-28T09:21:27.869+0000] {logging_mixin.py:188} WARNING - /home/***/.local/lib/python3.8/site-packages/sklearn/metrics/_classification.py:1471 UndefinedMetricWarning: Precision and F-score are ill-defined and being set to 0.0 in labels with no predicted samples. Use `zero_division` parameter to control this behavior.
[2025-05-28T09:21:28.033+0000] {logging_mixin.py:188} INFO - ✅ Модель LogisticRegression_l1_C_0.1 сохранена и залогирована: /app/artifacts/LogisticRegression_l1_C_0.1.pkl
[2025-05-28T09:21:28.075+0000] {logging_mixin.py:188} WARNING - 2025/05/28 09:21:28 INFO mlflow.tracking._tracking_service.client: 🏃 View run LogisticRegression_l1_C_0.1 at: http://mlflow:5000/#/experiments/1/runs/7f0fc17d6dde4856a280bbf4a6ba0266.
[2025-05-28T09:21:28.076+0000] {logging_mixin.py:188} WARNING - 2025/05/28 09:21:28 INFO mlflow.tracking._tracking_service.client: 🧪 View experiment at: http://mlflow:5000/#/experiments/1.
[2025-05-28T09:21:28.219+0000] {logging_mixin.py:188} INFO - 📦 Logging to MLflow at: http://mlflow:5000
[2025-05-28T09:21:29.484+0000] {logging_mixin.py:188} WARNING - /home/***/.local/lib/python3.8/site-packages/sklearn/metrics/_classification.py:1471 UndefinedMetricWarning: Precision is ill-defined and being set to 0.0 in labels with no predicted samples. Use `zero_division` parameter to control this behavior.
[2025-05-28T09:21:29.563+0000] {logging_mixin.py:188} WARNING - /home/***/.local/lib/python3.8/site-packages/sklearn/metrics/_classification.py:1471 UndefinedMetricWarning: Precision and F-score are ill-defined and being set to 0.0 in labels with no predicted samples. Use `zero_division` parameter to control this behavior.
[2025-05-28T09:21:29.575+0000] {logging_mixin.py:188} WARNING - /home/***/.local/lib/python3.8/site-packages/sklearn/metrics/_classification.py:1471 UndefinedMetricWarning: Precision and F-score are ill-defined and being set to 0.0 in labels with no predicted samples. Use `zero_division` parameter to control this behavior.
[2025-05-28T09:21:29.584+0000] {logging_mixin.py:188} WARNING - /home/***/.local/lib/python3.8/site-packages/sklearn/metrics/_classification.py:1471 UndefinedMetricWarning: Precision and F-score are ill-defined and being set to 0.0 in labels with no predicted samples. Use `zero_division` parameter to control this behavior.
[2025-05-28T09:21:29.647+0000] {logging_mixin.py:188} INFO - ✅ Модель LogisticRegression_l2_C_1.0 сохранена и залогирована: /app/artifacts/LogisticRegression_l2_C_1.0.pkl
[2025-05-28T09:21:29.667+0000] {logging_mixin.py:188} WARNING - 2025/05/28 09:21:29 INFO mlflow.tracking._tracking_service.client: 🏃 View run LogisticRegression_l2_C_1.0 at: http://mlflow:5000/#/experiments/1/runs/3ac39ad0da0141baa9ba86130d2c103f.
[2025-05-28T09:21:29.667+0000] {logging_mixin.py:188} WARNING - 2025/05/28 09:21:29 INFO mlflow.tracking._tracking_service.client: 🧪 View experiment at: http://mlflow:5000/#/experiments/1.
[2025-05-28T09:21:29.676+0000] {logging_mixin.py:188} INFO - 📦 Logging to MLflow at: http://mlflow:5000
[2025-05-28T09:21:30.749+0000] {logging_mixin.py:188} WARNING - /home/***/.local/lib/python3.8/site-packages/sklearn/metrics/_classification.py:1471 UndefinedMetricWarning: Precision is ill-defined and being set to 0.0 in labels with no predicted samples. Use `zero_division` parameter to control this behavior.
[2025-05-28T09:21:30.769+0000] {logging_mixin.py:188} WARNING - /home/***/.local/lib/python3.8/site-packages/sklearn/metrics/_classification.py:1471 UndefinedMetricWarning: Precision and F-score are ill-defined and being set to 0.0 in labels with no predicted samples. Use `zero_division` parameter to control this behavior.
[2025-05-28T09:21:30.771+0000] {logging_mixin.py:188} WARNING - /home/***/.local/lib/python3.8/site-packages/sklearn/metrics/_classification.py:1471 UndefinedMetricWarning: Precision and F-score are ill-defined and being set to 0.0 in labels with no predicted samples. Use `zero_division` parameter to control this behavior.
[2025-05-28T09:21:30.772+0000] {logging_mixin.py:188} WARNING - /home/***/.local/lib/python3.8/site-packages/sklearn/metrics/_classification.py:1471 UndefinedMetricWarning: Precision and F-score are ill-defined and being set to 0.0 in labels with no predicted samples. Use `zero_division` parameter to control this behavior.
[2025-05-28T09:21:30.817+0000] {logging_mixin.py:188} INFO - ✅ Модель LogisticRegression_l2_C_10.0 сохранена и залогирована: /app/artifacts/LogisticRegression_l2_C_10.0.pkl
[2025-05-28T09:21:30.834+0000] {logging_mixin.py:188} WARNING - 2025/05/28 09:21:30 INFO mlflow.tracking._tracking_service.client: 🏃 View run LogisticRegression_l2_C_10.0 at: http://mlflow:5000/#/experiments/1/runs/53b1cd884b9a4c32ac3d910bbd2fa940.
[2025-05-28T09:21:30.834+0000] {logging_mixin.py:188} WARNING - 2025/05/28 09:21:30 INFO mlflow.tracking._tracking_service.client: 🧪 View experiment at: http://mlflow:5000/#/experiments/1.
[2025-05-28T09:21:30.844+0000] {logging_mixin.py:188} INFO - 📦 Logging to MLflow at: http://mlflow:5000
[2025-05-28T09:21:31.904+0000] {logging_mixin.py:188} WARNING - /home/***/.local/lib/python3.8/site-packages/sklearn/metrics/_classification.py:1471 UndefinedMetricWarning: Precision is ill-defined and being set to 0.0 in labels with no predicted samples. Use `zero_division` parameter to control this behavior.
[2025-05-28T09:21:31.939+0000] {logging_mixin.py:188} WARNING - /home/***/.local/lib/python3.8/site-packages/sklearn/metrics/_classification.py:1471 UndefinedMetricWarning: Precision and F-score are ill-defined and being set to 0.0 in labels with no predicted samples. Use `zero_division` parameter to control this behavior.
[2025-05-28T09:21:31.943+0000] {logging_mixin.py:188} WARNING - /home/***/.local/lib/python3.8/site-packages/sklearn/metrics/_classification.py:1471 UndefinedMetricWarning: Precision and F-score are ill-defined and being set to 0.0 in labels with no predicted samples. Use `zero_division` parameter to control this behavior.
[2025-05-28T09:21:31.945+0000] {logging_mixin.py:188} WARNING - /home/***/.local/lib/python3.8/site-packages/sklearn/metrics/_classification.py:1471 UndefinedMetricWarning: Precision and F-score are ill-defined and being set to 0.0 in labels with no predicted samples. Use `zero_division` parameter to control this behavior.
[2025-05-28T09:21:31.991+0000] {logging_mixin.py:188} INFO - ✅ Модель DecisionTree_depth_3 сохранена и залогирована: /app/artifacts/DecisionTree_depth_3.pkl
[2025-05-28T09:21:32.035+0000] {logging_mixin.py:188} WARNING - 2025/05/28 09:21:32 INFO mlflow.tracking._tracking_service.client: 🏃 View run DecisionTree_depth_3 at: http://mlflow:5000/#/experiments/1/runs/6259f9c46b24487a8c2911fb975d3466.
[2025-05-28T09:21:32.036+0000] {logging_mixin.py:188} WARNING - 2025/05/28 09:21:32 INFO mlflow.tracking._tracking_service.client: 🧪 View experiment at: http://mlflow:5000/#/experiments/1.
[2025-05-28T09:21:32.115+0000] {logging_mixin.py:188} INFO - 📦 Logging to MLflow at: http://mlflow:5000
[2025-05-28T09:21:33.159+0000] {logging_mixin.py:188} WARNING - /home/***/.local/lib/python3.8/site-packages/sklearn/metrics/_classification.py:1471 UndefinedMetricWarning: Precision is ill-defined and being set to 0.0 in labels with no predicted samples. Use `zero_division` parameter to control this behavior.
[2025-05-28T09:21:33.198+0000] {logging_mixin.py:188} WARNING - /home/***/.local/lib/python3.8/site-packages/sklearn/metrics/_classification.py:1471 UndefinedMetricWarning: Precision and F-score are ill-defined and being set to 0.0 in labels with no predicted samples. Use `zero_division` parameter to control this behavior.
[2025-05-28T09:21:33.200+0000] {logging_mixin.py:188} WARNING - /home/***/.local/lib/python3.8/site-packages/sklearn/metrics/_classification.py:1471 UndefinedMetricWarning: Precision and F-score are ill-defined and being set to 0.0 in labels with no predicted samples. Use `zero_division` parameter to control this behavior.
[2025-05-28T09:21:33.202+0000] {logging_mixin.py:188} WARNING - /home/***/.local/lib/python3.8/site-packages/sklearn/metrics/_classification.py:1471 UndefinedMetricWarning: Precision and F-score are ill-defined and being set to 0.0 in labels with no predicted samples. Use `zero_division` parameter to control this behavior.
[2025-05-28T09:21:33.239+0000] {logging_mixin.py:188} INFO - ✅ Модель DecisionTree_depth_5 сохранена и залогирована: /app/artifacts/DecisionTree_depth_5.pkl
[2025-05-28T09:21:33.249+0000] {logging_mixin.py:188} WARNING - 2025/05/28 09:21:33 INFO mlflow.tracking._tracking_service.client: 🏃 View run DecisionTree_depth_5 at: http://mlflow:5000/#/experiments/1/runs/40773678758d4af3b750b7976d99455a.
[2025-05-28T09:21:33.249+0000] {logging_mixin.py:188} WARNING - 2025/05/28 09:21:33 INFO mlflow.tracking._tracking_service.client: 🧪 View experiment at: http://mlflow:5000/#/experiments/1.
[2025-05-28T09:21:33.265+0000] {logging_mixin.py:188} INFO - 📦 Logging to MLflow at: http://mlflow:5000
[2025-05-28T09:21:34.400+0000] {logging_mixin.py:188} INFO - ✅ Модель DecisionTree_gini_depth_7 сохранена и залогирована: /app/artifacts/DecisionTree_gini_depth_7.pkl
[2025-05-28T09:21:34.433+0000] {logging_mixin.py:188} WARNING - 2025/05/28 09:21:34 INFO mlflow.tracking._tracking_service.client: 🏃 View run DecisionTree_gini_depth_7 at: http://mlflow:5000/#/experiments/1/runs/64c4c77563f549dbbf94e6d1cd69bd14.
[2025-05-28T09:21:34.433+0000] {logging_mixin.py:188} WARNING - 2025/05/28 09:21:34 INFO mlflow.tracking._tracking_service.client: 🧪 View experiment at: http://mlflow:5000/#/experiments/1.
[2025-05-28T09:21:34.441+0000] {logging_mixin.py:188} INFO - 📦 Logging to MLflow at: http://mlflow:5000
[2025-05-28T09:21:35.208+0000] {logging_mixin.py:188} INFO - ✅ Модель DecisionTree_entropy_depth_7 сохранена и залогирована: /app/artifacts/DecisionTree_entropy_depth_7.pkl
[2025-05-28T09:21:35.235+0000] {logging_mixin.py:188} WARNING - 2025/05/28 09:21:35 INFO mlflow.tracking._tracking_service.client: 🏃 View run DecisionTree_entropy_depth_7 at: http://mlflow:5000/#/experiments/1/runs/ef55ad06e62b4ad69748830f9d1904d4.
[2025-05-28T09:21:35.235+0000] {logging_mixin.py:188} WARNING - 2025/05/28 09:21:35 INFO mlflow.tracking._tracking_service.client: 🧪 View experiment at: http://mlflow:5000/#/experiments/1.
[2025-05-28T09:21:35.246+0000] {logging_mixin.py:188} INFO - 📦 Logging to MLflow at: http://mlflow:5000
[2025-05-28T09:21:36.035+0000] {logging_mixin.py:188} WARNING - /home/***/.local/lib/python3.8/site-packages/sklearn/metrics/_classification.py:1471 UndefinedMetricWarning: Precision is ill-defined and being set to 0.0 in labels with no predicted samples. Use `zero_division` parameter to control this behavior.
[2025-05-28T09:21:36.084+0000] {logging_mixin.py:188} WARNING - /home/***/.local/lib/python3.8/site-packages/sklearn/metrics/_classification.py:1471 UndefinedMetricWarning: Precision and F-score are ill-defined and being set to 0.0 in labels with no predicted samples. Use `zero_division` parameter to control this behavior.
[2025-05-28T09:21:36.087+0000] {logging_mixin.py:188} WARNING - /home/***/.local/lib/python3.8/site-packages/sklearn/metrics/_classification.py:1471 UndefinedMetricWarning: Precision and F-score are ill-defined and being set to 0.0 in labels with no predicted samples. Use `zero_division` parameter to control this behavior.
[2025-05-28T09:21:36.089+0000] {logging_mixin.py:188} WARNING - /home/***/.local/lib/python3.8/site-packages/sklearn/metrics/_classification.py:1471 UndefinedMetricWarning: Precision and F-score are ill-defined and being set to 0.0 in labels with no predicted samples. Use `zero_division` parameter to control this behavior.
[2025-05-28T09:21:36.176+0000] {logging_mixin.py:188} INFO - ✅ Модель RandomForest_50 сохранена и залогирована: /app/artifacts/RandomForest_50.pkl
[2025-05-28T09:21:36.188+0000] {logging_mixin.py:188} WARNING - 2025/05/28 09:21:36 INFO mlflow.tracking._tracking_service.client: 🏃 View run RandomForest_50 at: http://mlflow:5000/#/experiments/1/runs/05a9173745c44118986fe6070e99e57e.
[2025-05-28T09:21:36.188+0000] {logging_mixin.py:188} WARNING - 2025/05/28 09:21:36 INFO mlflow.tracking._tracking_service.client: 🧪 View experiment at: http://mlflow:5000/#/experiments/1.
[2025-05-28T09:21:36.198+0000] {logging_mixin.py:188} INFO - 📦 Logging to MLflow at: http://mlflow:5000
[2025-05-28T09:21:37.078+0000] {logging_mixin.py:188} WARNING - /home/***/.local/lib/python3.8/site-packages/sklearn/metrics/_classification.py:1471 UndefinedMetricWarning: Precision is ill-defined and being set to 0.0 in labels with no predicted samples. Use `zero_division` parameter to control this behavior.
[2025-05-28T09:21:37.095+0000] {logging_mixin.py:188} WARNING - /home/***/.local/lib/python3.8/site-packages/sklearn/metrics/_classification.py:1471 UndefinedMetricWarning: Precision and F-score are ill-defined and being set to 0.0 in labels with no predicted samples. Use `zero_division` parameter to control this behavior.
[2025-05-28T09:21:37.097+0000] {logging_mixin.py:188} WARNING - /home/***/.local/lib/python3.8/site-packages/sklearn/metrics/_classification.py:1471 UndefinedMetricWarning: Precision and F-score are ill-defined and being set to 0.0 in labels with no predicted samples. Use `zero_division` parameter to control this behavior.
[2025-05-28T09:21:37.099+0000] {logging_mixin.py:188} WARNING - /home/***/.local/lib/python3.8/site-packages/sklearn/metrics/_classification.py:1471 UndefinedMetricWarning: Precision and F-score are ill-defined and being set to 0.0 in labels with no predicted samples. Use `zero_division` parameter to control this behavior.
[2025-05-28T09:21:37.210+0000] {logging_mixin.py:188} INFO - ✅ Модель RandomForest_100 сохранена и залогирована: /app/artifacts/RandomForest_100.pkl
[2025-05-28T09:21:37.219+0000] {logging_mixin.py:188} WARNING - 2025/05/28 09:21:37 INFO mlflow.tracking._tracking_service.client: 🏃 View run RandomForest_100 at: http://mlflow:5000/#/experiments/1/runs/898b2392acf241d3a2e3fff62758a1a2.
[2025-05-28T09:21:37.220+0000] {logging_mixin.py:188} WARNING - 2025/05/28 09:21:37 INFO mlflow.tracking._tracking_service.client: 🧪 View experiment at: http://mlflow:5000/#/experiments/1.
[2025-05-28T09:21:37.227+0000] {logging_mixin.py:188} INFO - 📦 Logging to MLflow at: http://mlflow:5000
[2025-05-28T09:21:38.585+0000] {logging_mixin.py:188} WARNING - /home/***/.local/lib/python3.8/site-packages/sklearn/metrics/_classification.py:1471 UndefinedMetricWarning: Precision is ill-defined and being set to 0.0 in labels with no predicted samples. Use `zero_division` parameter to control this behavior.
[2025-05-28T09:21:38.654+0000] {logging_mixin.py:188} WARNING - /home/***/.local/lib/python3.8/site-packages/sklearn/metrics/_classification.py:1471 UndefinedMetricWarning: Precision and F-score are ill-defined and being set to 0.0 in labels with no predicted samples. Use `zero_division` parameter to control this behavior.
[2025-05-28T09:21:38.657+0000] {logging_mixin.py:188} WARNING - /home/***/.local/lib/python3.8/site-packages/sklearn/metrics/_classification.py:1471 UndefinedMetricWarning: Precision and F-score are ill-defined and being set to 0.0 in labels with no predicted samples. Use `zero_division` parameter to control this behavior.
[2025-05-28T09:21:38.658+0000] {logging_mixin.py:188} WARNING - /home/***/.local/lib/python3.8/site-packages/sklearn/metrics/_classification.py:1471 UndefinedMetricWarning: Precision and F-score are ill-defined and being set to 0.0 in labels with no predicted samples. Use `zero_division` parameter to control this behavior.
[2025-05-28T09:21:39.009+0000] {logging_mixin.py:188} INFO - ✅ Модель RandomForest_200_depth_None сохранена и залогирована: /app/artifacts/RandomForest_200_depth_None.pkl
[2025-05-28T09:21:39.030+0000] {logging_mixin.py:188} WARNING - 2025/05/28 09:21:39 INFO mlflow.tracking._tracking_service.client: 🏃 View run RandomForest_200_depth_None at: http://mlflow:5000/#/experiments/1/runs/5f3a2c0685f841ffbed00456a482469d.
[2025-05-28T09:21:39.032+0000] {logging_mixin.py:188} WARNING - 2025/05/28 09:21:39 INFO mlflow.tracking._tracking_service.client: 🧪 View experiment at: http://mlflow:5000/#/experiments/1.
[2025-05-28T09:21:39.054+0000] {python.py:202} INFO - Done. Returned value was: None
[2025-05-28T09:21:39.102+0000] {taskinstance.py:1149} INFO - Marking task as SUCCESS. dag_id=train_ml_models, task_id=train_and_log_models, execution_date=20250528T092120, start_date=20250528T092122, end_date=20250528T092139
[2025-05-28T09:21:39.165+0000] {local_task_job_runner.py:234} INFO - Task exited with return code 0
[2025-05-28T09:21:39.257+0000] {taskinstance.py:3312} INFO - 0 downstream tasks scheduled from follow-on schedule check
