[2025-05-28T08:56:43.692+0000] {taskinstance.py:1979} INFO - Dependencies all met for dep_context=non-requeueable deps ti=<TaskInstance: train_ml_models.train_and_log_models manual__2025-05-28T08:56:40.475726+00:00 [queued]>
[2025-05-28T08:56:43.698+0000] {taskinstance.py:1979} INFO - Dependencies all met for dep_context=requeueable deps ti=<TaskInstance: train_ml_models.train_and_log_models manual__2025-05-28T08:56:40.475726+00:00 [queued]>
[2025-05-28T08:56:43.699+0000] {taskinstance.py:2193} INFO - Starting attempt 1 of 2
[2025-05-28T08:56:43.709+0000] {taskinstance.py:2217} INFO - Executing <Task(PythonOperator): train_and_log_models> on 2025-05-28 08:56:40.475726+00:00
[2025-05-28T08:56:43.718+0000] {standard_task_runner.py:60} INFO - Started process 7909 to run task
[2025-05-28T08:56:43.725+0000] {standard_task_runner.py:87} INFO - Running: ['***', 'tasks', 'run', 'train_ml_models', 'train_and_log_models', 'manual__2025-05-28T08:56:40.475726+00:00', '--job-id', '23', '--raw', '--subdir', 'DAGS_FOLDER/train_models.py', '--cfg-path', '/tmp/tmpab28zn4v']
[2025-05-28T08:56:43.729+0000] {standard_task_runner.py:88} INFO - Job 23: Subtask train_and_log_models
[2025-05-28T08:56:43.768+0000] {task_command.py:423} INFO - Running <TaskInstance: train_ml_models.train_and_log_models manual__2025-05-28T08:56:40.475726+00:00 [running]> on host bbc28cef36b5
[2025-05-28T08:56:43.818+0000] {taskinstance.py:2513} INFO - Exporting env vars: AIRFLOW_CTX_DAG_OWNER='***' AIRFLOW_CTX_DAG_ID='train_ml_models' AIRFLOW_CTX_TASK_ID='train_and_log_models' AIRFLOW_CTX_EXECUTION_DATE='2025-05-28T08:56:40.475726+00:00' AIRFLOW_CTX_TRY_NUMBER='1' AIRFLOW_CTX_DAG_RUN_ID='manual__2025-05-28T08:56:40.475726+00:00'
[2025-05-28T08:56:45.478+0000] {logging_mixin.py:188} INFO - 🧪 Выполняем dvc pull...
[2025-05-28T08:56:45.483+0000] {logging_mixin.py:188} INFO - STDOUT: Everything is up to date.
[2025-05-28T08:56:45.483+0000] {logging_mixin.py:188} INFO - STDERR: 
[2025-05-28T08:56:46.044+0000] {logging_mixin.py:188} INFO - 🧪 Logging to MLflow at: http://mlflow:5000
[2025-05-28T08:56:46.530+0000] {logging_mixin.py:188} WARNING - /home/***/.local/lib/python3.8/site-packages/sklearn/metrics/_classification.py:1471 UndefinedMetricWarning: Precision is ill-defined and being set to 0.0 in labels with no predicted samples. Use `zero_division` parameter to control this behavior.
[2025-05-28T08:56:46.554+0000] {logging_mixin.py:188} WARNING - /home/***/.local/lib/python3.8/site-packages/sklearn/metrics/_classification.py:1471 UndefinedMetricWarning: Precision and F-score are ill-defined and being set to 0.0 in labels with no predicted samples. Use `zero_division` parameter to control this behavior.
[2025-05-28T08:56:46.556+0000] {logging_mixin.py:188} WARNING - /home/***/.local/lib/python3.8/site-packages/sklearn/metrics/_classification.py:1471 UndefinedMetricWarning: Precision and F-score are ill-defined and being set to 0.0 in labels with no predicted samples. Use `zero_division` parameter to control this behavior.
[2025-05-28T08:56:46.557+0000] {logging_mixin.py:188} WARNING - /home/***/.local/lib/python3.8/site-packages/sklearn/metrics/_classification.py:1471 UndefinedMetricWarning: Precision and F-score are ill-defined and being set to 0.0 in labels with no predicted samples. Use `zero_division` parameter to control this behavior.
[2025-05-28T08:56:46.608+0000] {logging_mixin.py:188} INFO - ✅ Модель LogisticRegression_l1_C_0.1 сохранена и залогирована: /app/artifacts/LogisticRegression_l1_C_0.1.pkl
[2025-05-28T08:56:46.620+0000] {logging_mixin.py:188} WARNING - 2025/05/28 08:56:46 INFO mlflow.tracking._tracking_service.client: 🏃 View run LogisticRegression_l1_C_0.1 at: http://mlflow:5000/#/experiments/1/runs/0d1627ba8a42478bb8e82195563019a1.
[2025-05-28T08:56:46.621+0000] {logging_mixin.py:188} WARNING - 2025/05/28 08:56:46 INFO mlflow.tracking._tracking_service.client: 🧪 View experiment at: http://mlflow:5000/#/experiments/1.
[2025-05-28T08:56:46.637+0000] {logging_mixin.py:188} INFO - 🧪 Logging to MLflow at: http://mlflow:5000
[2025-05-28T08:56:46.752+0000] {logging_mixin.py:188} WARNING - /home/***/.local/lib/python3.8/site-packages/sklearn/metrics/_classification.py:1471 UndefinedMetricWarning: Precision is ill-defined and being set to 0.0 in labels with no predicted samples. Use `zero_division` parameter to control this behavior.
[2025-05-28T08:56:46.770+0000] {logging_mixin.py:188} WARNING - /home/***/.local/lib/python3.8/site-packages/sklearn/metrics/_classification.py:1471 UndefinedMetricWarning: Precision and F-score are ill-defined and being set to 0.0 in labels with no predicted samples. Use `zero_division` parameter to control this behavior.
[2025-05-28T08:56:46.772+0000] {logging_mixin.py:188} WARNING - /home/***/.local/lib/python3.8/site-packages/sklearn/metrics/_classification.py:1471 UndefinedMetricWarning: Precision and F-score are ill-defined and being set to 0.0 in labels with no predicted samples. Use `zero_division` parameter to control this behavior.
[2025-05-28T08:56:46.773+0000] {logging_mixin.py:188} WARNING - /home/***/.local/lib/python3.8/site-packages/sklearn/metrics/_classification.py:1471 UndefinedMetricWarning: Precision and F-score are ill-defined and being set to 0.0 in labels with no predicted samples. Use `zero_division` parameter to control this behavior.
[2025-05-28T08:56:46.789+0000] {logging_mixin.py:188} INFO - ✅ Модель LogisticRegression_l2_C_1.0 сохранена и залогирована: /app/artifacts/LogisticRegression_l2_C_1.0.pkl
[2025-05-28T08:56:46.797+0000] {logging_mixin.py:188} WARNING - 2025/05/28 08:56:46 INFO mlflow.tracking._tracking_service.client: 🏃 View run LogisticRegression_l2_C_1.0 at: http://mlflow:5000/#/experiments/1/runs/7f41f74bf67d46d49068874eea4c4017.
[2025-05-28T08:56:46.798+0000] {logging_mixin.py:188} WARNING - 2025/05/28 08:56:46 INFO mlflow.tracking._tracking_service.client: 🧪 View experiment at: http://mlflow:5000/#/experiments/1.
[2025-05-28T08:56:46.868+0000] {logging_mixin.py:188} INFO - 🧪 Logging to MLflow at: http://mlflow:5000
[2025-05-28T08:56:46.973+0000] {logging_mixin.py:188} WARNING - /home/***/.local/lib/python3.8/site-packages/sklearn/metrics/_classification.py:1471 UndefinedMetricWarning: Precision is ill-defined and being set to 0.0 in labels with no predicted samples. Use `zero_division` parameter to control this behavior.
[2025-05-28T08:56:46.986+0000] {logging_mixin.py:188} WARNING - /home/***/.local/lib/python3.8/site-packages/sklearn/metrics/_classification.py:1471 UndefinedMetricWarning: Precision and F-score are ill-defined and being set to 0.0 in labels with no predicted samples. Use `zero_division` parameter to control this behavior.
[2025-05-28T08:56:46.988+0000] {logging_mixin.py:188} WARNING - /home/***/.local/lib/python3.8/site-packages/sklearn/metrics/_classification.py:1471 UndefinedMetricWarning: Precision and F-score are ill-defined and being set to 0.0 in labels with no predicted samples. Use `zero_division` parameter to control this behavior.
[2025-05-28T08:56:46.990+0000] {logging_mixin.py:188} WARNING - /home/***/.local/lib/python3.8/site-packages/sklearn/metrics/_classification.py:1471 UndefinedMetricWarning: Precision and F-score are ill-defined and being set to 0.0 in labels with no predicted samples. Use `zero_division` parameter to control this behavior.
[2025-05-28T08:56:47.014+0000] {logging_mixin.py:188} INFO - ✅ Модель LogisticRegression_l2_C_10.0 сохранена и залогирована: /app/artifacts/LogisticRegression_l2_C_10.0.pkl
[2025-05-28T08:56:47.022+0000] {logging_mixin.py:188} WARNING - 2025/05/28 08:56:47 INFO mlflow.tracking._tracking_service.client: 🏃 View run LogisticRegression_l2_C_10.0 at: http://mlflow:5000/#/experiments/1/runs/d16564bb37b24d15b02c0775aed91940.
[2025-05-28T08:56:47.022+0000] {logging_mixin.py:188} WARNING - 2025/05/28 08:56:47 INFO mlflow.tracking._tracking_service.client: 🧪 View experiment at: http://mlflow:5000/#/experiments/1.
[2025-05-28T08:56:47.028+0000] {logging_mixin.py:188} INFO - 🧪 Logging to MLflow at: http://mlflow:5000
[2025-05-28T08:56:47.098+0000] {logging_mixin.py:188} WARNING - /home/***/.local/lib/python3.8/site-packages/sklearn/metrics/_classification.py:1471 UndefinedMetricWarning: Precision is ill-defined and being set to 0.0 in labels with no predicted samples. Use `zero_division` parameter to control this behavior.
[2025-05-28T08:56:47.111+0000] {logging_mixin.py:188} WARNING - /home/***/.local/lib/python3.8/site-packages/sklearn/metrics/_classification.py:1471 UndefinedMetricWarning: Precision and F-score are ill-defined and being set to 0.0 in labels with no predicted samples. Use `zero_division` parameter to control this behavior.
[2025-05-28T08:56:47.113+0000] {logging_mixin.py:188} WARNING - /home/***/.local/lib/python3.8/site-packages/sklearn/metrics/_classification.py:1471 UndefinedMetricWarning: Precision and F-score are ill-defined and being set to 0.0 in labels with no predicted samples. Use `zero_division` parameter to control this behavior.
[2025-05-28T08:56:47.114+0000] {logging_mixin.py:188} WARNING - /home/***/.local/lib/python3.8/site-packages/sklearn/metrics/_classification.py:1471 UndefinedMetricWarning: Precision and F-score are ill-defined and being set to 0.0 in labels with no predicted samples. Use `zero_division` parameter to control this behavior.
[2025-05-28T08:56:47.136+0000] {logging_mixin.py:188} INFO - ✅ Модель DecisionTree_depth_3 сохранена и залогирована: /app/artifacts/DecisionTree_depth_3.pkl
[2025-05-28T08:56:47.145+0000] {logging_mixin.py:188} WARNING - 2025/05/28 08:56:47 INFO mlflow.tracking._tracking_service.client: 🏃 View run DecisionTree_depth_3 at: http://mlflow:5000/#/experiments/1/runs/3ad306b44e7644daa744cda44351e10f.
[2025-05-28T08:56:47.146+0000] {logging_mixin.py:188} WARNING - 2025/05/28 08:56:47 INFO mlflow.tracking._tracking_service.client: 🧪 View experiment at: http://mlflow:5000/#/experiments/1.
[2025-05-28T08:56:47.153+0000] {logging_mixin.py:188} INFO - 🧪 Logging to MLflow at: http://mlflow:5000
[2025-05-28T08:56:47.206+0000] {logging_mixin.py:188} WARNING - /home/***/.local/lib/python3.8/site-packages/sklearn/metrics/_classification.py:1471 UndefinedMetricWarning: Precision is ill-defined and being set to 0.0 in labels with no predicted samples. Use `zero_division` parameter to control this behavior.
[2025-05-28T08:56:47.222+0000] {logging_mixin.py:188} WARNING - /home/***/.local/lib/python3.8/site-packages/sklearn/metrics/_classification.py:1471 UndefinedMetricWarning: Precision and F-score are ill-defined and being set to 0.0 in labels with no predicted samples. Use `zero_division` parameter to control this behavior.
[2025-05-28T08:56:47.224+0000] {logging_mixin.py:188} WARNING - /home/***/.local/lib/python3.8/site-packages/sklearn/metrics/_classification.py:1471 UndefinedMetricWarning: Precision and F-score are ill-defined and being set to 0.0 in labels with no predicted samples. Use `zero_division` parameter to control this behavior.
[2025-05-28T08:56:47.225+0000] {logging_mixin.py:188} WARNING - /home/***/.local/lib/python3.8/site-packages/sklearn/metrics/_classification.py:1471 UndefinedMetricWarning: Precision and F-score are ill-defined and being set to 0.0 in labels with no predicted samples. Use `zero_division` parameter to control this behavior.
[2025-05-28T08:56:47.240+0000] {logging_mixin.py:188} INFO - ✅ Модель DecisionTree_depth_5 сохранена и залогирована: /app/artifacts/DecisionTree_depth_5.pkl
[2025-05-28T08:56:47.247+0000] {logging_mixin.py:188} WARNING - 2025/05/28 08:56:47 INFO mlflow.tracking._tracking_service.client: 🏃 View run DecisionTree_depth_5 at: http://mlflow:5000/#/experiments/1/runs/d650e1aeac8e40ee95fd32c95b4db987.
[2025-05-28T08:56:47.247+0000] {logging_mixin.py:188} WARNING - 2025/05/28 08:56:47 INFO mlflow.tracking._tracking_service.client: 🧪 View experiment at: http://mlflow:5000/#/experiments/1.
[2025-05-28T08:56:47.257+0000] {logging_mixin.py:188} INFO - 🧪 Logging to MLflow at: http://mlflow:5000
[2025-05-28T08:56:47.339+0000] {logging_mixin.py:188} INFO - ✅ Модель DecisionTree_gini_depth_7 сохранена и залогирована: /app/artifacts/DecisionTree_gini_depth_7.pkl
[2025-05-28T08:56:47.348+0000] {logging_mixin.py:188} WARNING - 2025/05/28 08:56:47 INFO mlflow.tracking._tracking_service.client: 🏃 View run DecisionTree_gini_depth_7 at: http://mlflow:5000/#/experiments/1/runs/010e7b947ed74897b07244762b8330e4.
[2025-05-28T08:56:47.348+0000] {logging_mixin.py:188} WARNING - 2025/05/28 08:56:47 INFO mlflow.tracking._tracking_service.client: 🧪 View experiment at: http://mlflow:5000/#/experiments/1.
[2025-05-28T08:56:47.362+0000] {logging_mixin.py:188} INFO - 🧪 Logging to MLflow at: http://mlflow:5000
[2025-05-28T08:56:47.459+0000] {logging_mixin.py:188} INFO - ✅ Модель DecisionTree_entropy_depth_7 сохранена и залогирована: /app/artifacts/DecisionTree_entropy_depth_7.pkl
[2025-05-28T08:56:47.467+0000] {logging_mixin.py:188} WARNING - 2025/05/28 08:56:47 INFO mlflow.tracking._tracking_service.client: 🏃 View run DecisionTree_entropy_depth_7 at: http://mlflow:5000/#/experiments/1/runs/821329470131449b9437271952080e82.
[2025-05-28T08:56:47.467+0000] {logging_mixin.py:188} WARNING - 2025/05/28 08:56:47 INFO mlflow.tracking._tracking_service.client: 🧪 View experiment at: http://mlflow:5000/#/experiments/1.
[2025-05-28T08:56:47.475+0000] {logging_mixin.py:188} INFO - 🧪 Logging to MLflow at: http://mlflow:5000
[2025-05-28T08:56:47.788+0000] {logging_mixin.py:188} WARNING - /home/***/.local/lib/python3.8/site-packages/sklearn/metrics/_classification.py:1471 UndefinedMetricWarning: Precision is ill-defined and being set to 0.0 in labels with no predicted samples. Use `zero_division` parameter to control this behavior.
[2025-05-28T08:56:47.806+0000] {logging_mixin.py:188} WARNING - /home/***/.local/lib/python3.8/site-packages/sklearn/metrics/_classification.py:1471 UndefinedMetricWarning: Precision and F-score are ill-defined and being set to 0.0 in labels with no predicted samples. Use `zero_division` parameter to control this behavior.
[2025-05-28T08:56:47.808+0000] {logging_mixin.py:188} WARNING - /home/***/.local/lib/python3.8/site-packages/sklearn/metrics/_classification.py:1471 UndefinedMetricWarning: Precision and F-score are ill-defined and being set to 0.0 in labels with no predicted samples. Use `zero_division` parameter to control this behavior.
[2025-05-28T08:56:47.809+0000] {logging_mixin.py:188} WARNING - /home/***/.local/lib/python3.8/site-packages/sklearn/metrics/_classification.py:1471 UndefinedMetricWarning: Precision and F-score are ill-defined and being set to 0.0 in labels with no predicted samples. Use `zero_division` parameter to control this behavior.
[2025-05-28T08:56:47.851+0000] {logging_mixin.py:188} INFO - ✅ Модель RandomForest_50 сохранена и залогирована: /app/artifacts/RandomForest_50.pkl
[2025-05-28T08:56:47.859+0000] {logging_mixin.py:188} WARNING - 2025/05/28 08:56:47 INFO mlflow.tracking._tracking_service.client: 🏃 View run RandomForest_50 at: http://mlflow:5000/#/experiments/1/runs/95290fdf51bb409e90ab749e56da53a2.
[2025-05-28T08:56:47.860+0000] {logging_mixin.py:188} WARNING - 2025/05/28 08:56:47 INFO mlflow.tracking._tracking_service.client: 🧪 View experiment at: http://mlflow:5000/#/experiments/1.
[2025-05-28T08:56:47.870+0000] {logging_mixin.py:188} INFO - 🧪 Logging to MLflow at: http://mlflow:5000
[2025-05-28T08:56:48.113+0000] {logging_mixin.py:188} WARNING - /home/***/.local/lib/python3.8/site-packages/sklearn/metrics/_classification.py:1471 UndefinedMetricWarning: Precision is ill-defined and being set to 0.0 in labels with no predicted samples. Use `zero_division` parameter to control this behavior.
[2025-05-28T08:56:48.125+0000] {logging_mixin.py:188} WARNING - /home/***/.local/lib/python3.8/site-packages/sklearn/metrics/_classification.py:1471 UndefinedMetricWarning: Precision and F-score are ill-defined and being set to 0.0 in labels with no predicted samples. Use `zero_division` parameter to control this behavior.
[2025-05-28T08:56:48.127+0000] {logging_mixin.py:188} WARNING - /home/***/.local/lib/python3.8/site-packages/sklearn/metrics/_classification.py:1471 UndefinedMetricWarning: Precision and F-score are ill-defined and being set to 0.0 in labels with no predicted samples. Use `zero_division` parameter to control this behavior.
[2025-05-28T08:56:48.128+0000] {logging_mixin.py:188} WARNING - /home/***/.local/lib/python3.8/site-packages/sklearn/metrics/_classification.py:1471 UndefinedMetricWarning: Precision and F-score are ill-defined and being set to 0.0 in labels with no predicted samples. Use `zero_division` parameter to control this behavior.
[2025-05-28T08:56:48.203+0000] {logging_mixin.py:188} INFO - ✅ Модель RandomForest_100 сохранена и залогирована: /app/artifacts/RandomForest_100.pkl
[2025-05-28T08:56:48.236+0000] {logging_mixin.py:188} WARNING - 2025/05/28 08:56:48 INFO mlflow.tracking._tracking_service.client: 🏃 View run RandomForest_100 at: http://mlflow:5000/#/experiments/1/runs/79d7ecc0089942e1972396369c54db1b.
[2025-05-28T08:56:48.236+0000] {logging_mixin.py:188} WARNING - 2025/05/28 08:56:48 INFO mlflow.tracking._tracking_service.client: 🧪 View experiment at: http://mlflow:5000/#/experiments/1.
[2025-05-28T08:56:48.245+0000] {logging_mixin.py:188} INFO - 🧪 Logging to MLflow at: http://mlflow:5000
[2025-05-28T08:56:48.832+0000] {logging_mixin.py:188} WARNING - /home/***/.local/lib/python3.8/site-packages/sklearn/metrics/_classification.py:1471 UndefinedMetricWarning: Precision is ill-defined and being set to 0.0 in labels with no predicted samples. Use `zero_division` parameter to control this behavior.
[2025-05-28T08:56:48.873+0000] {logging_mixin.py:188} WARNING - /home/***/.local/lib/python3.8/site-packages/sklearn/metrics/_classification.py:1471 UndefinedMetricWarning: Precision and F-score are ill-defined and being set to 0.0 in labels with no predicted samples. Use `zero_division` parameter to control this behavior.
[2025-05-28T08:56:48.875+0000] {logging_mixin.py:188} WARNING - /home/***/.local/lib/python3.8/site-packages/sklearn/metrics/_classification.py:1471 UndefinedMetricWarning: Precision and F-score are ill-defined and being set to 0.0 in labels with no predicted samples. Use `zero_division` parameter to control this behavior.
[2025-05-28T08:56:48.876+0000] {logging_mixin.py:188} WARNING - /home/***/.local/lib/python3.8/site-packages/sklearn/metrics/_classification.py:1471 UndefinedMetricWarning: Precision and F-score are ill-defined and being set to 0.0 in labels with no predicted samples. Use `zero_division` parameter to control this behavior.
[2025-05-28T08:56:49.089+0000] {logging_mixin.py:188} INFO - ✅ Модель RandomForest_200_depth_None сохранена и залогирована: /app/artifacts/RandomForest_200_depth_None.pkl
[2025-05-28T08:56:49.109+0000] {logging_mixin.py:188} WARNING - 2025/05/28 08:56:49 INFO mlflow.tracking._tracking_service.client: 🏃 View run RandomForest_200_depth_None at: http://mlflow:5000/#/experiments/1/runs/d7a94f1c0cbd4aeba48ecc45466a328c.
[2025-05-28T08:56:49.110+0000] {logging_mixin.py:188} WARNING - 2025/05/28 08:56:49 INFO mlflow.tracking._tracking_service.client: 🧪 View experiment at: http://mlflow:5000/#/experiments/1.
[2025-05-28T08:56:49.124+0000] {python.py:202} INFO - Done. Returned value was: None
[2025-05-28T08:56:49.154+0000] {taskinstance.py:1149} INFO - Marking task as SUCCESS. dag_id=train_ml_models, task_id=train_and_log_models, execution_date=20250528T085640, start_date=20250528T085643, end_date=20250528T085649
[2025-05-28T08:56:49.217+0000] {local_task_job_runner.py:234} INFO - Task exited with return code 0
[2025-05-28T08:56:49.244+0000] {taskinstance.py:3312} INFO - 0 downstream tasks scheduled from follow-on schedule check
