[2025-05-27T17:58:24.349+0000] {taskinstance.py:1979} INFO - Dependencies all met for dep_context=non-requeueable deps ti=<TaskInstance: register_best_model_from_mlflow.select_best_model_from_mlflow manual__2025-05-27T17:58:22.836433+00:00 [queued]>
[2025-05-27T17:58:24.353+0000] {taskinstance.py:1979} INFO - Dependencies all met for dep_context=requeueable deps ti=<TaskInstance: register_best_model_from_mlflow.select_best_model_from_mlflow manual__2025-05-27T17:58:22.836433+00:00 [queued]>
[2025-05-27T17:58:24.353+0000] {taskinstance.py:2193} INFO - Starting attempt 1 of 2
[2025-05-27T17:58:24.359+0000] {taskinstance.py:2217} INFO - Executing <Task(PythonOperator): select_best_model_from_mlflow> on 2025-05-27 17:58:22.836433+00:00
[2025-05-27T17:58:24.363+0000] {standard_task_runner.py:60} INFO - Started process 242 to run task
[2025-05-27T17:58:24.365+0000] {standard_task_runner.py:87} INFO - Running: ['***', 'tasks', 'run', 'register_best_model_from_mlflow', 'select_best_model_from_mlflow', 'manual__2025-05-27T17:58:22.836433+00:00', '--job-id', '91', '--raw', '--subdir', 'DAGS_FOLDER/register_best_model_from_mlflow.py', '--cfg-path', '/tmp/tmpyddg4v66']
[2025-05-27T17:58:24.367+0000] {standard_task_runner.py:88} INFO - Job 91: Subtask select_best_model_from_mlflow
[2025-05-27T17:58:24.406+0000] {task_command.py:423} INFO - Running <TaskInstance: register_best_model_from_mlflow.select_best_model_from_mlflow manual__2025-05-27T17:58:22.836433+00:00 [running]> on host 4135e9377764
[2025-05-27T17:58:24.450+0000] {taskinstance.py:2513} INFO - Exporting env vars: AIRFLOW_CTX_DAG_OWNER='***' AIRFLOW_CTX_DAG_ID='register_best_model_from_mlflow' AIRFLOW_CTX_TASK_ID='select_best_model_from_mlflow' AIRFLOW_CTX_EXECUTION_DATE='2025-05-27T17:58:22.836433+00:00' AIRFLOW_CTX_TRY_NUMBER='1' AIRFLOW_CTX_DAG_RUN_ID='manual__2025-05-27T17:58:22.836433+00:00'
[2025-05-27T17:58:24.451+0000] {logging_mixin.py:188} INFO - 🔄 Using updated DAG version — logging active.
[2025-05-27T17:58:24.454+0000] {file_store.py:331} WARNING - Malformed experiment 'artifacts'. Detailed error Yaml file '/app/mlruns/artifacts/meta.yaml' does not exist.
Traceback (most recent call last):
  File "/home/airflow/.local/lib/python3.8/site-packages/mlflow/store/tracking/file_store.py", line 327, in search_experiments
    exp = self._get_experiment(exp_id, view_type)
  File "/home/airflow/.local/lib/python3.8/site-packages/mlflow/store/tracking/file_store.py", line 421, in _get_experiment
    meta = FileStore._read_yaml(experiment_dir, FileStore.META_DATA_FILE_NAME)
  File "/home/airflow/.local/lib/python3.8/site-packages/mlflow/store/tracking/file_store.py", line 1367, in _read_yaml
    return _read_helper(root, file_name, attempts_remaining=retries)
  File "/home/airflow/.local/lib/python3.8/site-packages/mlflow/store/tracking/file_store.py", line 1360, in _read_helper
    result = read_yaml(root, file_name)
  File "/home/airflow/.local/lib/python3.8/site-packages/mlflow/utils/file_utils.py", line 309, in read_yaml
    raise MissingConfigException(f"Yaml file '{file_path}' does not exist.")
mlflow.exceptions.MissingConfigException: Yaml file '/app/mlruns/artifacts/meta.yaml' does not exist.
[2025-05-27T17:58:24.659+0000] {logging_mixin.py:188} INFO - 🏆 Лучшая модель: run_id=5e6de49a3e4e4bd58de779f780f2e972, f1_score=0.578932408097367
[2025-05-27T17:58:24.666+0000] {logging_mixin.py:188} INFO - ✅ Модель скопирована: /app/artifacts/best_model.pkl
[2025-05-27T17:58:25.664+0000] {logging_mixin.py:188} INFO - 📌 Выполняем git commit...
[2025-05-27T17:58:25.812+0000] {logging_mixin.py:188} INFO - 🔧 Git commit stdout: [develop bc47d00] Register best model from MLflow
 1 file changed, 5 insertions(+)
 create mode 100644 artifacts/best_model.pkl.dvc
[2025-05-27T17:58:25.813+0000] {logging_mixin.py:188} INFO - 🔧 Git commit stderr: 
[2025-05-27T17:58:30.201+0000] {logging_mixin.py:188} INFO - 🚀 Модель добавлена в DVC и запушена
[2025-05-27T17:58:30.206+0000] {python.py:202} INFO - Done. Returned value was: None
[2025-05-27T17:58:30.250+0000] {taskinstance.py:1149} INFO - Marking task as SUCCESS. dag_id=register_best_model_from_mlflow, task_id=select_best_model_from_mlflow, execution_date=20250527T175822, start_date=20250527T175824, end_date=20250527T175830
[2025-05-27T17:58:30.301+0000] {local_task_job_runner.py:234} INFO - Task exited with return code 0
[2025-05-27T17:58:30.349+0000] {taskinstance.py:3312} INFO - 0 downstream tasks scheduled from follow-on schedule check
