[2025-05-27T12:01:16.952+0000] {processor.py:161} INFO - Started process (PID=2691) to work on /opt/airflow/dags/register_best_model.py
[2025-05-27T12:01:16.953+0000] {processor.py:830} INFO - Processing file /opt/airflow/dags/register_best_model.py for tasks to queue
[2025-05-27T12:01:16.954+0000] {logging_mixin.py:188} INFO - [2025-05-27T12:01:16.954+0000] {dagbag.py:540} INFO - Filling up the DagBag from /opt/airflow/dags/register_best_model.py
[2025-05-27T12:01:17.613+0000] {processor.py:840} INFO - DAG(s) 'register_best_model' retrieved from /opt/airflow/dags/register_best_model.py
[2025-05-27T12:01:17.674+0000] {logging_mixin.py:188} INFO - [2025-05-27T12:01:17.673+0000] {override.py:1769} INFO - Created Permission View: can read on DAG:register_best_model
[2025-05-27T12:01:17.678+0000] {logging_mixin.py:188} INFO - [2025-05-27T12:01:17.678+0000] {override.py:1769} INFO - Created Permission View: can delete on DAG:register_best_model
[2025-05-27T12:01:17.680+0000] {logging_mixin.py:188} INFO - [2025-05-27T12:01:17.680+0000] {override.py:1769} INFO - Created Permission View: can edit on DAG:register_best_model
[2025-05-27T12:01:17.680+0000] {logging_mixin.py:188} INFO - [2025-05-27T12:01:17.680+0000] {dag.py:3047} INFO - Sync 1 DAGs
[2025-05-27T12:01:17.686+0000] {logging_mixin.py:188} INFO - [2025-05-27T12:01:17.685+0000] {dag.py:3069} INFO - Creating ORM DAG for register_best_model
[2025-05-27T12:01:17.686+0000] {logging_mixin.py:188} INFO - [2025-05-27T12:01:17.686+0000] {dag.py:3834} INFO - Setting next_dagrun for register_best_model to None, run_after=None
[2025-05-27T12:01:17.704+0000] {processor.py:183} INFO - Processing /opt/airflow/dags/register_best_model.py took 0.756 seconds
[2025-05-27T12:01:27.764+0000] {processor.py:161} INFO - Started process (PID=2717) to work on /opt/airflow/dags/register_best_model.py
[2025-05-27T12:01:27.767+0000] {processor.py:830} INFO - Processing file /opt/airflow/dags/register_best_model.py for tasks to queue
[2025-05-27T12:01:27.769+0000] {logging_mixin.py:188} INFO - [2025-05-27T12:01:27.768+0000] {dagbag.py:540} INFO - Filling up the DagBag from /opt/airflow/dags/register_best_model.py
[2025-05-27T12:01:28.484+0000] {processor.py:840} INFO - DAG(s) 'register_best_model' retrieved from /opt/airflow/dags/register_best_model.py
[2025-05-27T12:01:28.495+0000] {logging_mixin.py:188} INFO - [2025-05-27T12:01:28.495+0000] {dag.py:3047} INFO - Sync 1 DAGs
[2025-05-27T12:01:28.508+0000] {logging_mixin.py:188} INFO - [2025-05-27T12:01:28.507+0000] {dag.py:3834} INFO - Setting next_dagrun for register_best_model to None, run_after=None
[2025-05-27T12:01:28.522+0000] {processor.py:183} INFO - Processing /opt/airflow/dags/register_best_model.py took 0.767 seconds
[2025-05-27T12:01:38.688+0000] {processor.py:161} INFO - Started process (PID=2743) to work on /opt/airflow/dags/register_best_model.py
[2025-05-27T12:01:38.689+0000] {processor.py:830} INFO - Processing file /opt/airflow/dags/register_best_model.py for tasks to queue
[2025-05-27T12:01:38.690+0000] {logging_mixin.py:188} INFO - [2025-05-27T12:01:38.690+0000] {dagbag.py:540} INFO - Filling up the DagBag from /opt/airflow/dags/register_best_model.py
[2025-05-27T12:01:39.216+0000] {processor.py:840} INFO - DAG(s) 'register_best_model' retrieved from /opt/airflow/dags/register_best_model.py
[2025-05-27T12:01:39.223+0000] {logging_mixin.py:188} INFO - [2025-05-27T12:01:39.222+0000] {dag.py:3047} INFO - Sync 1 DAGs
[2025-05-27T12:01:39.228+0000] {logging_mixin.py:188} INFO - [2025-05-27T12:01:39.228+0000] {dag.py:3834} INFO - Setting next_dagrun for register_best_model to None, run_after=None
[2025-05-27T12:01:39.237+0000] {processor.py:183} INFO - Processing /opt/airflow/dags/register_best_model.py took 0.552 seconds
[2025-05-27T12:01:49.348+0000] {processor.py:161} INFO - Started process (PID=2769) to work on /opt/airflow/dags/register_best_model.py
[2025-05-27T12:01:49.350+0000] {processor.py:830} INFO - Processing file /opt/airflow/dags/register_best_model.py for tasks to queue
[2025-05-27T12:01:49.350+0000] {logging_mixin.py:188} INFO - [2025-05-27T12:01:49.350+0000] {dagbag.py:540} INFO - Filling up the DagBag from /opt/airflow/dags/register_best_model.py
[2025-05-27T12:01:50.024+0000] {processor.py:840} INFO - DAG(s) 'register_best_model' retrieved from /opt/airflow/dags/register_best_model.py
[2025-05-27T12:01:50.044+0000] {logging_mixin.py:188} INFO - [2025-05-27T12:01:50.044+0000] {dag.py:3047} INFO - Sync 1 DAGs
[2025-05-27T12:01:50.051+0000] {logging_mixin.py:188} INFO - [2025-05-27T12:01:50.051+0000] {dag.py:3834} INFO - Setting next_dagrun for register_best_model to None, run_after=None
[2025-05-27T12:01:50.060+0000] {processor.py:183} INFO - Processing /opt/airflow/dags/register_best_model.py took 0.717 seconds
[2025-05-27T12:02:00.185+0000] {processor.py:161} INFO - Started process (PID=2795) to work on /opt/airflow/dags/register_best_model.py
[2025-05-27T12:02:00.187+0000] {processor.py:830} INFO - Processing file /opt/airflow/dags/register_best_model.py for tasks to queue
[2025-05-27T12:02:00.189+0000] {logging_mixin.py:188} INFO - [2025-05-27T12:02:00.188+0000] {dagbag.py:540} INFO - Filling up the DagBag from /opt/airflow/dags/register_best_model.py
[2025-05-27T12:02:00.755+0000] {processor.py:840} INFO - DAG(s) 'register_best_model' retrieved from /opt/airflow/dags/register_best_model.py
[2025-05-27T12:02:00.770+0000] {logging_mixin.py:188} INFO - [2025-05-27T12:02:00.770+0000] {dag.py:3047} INFO - Sync 1 DAGs
[2025-05-27T12:02:00.776+0000] {logging_mixin.py:188} INFO - [2025-05-27T12:02:00.775+0000] {dag.py:3834} INFO - Setting next_dagrun for register_best_model to None, run_after=None
[2025-05-27T12:02:00.784+0000] {processor.py:183} INFO - Processing /opt/airflow/dags/register_best_model.py took 0.603 seconds
[2025-05-27T12:02:10.875+0000] {processor.py:161} INFO - Started process (PID=2821) to work on /opt/airflow/dags/register_best_model.py
[2025-05-27T12:02:10.877+0000] {processor.py:830} INFO - Processing file /opt/airflow/dags/register_best_model.py for tasks to queue
[2025-05-27T12:02:10.879+0000] {logging_mixin.py:188} INFO - [2025-05-27T12:02:10.879+0000] {dagbag.py:540} INFO - Filling up the DagBag from /opt/airflow/dags/register_best_model.py
[2025-05-27T12:02:11.455+0000] {processor.py:840} INFO - DAG(s) 'register_best_model' retrieved from /opt/airflow/dags/register_best_model.py
[2025-05-27T12:02:11.471+0000] {logging_mixin.py:188} INFO - [2025-05-27T12:02:11.471+0000] {dag.py:3047} INFO - Sync 1 DAGs
[2025-05-27T12:02:11.478+0000] {logging_mixin.py:188} INFO - [2025-05-27T12:02:11.478+0000] {dag.py:3834} INFO - Setting next_dagrun for register_best_model to None, run_after=None
[2025-05-27T12:02:11.491+0000] {processor.py:183} INFO - Processing /opt/airflow/dags/register_best_model.py took 0.619 seconds
[2025-05-27T12:02:21.726+0000] {processor.py:161} INFO - Started process (PID=2845) to work on /opt/airflow/dags/register_best_model.py
[2025-05-27T12:02:21.729+0000] {processor.py:830} INFO - Processing file /opt/airflow/dags/register_best_model.py for tasks to queue
[2025-05-27T12:02:21.731+0000] {logging_mixin.py:188} INFO - [2025-05-27T12:02:21.731+0000] {dagbag.py:540} INFO - Filling up the DagBag from /opt/airflow/dags/register_best_model.py
[2025-05-27T12:02:23.635+0000] {processor.py:840} INFO - DAG(s) 'register_best_model' retrieved from /opt/airflow/dags/register_best_model.py
[2025-05-27T12:02:23.660+0000] {logging_mixin.py:188} INFO - [2025-05-27T12:02:23.660+0000] {dag.py:3047} INFO - Sync 1 DAGs
[2025-05-27T12:02:23.670+0000] {logging_mixin.py:188} INFO - [2025-05-27T12:02:23.670+0000] {dag.py:3834} INFO - Setting next_dagrun for register_best_model to None, run_after=None
[2025-05-27T12:02:23.683+0000] {processor.py:183} INFO - Processing /opt/airflow/dags/register_best_model.py took 1.971 seconds
[2025-05-27T12:02:33.874+0000] {processor.py:161} INFO - Started process (PID=2864) to work on /opt/airflow/dags/register_best_model.py
[2025-05-27T12:02:33.876+0000] {processor.py:830} INFO - Processing file /opt/airflow/dags/register_best_model.py for tasks to queue
[2025-05-27T12:02:33.877+0000] {logging_mixin.py:188} INFO - [2025-05-27T12:02:33.877+0000] {dagbag.py:540} INFO - Filling up the DagBag from /opt/airflow/dags/register_best_model.py
[2025-05-27T12:02:35.824+0000] {processor.py:840} INFO - DAG(s) 'register_best_model' retrieved from /opt/airflow/dags/register_best_model.py
[2025-05-27T12:02:35.887+0000] {logging_mixin.py:188} INFO - [2025-05-27T12:02:35.886+0000] {dag.py:3047} INFO - Sync 1 DAGs
[2025-05-27T12:02:35.900+0000] {logging_mixin.py:188} INFO - [2025-05-27T12:02:35.900+0000] {dag.py:3834} INFO - Setting next_dagrun for register_best_model to None, run_after=None
[2025-05-27T12:02:35.939+0000] {processor.py:183} INFO - Processing /opt/airflow/dags/register_best_model.py took 2.079 seconds
[2025-05-27T12:02:46.138+0000] {processor.py:161} INFO - Started process (PID=2886) to work on /opt/airflow/dags/register_best_model.py
[2025-05-27T12:02:46.140+0000] {processor.py:830} INFO - Processing file /opt/airflow/dags/register_best_model.py for tasks to queue
[2025-05-27T12:02:46.141+0000] {logging_mixin.py:188} INFO - [2025-05-27T12:02:46.141+0000] {dagbag.py:540} INFO - Filling up the DagBag from /opt/airflow/dags/register_best_model.py
[2025-05-27T12:02:47.546+0000] {processor.py:840} INFO - DAG(s) 'register_best_model' retrieved from /opt/airflow/dags/register_best_model.py
[2025-05-27T12:02:47.581+0000] {logging_mixin.py:188} INFO - [2025-05-27T12:02:47.581+0000] {dag.py:3047} INFO - Sync 1 DAGs
[2025-05-27T12:02:47.589+0000] {logging_mixin.py:188} INFO - [2025-05-27T12:02:47.589+0000] {dag.py:3834} INFO - Setting next_dagrun for register_best_model to None, run_after=None
[2025-05-27T12:02:47.605+0000] {processor.py:183} INFO - Processing /opt/airflow/dags/register_best_model.py took 1.473 seconds
[2025-05-27T12:02:57.839+0000] {processor.py:161} INFO - Started process (PID=2912) to work on /opt/airflow/dags/register_best_model.py
[2025-05-27T12:02:57.841+0000] {processor.py:830} INFO - Processing file /opt/airflow/dags/register_best_model.py for tasks to queue
[2025-05-27T12:02:57.842+0000] {logging_mixin.py:188} INFO - [2025-05-27T12:02:57.842+0000] {dagbag.py:540} INFO - Filling up the DagBag from /opt/airflow/dags/register_best_model.py
[2025-05-27T12:02:58.643+0000] {processor.py:840} INFO - DAG(s) 'register_best_model' retrieved from /opt/airflow/dags/register_best_model.py
[2025-05-27T12:02:58.669+0000] {logging_mixin.py:188} INFO - [2025-05-27T12:02:58.669+0000] {dag.py:3047} INFO - Sync 1 DAGs
[2025-05-27T12:02:58.680+0000] {logging_mixin.py:188} INFO - [2025-05-27T12:02:58.679+0000] {dag.py:3834} INFO - Setting next_dagrun for register_best_model to None, run_after=None
[2025-05-27T12:02:58.691+0000] {processor.py:183} INFO - Processing /opt/airflow/dags/register_best_model.py took 0.858 seconds
[2025-05-27T12:03:08.862+0000] {processor.py:161} INFO - Started process (PID=2938) to work on /opt/airflow/dags/register_best_model.py
[2025-05-27T12:03:08.864+0000] {processor.py:830} INFO - Processing file /opt/airflow/dags/register_best_model.py for tasks to queue
[2025-05-27T12:03:08.865+0000] {logging_mixin.py:188} INFO - [2025-05-27T12:03:08.865+0000] {dagbag.py:540} INFO - Filling up the DagBag from /opt/airflow/dags/register_best_model.py
[2025-05-27T12:03:09.544+0000] {processor.py:840} INFO - DAG(s) 'register_best_model' retrieved from /opt/airflow/dags/register_best_model.py
[2025-05-27T12:03:09.563+0000] {logging_mixin.py:188} INFO - [2025-05-27T12:03:09.563+0000] {dag.py:3047} INFO - Sync 1 DAGs
[2025-05-27T12:03:09.571+0000] {logging_mixin.py:188} INFO - [2025-05-27T12:03:09.571+0000] {dag.py:3834} INFO - Setting next_dagrun for register_best_model to None, run_after=None
[2025-05-27T12:03:09.580+0000] {processor.py:183} INFO - Processing /opt/airflow/dags/register_best_model.py took 0.725 seconds
[2025-05-27T12:03:19.738+0000] {processor.py:161} INFO - Started process (PID=2964) to work on /opt/airflow/dags/register_best_model.py
[2025-05-27T12:03:19.740+0000] {processor.py:830} INFO - Processing file /opt/airflow/dags/register_best_model.py for tasks to queue
[2025-05-27T12:03:19.741+0000] {logging_mixin.py:188} INFO - [2025-05-27T12:03:19.741+0000] {dagbag.py:540} INFO - Filling up the DagBag from /opt/airflow/dags/register_best_model.py
[2025-05-27T12:03:20.559+0000] {processor.py:840} INFO - DAG(s) 'register_best_model' retrieved from /opt/airflow/dags/register_best_model.py
[2025-05-27T12:03:20.591+0000] {logging_mixin.py:188} INFO - [2025-05-27T12:03:20.591+0000] {dag.py:3047} INFO - Sync 1 DAGs
[2025-05-27T12:03:20.605+0000] {logging_mixin.py:188} INFO - [2025-05-27T12:03:20.605+0000] {dag.py:3834} INFO - Setting next_dagrun for register_best_model to None, run_after=None
[2025-05-27T12:03:20.621+0000] {processor.py:183} INFO - Processing /opt/airflow/dags/register_best_model.py took 0.892 seconds
[2025-05-27T12:03:30.789+0000] {processor.py:161} INFO - Started process (PID=2990) to work on /opt/airflow/dags/register_best_model.py
[2025-05-27T12:03:30.791+0000] {processor.py:830} INFO - Processing file /opt/airflow/dags/register_best_model.py for tasks to queue
[2025-05-27T12:03:30.793+0000] {logging_mixin.py:188} INFO - [2025-05-27T12:03:30.792+0000] {dagbag.py:540} INFO - Filling up the DagBag from /opt/airflow/dags/register_best_model.py
[2025-05-27T12:03:31.487+0000] {processor.py:840} INFO - DAG(s) 'register_best_model' retrieved from /opt/airflow/dags/register_best_model.py
[2025-05-27T12:03:31.503+0000] {logging_mixin.py:188} INFO - [2025-05-27T12:03:31.503+0000] {dag.py:3047} INFO - Sync 1 DAGs
[2025-05-27T12:03:31.509+0000] {logging_mixin.py:188} INFO - [2025-05-27T12:03:31.509+0000] {dag.py:3834} INFO - Setting next_dagrun for register_best_model to None, run_after=None
[2025-05-27T12:03:31.518+0000] {processor.py:183} INFO - Processing /opt/airflow/dags/register_best_model.py took 0.734 seconds
[2025-05-27T12:03:41.650+0000] {processor.py:161} INFO - Started process (PID=3016) to work on /opt/airflow/dags/register_best_model.py
[2025-05-27T12:03:41.651+0000] {processor.py:830} INFO - Processing file /opt/airflow/dags/register_best_model.py for tasks to queue
[2025-05-27T12:03:41.652+0000] {logging_mixin.py:188} INFO - [2025-05-27T12:03:41.651+0000] {dagbag.py:540} INFO - Filling up the DagBag from /opt/airflow/dags/register_best_model.py
[2025-05-27T12:03:42.636+0000] {processor.py:840} INFO - DAG(s) 'register_best_model' retrieved from /opt/airflow/dags/register_best_model.py
[2025-05-27T12:03:42.671+0000] {logging_mixin.py:188} INFO - [2025-05-27T12:03:42.670+0000] {dag.py:3047} INFO - Sync 1 DAGs
[2025-05-27T12:03:42.681+0000] {logging_mixin.py:188} INFO - [2025-05-27T12:03:42.680+0000] {dag.py:3834} INFO - Setting next_dagrun for register_best_model to None, run_after=None
[2025-05-27T12:03:42.717+0000] {processor.py:183} INFO - Processing /opt/airflow/dags/register_best_model.py took 1.071 seconds
[2025-05-27T12:03:52.886+0000] {processor.py:161} INFO - Started process (PID=3042) to work on /opt/airflow/dags/register_best_model.py
[2025-05-27T12:03:52.888+0000] {processor.py:830} INFO - Processing file /opt/airflow/dags/register_best_model.py for tasks to queue
[2025-05-27T12:03:52.889+0000] {logging_mixin.py:188} INFO - [2025-05-27T12:03:52.889+0000] {dagbag.py:540} INFO - Filling up the DagBag from /opt/airflow/dags/register_best_model.py
[2025-05-27T12:03:53.878+0000] {processor.py:840} INFO - DAG(s) 'register_best_model' retrieved from /opt/airflow/dags/register_best_model.py
[2025-05-27T12:03:53.942+0000] {logging_mixin.py:188} INFO - [2025-05-27T12:03:53.940+0000] {dag.py:3047} INFO - Sync 1 DAGs
[2025-05-27T12:03:53.955+0000] {logging_mixin.py:188} INFO - [2025-05-27T12:03:53.955+0000] {dag.py:3834} INFO - Setting next_dagrun for register_best_model to None, run_after=None
[2025-05-27T12:03:53.967+0000] {processor.py:183} INFO - Processing /opt/airflow/dags/register_best_model.py took 1.097 seconds
[2025-05-27T12:04:04.151+0000] {processor.py:161} INFO - Started process (PID=3068) to work on /opt/airflow/dags/register_best_model.py
[2025-05-27T12:04:04.152+0000] {processor.py:830} INFO - Processing file /opt/airflow/dags/register_best_model.py for tasks to queue
[2025-05-27T12:04:04.154+0000] {logging_mixin.py:188} INFO - [2025-05-27T12:04:04.153+0000] {dagbag.py:540} INFO - Filling up the DagBag from /opt/airflow/dags/register_best_model.py
[2025-05-27T12:04:05.111+0000] {processor.py:840} INFO - DAG(s) 'register_best_model' retrieved from /opt/airflow/dags/register_best_model.py
[2025-05-27T12:04:05.139+0000] {logging_mixin.py:188} INFO - [2025-05-27T12:04:05.138+0000] {dag.py:3047} INFO - Sync 1 DAGs
[2025-05-27T12:04:05.147+0000] {logging_mixin.py:188} INFO - [2025-05-27T12:04:05.147+0000] {dag.py:3834} INFO - Setting next_dagrun for register_best_model to None, run_after=None
[2025-05-27T12:04:05.159+0000] {processor.py:183} INFO - Processing /opt/airflow/dags/register_best_model.py took 1.019 seconds
[2025-05-27T12:04:15.333+0000] {processor.py:161} INFO - Started process (PID=3094) to work on /opt/airflow/dags/register_best_model.py
[2025-05-27T12:04:15.335+0000] {processor.py:830} INFO - Processing file /opt/airflow/dags/register_best_model.py for tasks to queue
[2025-05-27T12:04:15.336+0000] {logging_mixin.py:188} INFO - [2025-05-27T12:04:15.336+0000] {dagbag.py:540} INFO - Filling up the DagBag from /opt/airflow/dags/register_best_model.py
[2025-05-27T12:04:16.128+0000] {processor.py:840} INFO - DAG(s) 'register_best_model' retrieved from /opt/airflow/dags/register_best_model.py
[2025-05-27T12:04:16.143+0000] {logging_mixin.py:188} INFO - [2025-05-27T12:04:16.143+0000] {dag.py:3047} INFO - Sync 1 DAGs
[2025-05-27T12:04:16.149+0000] {logging_mixin.py:188} INFO - [2025-05-27T12:04:16.149+0000] {dag.py:3834} INFO - Setting next_dagrun for register_best_model to None, run_after=None
[2025-05-27T12:04:16.158+0000] {processor.py:183} INFO - Processing /opt/airflow/dags/register_best_model.py took 0.836 seconds
[2025-05-27T12:04:26.358+0000] {processor.py:161} INFO - Started process (PID=3120) to work on /opt/airflow/dags/register_best_model.py
[2025-05-27T12:04:26.364+0000] {processor.py:830} INFO - Processing file /opt/airflow/dags/register_best_model.py for tasks to queue
[2025-05-27T12:04:26.368+0000] {logging_mixin.py:188} INFO - [2025-05-27T12:04:26.367+0000] {dagbag.py:540} INFO - Filling up the DagBag from /opt/airflow/dags/register_best_model.py
[2025-05-27T12:04:27.277+0000] {processor.py:840} INFO - DAG(s) 'register_best_model' retrieved from /opt/airflow/dags/register_best_model.py
[2025-05-27T12:04:27.299+0000] {logging_mixin.py:188} INFO - [2025-05-27T12:04:27.298+0000] {dag.py:3047} INFO - Sync 1 DAGs
[2025-05-27T12:04:27.306+0000] {logging_mixin.py:188} INFO - [2025-05-27T12:04:27.305+0000] {dag.py:3834} INFO - Setting next_dagrun for register_best_model to None, run_after=None
[2025-05-27T12:04:27.321+0000] {processor.py:183} INFO - Processing /opt/airflow/dags/register_best_model.py took 0.969 seconds
[2025-05-27T12:04:37.664+0000] {processor.py:161} INFO - Started process (PID=3146) to work on /opt/airflow/dags/register_best_model.py
[2025-05-27T12:04:37.667+0000] {processor.py:830} INFO - Processing file /opt/airflow/dags/register_best_model.py for tasks to queue
[2025-05-27T12:04:37.669+0000] {logging_mixin.py:188} INFO - [2025-05-27T12:04:37.668+0000] {dagbag.py:540} INFO - Filling up the DagBag from /opt/airflow/dags/register_best_model.py
[2025-05-27T12:04:38.366+0000] {processor.py:840} INFO - DAG(s) 'register_best_model' retrieved from /opt/airflow/dags/register_best_model.py
[2025-05-27T12:04:38.386+0000] {logging_mixin.py:188} INFO - [2025-05-27T12:04:38.386+0000] {dag.py:3047} INFO - Sync 1 DAGs
[2025-05-27T12:04:38.393+0000] {logging_mixin.py:188} INFO - [2025-05-27T12:04:38.393+0000] {dag.py:3834} INFO - Setting next_dagrun for register_best_model to None, run_after=None
[2025-05-27T12:04:38.403+0000] {processor.py:183} INFO - Processing /opt/airflow/dags/register_best_model.py took 0.748 seconds
[2025-05-27T12:04:48.584+0000] {processor.py:161} INFO - Started process (PID=3172) to work on /opt/airflow/dags/register_best_model.py
[2025-05-27T12:04:48.586+0000] {processor.py:830} INFO - Processing file /opt/airflow/dags/register_best_model.py for tasks to queue
[2025-05-27T12:04:48.590+0000] {logging_mixin.py:188} INFO - [2025-05-27T12:04:48.589+0000] {dagbag.py:540} INFO - Filling up the DagBag from /opt/airflow/dags/register_best_model.py
[2025-05-27T12:04:49.962+0000] {processor.py:840} INFO - DAG(s) 'register_best_model' retrieved from /opt/airflow/dags/register_best_model.py
[2025-05-27T12:04:50.034+0000] {logging_mixin.py:188} INFO - [2025-05-27T12:04:50.033+0000] {dag.py:3047} INFO - Sync 1 DAGs
[2025-05-27T12:04:50.051+0000] {logging_mixin.py:188} INFO - [2025-05-27T12:04:50.051+0000] {dag.py:3834} INFO - Setting next_dagrun for register_best_model to None, run_after=None
[2025-05-27T12:04:50.072+0000] {processor.py:183} INFO - Processing /opt/airflow/dags/register_best_model.py took 1.499 seconds
[2025-05-27T12:05:00.255+0000] {processor.py:161} INFO - Started process (PID=3198) to work on /opt/airflow/dags/register_best_model.py
[2025-05-27T12:05:00.257+0000] {processor.py:830} INFO - Processing file /opt/airflow/dags/register_best_model.py for tasks to queue
[2025-05-27T12:05:00.258+0000] {logging_mixin.py:188} INFO - [2025-05-27T12:05:00.258+0000] {dagbag.py:540} INFO - Filling up the DagBag from /opt/airflow/dags/register_best_model.py
[2025-05-27T12:05:00.961+0000] {processor.py:840} INFO - DAG(s) 'register_best_model' retrieved from /opt/airflow/dags/register_best_model.py
[2025-05-27T12:05:00.978+0000] {logging_mixin.py:188} INFO - [2025-05-27T12:05:00.978+0000] {dag.py:3047} INFO - Sync 1 DAGs
[2025-05-27T12:05:00.987+0000] {logging_mixin.py:188} INFO - [2025-05-27T12:05:00.986+0000] {dag.py:3834} INFO - Setting next_dagrun for register_best_model to None, run_after=None
[2025-05-27T12:05:00.997+0000] {processor.py:183} INFO - Processing /opt/airflow/dags/register_best_model.py took 0.749 seconds
[2025-05-27T12:05:11.193+0000] {processor.py:161} INFO - Started process (PID=3224) to work on /opt/airflow/dags/register_best_model.py
[2025-05-27T12:05:11.194+0000] {processor.py:830} INFO - Processing file /opt/airflow/dags/register_best_model.py for tasks to queue
[2025-05-27T12:05:11.195+0000] {logging_mixin.py:188} INFO - [2025-05-27T12:05:11.195+0000] {dagbag.py:540} INFO - Filling up the DagBag from /opt/airflow/dags/register_best_model.py
[2025-05-27T12:05:11.952+0000] {processor.py:840} INFO - DAG(s) 'register_best_model' retrieved from /opt/airflow/dags/register_best_model.py
[2025-05-27T12:05:11.971+0000] {logging_mixin.py:188} INFO - [2025-05-27T12:05:11.971+0000] {dag.py:3047} INFO - Sync 1 DAGs
[2025-05-27T12:05:11.981+0000] {logging_mixin.py:188} INFO - [2025-05-27T12:05:11.981+0000] {dag.py:3834} INFO - Setting next_dagrun for register_best_model to None, run_after=None
[2025-05-27T12:05:11.991+0000] {processor.py:183} INFO - Processing /opt/airflow/dags/register_best_model.py took 0.802 seconds
[2025-05-27T12:05:22.166+0000] {processor.py:161} INFO - Started process (PID=3250) to work on /opt/airflow/dags/register_best_model.py
[2025-05-27T12:05:22.168+0000] {processor.py:830} INFO - Processing file /opt/airflow/dags/register_best_model.py for tasks to queue
[2025-05-27T12:05:22.169+0000] {logging_mixin.py:188} INFO - [2025-05-27T12:05:22.169+0000] {dagbag.py:540} INFO - Filling up the DagBag from /opt/airflow/dags/register_best_model.py
[2025-05-27T12:05:22.863+0000] {processor.py:840} INFO - DAG(s) 'register_best_model' retrieved from /opt/airflow/dags/register_best_model.py
[2025-05-27T12:05:22.879+0000] {logging_mixin.py:188} INFO - [2025-05-27T12:05:22.878+0000] {dag.py:3047} INFO - Sync 1 DAGs
[2025-05-27T12:05:22.887+0000] {logging_mixin.py:188} INFO - [2025-05-27T12:05:22.887+0000] {dag.py:3834} INFO - Setting next_dagrun for register_best_model to None, run_after=None
[2025-05-27T12:05:22.897+0000] {processor.py:183} INFO - Processing /opt/airflow/dags/register_best_model.py took 0.738 seconds
[2025-05-27T12:05:33.065+0000] {processor.py:161} INFO - Started process (PID=3276) to work on /opt/airflow/dags/register_best_model.py
[2025-05-27T12:05:33.068+0000] {processor.py:830} INFO - Processing file /opt/airflow/dags/register_best_model.py for tasks to queue
[2025-05-27T12:05:33.069+0000] {logging_mixin.py:188} INFO - [2025-05-27T12:05:33.069+0000] {dagbag.py:540} INFO - Filling up the DagBag from /opt/airflow/dags/register_best_model.py
[2025-05-27T12:05:33.813+0000] {processor.py:840} INFO - DAG(s) 'register_best_model' retrieved from /opt/airflow/dags/register_best_model.py
[2025-05-27T12:05:33.839+0000] {logging_mixin.py:188} INFO - [2025-05-27T12:05:33.838+0000] {dag.py:3047} INFO - Sync 1 DAGs
[2025-05-27T12:05:33.847+0000] {logging_mixin.py:188} INFO - [2025-05-27T12:05:33.847+0000] {dag.py:3834} INFO - Setting next_dagrun for register_best_model to None, run_after=None
[2025-05-27T12:05:33.860+0000] {processor.py:183} INFO - Processing /opt/airflow/dags/register_best_model.py took 0.802 seconds
[2025-05-27T12:05:44.012+0000] {processor.py:161} INFO - Started process (PID=3302) to work on /opt/airflow/dags/register_best_model.py
[2025-05-27T12:05:44.015+0000] {processor.py:830} INFO - Processing file /opt/airflow/dags/register_best_model.py for tasks to queue
[2025-05-27T12:05:44.016+0000] {logging_mixin.py:188} INFO - [2025-05-27T12:05:44.016+0000] {dagbag.py:540} INFO - Filling up the DagBag from /opt/airflow/dags/register_best_model.py
[2025-05-27T12:05:44.725+0000] {processor.py:840} INFO - DAG(s) 'register_best_model' retrieved from /opt/airflow/dags/register_best_model.py
[2025-05-27T12:05:44.741+0000] {logging_mixin.py:188} INFO - [2025-05-27T12:05:44.741+0000] {dag.py:3047} INFO - Sync 1 DAGs
[2025-05-27T12:05:44.747+0000] {logging_mixin.py:188} INFO - [2025-05-27T12:05:44.747+0000] {dag.py:3834} INFO - Setting next_dagrun for register_best_model to None, run_after=None
[2025-05-27T12:05:44.757+0000] {processor.py:183} INFO - Processing /opt/airflow/dags/register_best_model.py took 0.752 seconds
[2025-05-27T12:05:54.996+0000] {processor.py:161} INFO - Started process (PID=3328) to work on /opt/airflow/dags/register_best_model.py
[2025-05-27T12:05:54.998+0000] {processor.py:830} INFO - Processing file /opt/airflow/dags/register_best_model.py for tasks to queue
[2025-05-27T12:05:54.999+0000] {logging_mixin.py:188} INFO - [2025-05-27T12:05:54.999+0000] {dagbag.py:540} INFO - Filling up the DagBag from /opt/airflow/dags/register_best_model.py
[2025-05-27T12:05:56.031+0000] {processor.py:840} INFO - DAG(s) 'register_best_model' retrieved from /opt/airflow/dags/register_best_model.py
[2025-05-27T12:05:56.069+0000] {logging_mixin.py:188} INFO - [2025-05-27T12:05:56.069+0000] {dag.py:3047} INFO - Sync 1 DAGs
[2025-05-27T12:05:56.077+0000] {logging_mixin.py:188} INFO - [2025-05-27T12:05:56.077+0000] {dag.py:3834} INFO - Setting next_dagrun for register_best_model to None, run_after=None
[2025-05-27T12:05:56.089+0000] {processor.py:183} INFO - Processing /opt/airflow/dags/register_best_model.py took 1.100 seconds
[2025-05-27T12:06:06.307+0000] {processor.py:161} INFO - Started process (PID=3354) to work on /opt/airflow/dags/register_best_model.py
[2025-05-27T12:06:06.310+0000] {processor.py:830} INFO - Processing file /opt/airflow/dags/register_best_model.py for tasks to queue
[2025-05-27T12:06:06.311+0000] {logging_mixin.py:188} INFO - [2025-05-27T12:06:06.310+0000] {dagbag.py:540} INFO - Filling up the DagBag from /opt/airflow/dags/register_best_model.py
[2025-05-27T12:06:06.990+0000] {processor.py:840} INFO - DAG(s) 'register_best_model' retrieved from /opt/airflow/dags/register_best_model.py
[2025-05-27T12:06:07.010+0000] {logging_mixin.py:188} INFO - [2025-05-27T12:06:07.009+0000] {dag.py:3047} INFO - Sync 1 DAGs
[2025-05-27T12:06:07.016+0000] {logging_mixin.py:188} INFO - [2025-05-27T12:06:07.016+0000] {dag.py:3834} INFO - Setting next_dagrun for register_best_model to None, run_after=None
[2025-05-27T12:06:07.025+0000] {processor.py:183} INFO - Processing /opt/airflow/dags/register_best_model.py took 0.726 seconds
[2025-05-27T12:06:17.240+0000] {processor.py:161} INFO - Started process (PID=3380) to work on /opt/airflow/dags/register_best_model.py
[2025-05-27T12:06:17.243+0000] {processor.py:830} INFO - Processing file /opt/airflow/dags/register_best_model.py for tasks to queue
[2025-05-27T12:06:17.246+0000] {logging_mixin.py:188} INFO - [2025-05-27T12:06:17.245+0000] {dagbag.py:540} INFO - Filling up the DagBag from /opt/airflow/dags/register_best_model.py
[2025-05-27T12:06:18.053+0000] {processor.py:840} INFO - DAG(s) 'register_best_model' retrieved from /opt/airflow/dags/register_best_model.py
[2025-05-27T12:06:18.074+0000] {logging_mixin.py:188} INFO - [2025-05-27T12:06:18.074+0000] {dag.py:3047} INFO - Sync 1 DAGs
[2025-05-27T12:06:18.085+0000] {logging_mixin.py:188} INFO - [2025-05-27T12:06:18.085+0000] {dag.py:3834} INFO - Setting next_dagrun for register_best_model to None, run_after=None
[2025-05-27T12:06:18.097+0000] {processor.py:183} INFO - Processing /opt/airflow/dags/register_best_model.py took 0.861 seconds
[2025-05-27T12:06:28.286+0000] {processor.py:161} INFO - Started process (PID=3406) to work on /opt/airflow/dags/register_best_model.py
[2025-05-27T12:06:28.288+0000] {processor.py:830} INFO - Processing file /opt/airflow/dags/register_best_model.py for tasks to queue
[2025-05-27T12:06:28.289+0000] {logging_mixin.py:188} INFO - [2025-05-27T12:06:28.289+0000] {dagbag.py:540} INFO - Filling up the DagBag from /opt/airflow/dags/register_best_model.py
[2025-05-27T12:06:29.047+0000] {processor.py:840} INFO - DAG(s) 'register_best_model' retrieved from /opt/airflow/dags/register_best_model.py
[2025-05-27T12:06:29.071+0000] {logging_mixin.py:188} INFO - [2025-05-27T12:06:29.071+0000] {dag.py:3047} INFO - Sync 1 DAGs
[2025-05-27T12:06:29.078+0000] {logging_mixin.py:188} INFO - [2025-05-27T12:06:29.078+0000] {dag.py:3834} INFO - Setting next_dagrun for register_best_model to None, run_after=None
[2025-05-27T12:06:29.093+0000] {processor.py:183} INFO - Processing /opt/airflow/dags/register_best_model.py took 0.819 seconds
[2025-05-27T12:06:39.436+0000] {processor.py:161} INFO - Started process (PID=3432) to work on /opt/airflow/dags/register_best_model.py
[2025-05-27T12:06:39.440+0000] {processor.py:830} INFO - Processing file /opt/airflow/dags/register_best_model.py for tasks to queue
[2025-05-27T12:06:39.441+0000] {logging_mixin.py:188} INFO - [2025-05-27T12:06:39.441+0000] {dagbag.py:540} INFO - Filling up the DagBag from /opt/airflow/dags/register_best_model.py
[2025-05-27T12:06:40.143+0000] {processor.py:840} INFO - DAG(s) 'register_best_model' retrieved from /opt/airflow/dags/register_best_model.py
[2025-05-27T12:06:40.165+0000] {logging_mixin.py:188} INFO - [2025-05-27T12:06:40.165+0000] {dag.py:3047} INFO - Sync 1 DAGs
[2025-05-27T12:06:40.173+0000] {logging_mixin.py:188} INFO - [2025-05-27T12:06:40.173+0000] {dag.py:3834} INFO - Setting next_dagrun for register_best_model to None, run_after=None
[2025-05-27T12:06:40.184+0000] {processor.py:183} INFO - Processing /opt/airflow/dags/register_best_model.py took 0.752 seconds
[2025-05-27T12:06:50.346+0000] {processor.py:161} INFO - Started process (PID=3458) to work on /opt/airflow/dags/register_best_model.py
[2025-05-27T12:06:50.348+0000] {processor.py:830} INFO - Processing file /opt/airflow/dags/register_best_model.py for tasks to queue
[2025-05-27T12:06:50.349+0000] {logging_mixin.py:188} INFO - [2025-05-27T12:06:50.349+0000] {dagbag.py:540} INFO - Filling up the DagBag from /opt/airflow/dags/register_best_model.py
[2025-05-27T12:06:51.062+0000] {processor.py:840} INFO - DAG(s) 'register_best_model' retrieved from /opt/airflow/dags/register_best_model.py
[2025-05-27T12:06:51.080+0000] {logging_mixin.py:188} INFO - [2025-05-27T12:06:51.080+0000] {dag.py:3047} INFO - Sync 1 DAGs
[2025-05-27T12:06:51.087+0000] {logging_mixin.py:188} INFO - [2025-05-27T12:06:51.087+0000] {dag.py:3834} INFO - Setting next_dagrun for register_best_model to None, run_after=None
[2025-05-27T12:06:51.098+0000] {processor.py:183} INFO - Processing /opt/airflow/dags/register_best_model.py took 0.759 seconds
[2025-05-27T12:07:01.411+0000] {processor.py:161} INFO - Started process (PID=3484) to work on /opt/airflow/dags/register_best_model.py
[2025-05-27T12:07:01.413+0000] {processor.py:830} INFO - Processing file /opt/airflow/dags/register_best_model.py for tasks to queue
[2025-05-27T12:07:01.415+0000] {logging_mixin.py:188} INFO - [2025-05-27T12:07:01.414+0000] {dagbag.py:540} INFO - Filling up the DagBag from /opt/airflow/dags/register_best_model.py
[2025-05-27T12:07:02.024+0000] {processor.py:840} INFO - DAG(s) 'register_best_model' retrieved from /opt/airflow/dags/register_best_model.py
[2025-05-27T12:07:02.042+0000] {logging_mixin.py:188} INFO - [2025-05-27T12:07:02.042+0000] {dag.py:3047} INFO - Sync 1 DAGs
[2025-05-27T12:07:02.048+0000] {logging_mixin.py:188} INFO - [2025-05-27T12:07:02.048+0000] {dag.py:3834} INFO - Setting next_dagrun for register_best_model to None, run_after=None
[2025-05-27T12:07:02.059+0000] {processor.py:183} INFO - Processing /opt/airflow/dags/register_best_model.py took 0.653 seconds
[2025-05-27T12:07:12.385+0000] {processor.py:161} INFO - Started process (PID=3510) to work on /opt/airflow/dags/register_best_model.py
[2025-05-27T12:07:12.395+0000] {processor.py:830} INFO - Processing file /opt/airflow/dags/register_best_model.py for tasks to queue
[2025-05-27T12:07:12.397+0000] {logging_mixin.py:188} INFO - [2025-05-27T12:07:12.396+0000] {dagbag.py:540} INFO - Filling up the DagBag from /opt/airflow/dags/register_best_model.py
[2025-05-27T12:07:13.246+0000] {processor.py:840} INFO - DAG(s) 'register_best_model' retrieved from /opt/airflow/dags/register_best_model.py
[2025-05-27T12:07:13.269+0000] {logging_mixin.py:188} INFO - [2025-05-27T12:07:13.268+0000] {dag.py:3047} INFO - Sync 1 DAGs
[2025-05-27T12:07:13.276+0000] {logging_mixin.py:188} INFO - [2025-05-27T12:07:13.275+0000] {dag.py:3834} INFO - Setting next_dagrun for register_best_model to None, run_after=None
[2025-05-27T12:07:13.286+0000] {processor.py:183} INFO - Processing /opt/airflow/dags/register_best_model.py took 0.919 seconds
[2025-05-27T12:07:23.615+0000] {processor.py:161} INFO - Started process (PID=3536) to work on /opt/airflow/dags/register_best_model.py
[2025-05-27T12:07:23.616+0000] {processor.py:830} INFO - Processing file /opt/airflow/dags/register_best_model.py for tasks to queue
[2025-05-27T12:07:23.617+0000] {logging_mixin.py:188} INFO - [2025-05-27T12:07:23.617+0000] {dagbag.py:540} INFO - Filling up the DagBag from /opt/airflow/dags/register_best_model.py
[2025-05-27T12:07:24.278+0000] {processor.py:840} INFO - DAG(s) 'register_best_model' retrieved from /opt/airflow/dags/register_best_model.py
[2025-05-27T12:07:24.303+0000] {logging_mixin.py:188} INFO - [2025-05-27T12:07:24.302+0000] {dag.py:3047} INFO - Sync 1 DAGs
[2025-05-27T12:07:24.310+0000] {logging_mixin.py:188} INFO - [2025-05-27T12:07:24.310+0000] {dag.py:3834} INFO - Setting next_dagrun for register_best_model to None, run_after=None
[2025-05-27T12:07:24.322+0000] {processor.py:183} INFO - Processing /opt/airflow/dags/register_best_model.py took 0.713 seconds
[2025-05-27T12:07:34.476+0000] {processor.py:161} INFO - Started process (PID=3562) to work on /opt/airflow/dags/register_best_model.py
[2025-05-27T12:07:34.480+0000] {processor.py:830} INFO - Processing file /opt/airflow/dags/register_best_model.py for tasks to queue
[2025-05-27T12:07:34.481+0000] {logging_mixin.py:188} INFO - [2025-05-27T12:07:34.481+0000] {dagbag.py:540} INFO - Filling up the DagBag from /opt/airflow/dags/register_best_model.py
[2025-05-27T12:07:35.636+0000] {processor.py:840} INFO - DAG(s) 'register_best_model' retrieved from /opt/airflow/dags/register_best_model.py
[2025-05-27T12:07:35.687+0000] {logging_mixin.py:188} INFO - [2025-05-27T12:07:35.686+0000] {dag.py:3047} INFO - Sync 1 DAGs
[2025-05-27T12:07:35.709+0000] {logging_mixin.py:188} INFO - [2025-05-27T12:07:35.709+0000] {dag.py:3834} INFO - Setting next_dagrun for register_best_model to None, run_after=None
[2025-05-27T12:07:35.729+0000] {processor.py:183} INFO - Processing /opt/airflow/dags/register_best_model.py took 1.262 seconds
[2025-05-27T12:09:14.761+0000] {processor.py:161} INFO - Started process (PID=181) to work on /opt/airflow/dags/register_best_model.py
[2025-05-27T12:09:14.763+0000] {processor.py:830} INFO - Processing file /opt/airflow/dags/register_best_model.py for tasks to queue
[2025-05-27T12:09:14.766+0000] {logging_mixin.py:188} INFO - [2025-05-27T12:09:14.765+0000] {dagbag.py:540} INFO - Filling up the DagBag from /opt/airflow/dags/register_best_model.py
[2025-05-27T12:09:16.182+0000] {processor.py:840} INFO - DAG(s) 'register_best_model_from_mlflow' retrieved from /opt/airflow/dags/register_best_model.py
[2025-05-27T12:09:16.215+0000] {logging_mixin.py:188} INFO - [2025-05-27T12:09:16.215+0000] {dag.py:3047} INFO - Sync 1 DAGs
[2025-05-27T12:09:16.222+0000] {logging_mixin.py:188} INFO - [2025-05-27T12:09:16.222+0000] {dag.py:3834} INFO - Setting next_dagrun for register_best_model_from_mlflow to None, run_after=None
[2025-05-27T12:09:16.234+0000] {processor.py:183} INFO - Processing /opt/airflow/dags/register_best_model.py took 1.481 seconds
[2025-05-27T12:09:26.417+0000] {processor.py:161} INFO - Started process (PID=207) to work on /opt/airflow/dags/register_best_model.py
[2025-05-27T12:09:26.420+0000] {processor.py:830} INFO - Processing file /opt/airflow/dags/register_best_model.py for tasks to queue
[2025-05-27T12:09:26.421+0000] {logging_mixin.py:188} INFO - [2025-05-27T12:09:26.420+0000] {dagbag.py:540} INFO - Filling up the DagBag from /opt/airflow/dags/register_best_model.py
[2025-05-27T12:09:27.256+0000] {processor.py:840} INFO - DAG(s) 'register_best_model_from_mlflow' retrieved from /opt/airflow/dags/register_best_model.py
[2025-05-27T12:09:27.276+0000] {logging_mixin.py:188} INFO - [2025-05-27T12:09:27.275+0000] {dag.py:3047} INFO - Sync 1 DAGs
[2025-05-27T12:09:27.288+0000] {logging_mixin.py:188} INFO - [2025-05-27T12:09:27.288+0000] {dag.py:3834} INFO - Setting next_dagrun for register_best_model_from_mlflow to None, run_after=None
[2025-05-27T12:09:27.303+0000] {processor.py:183} INFO - Processing /opt/airflow/dags/register_best_model.py took 0.897 seconds
[2025-05-27T12:09:37.753+0000] {processor.py:161} INFO - Started process (PID=233) to work on /opt/airflow/dags/register_best_model.py
[2025-05-27T12:09:37.754+0000] {processor.py:830} INFO - Processing file /opt/airflow/dags/register_best_model.py for tasks to queue
[2025-05-27T12:09:37.755+0000] {logging_mixin.py:188} INFO - [2025-05-27T12:09:37.755+0000] {dagbag.py:540} INFO - Filling up the DagBag from /opt/airflow/dags/register_best_model.py
[2025-05-27T12:09:38.473+0000] {processor.py:840} INFO - DAG(s) 'register_best_model_from_mlflow' retrieved from /opt/airflow/dags/register_best_model.py
[2025-05-27T12:09:38.494+0000] {logging_mixin.py:188} INFO - [2025-05-27T12:09:38.494+0000] {dag.py:3047} INFO - Sync 1 DAGs
[2025-05-27T12:09:38.501+0000] {logging_mixin.py:188} INFO - [2025-05-27T12:09:38.500+0000] {dag.py:3834} INFO - Setting next_dagrun for register_best_model_from_mlflow to None, run_after=None
[2025-05-27T12:09:38.513+0000] {processor.py:183} INFO - Processing /opt/airflow/dags/register_best_model.py took 0.762 seconds
[2025-05-27T12:09:48.752+0000] {processor.py:161} INFO - Started process (PID=259) to work on /opt/airflow/dags/register_best_model.py
[2025-05-27T12:09:48.754+0000] {processor.py:830} INFO - Processing file /opt/airflow/dags/register_best_model.py for tasks to queue
[2025-05-27T12:09:48.756+0000] {logging_mixin.py:188} INFO - [2025-05-27T12:09:48.755+0000] {dagbag.py:540} INFO - Filling up the DagBag from /opt/airflow/dags/register_best_model.py
[2025-05-27T12:09:49.331+0000] {processor.py:840} INFO - DAG(s) 'register_best_model_from_mlflow' retrieved from /opt/airflow/dags/register_best_model.py
[2025-05-27T12:09:49.569+0000] {logging_mixin.py:188} INFO - [2025-05-27T12:09:49.568+0000] {dag.py:3047} INFO - Sync 1 DAGs
[2025-05-27T12:09:49.574+0000] {logging_mixin.py:188} INFO - [2025-05-27T12:09:49.574+0000] {dag.py:3834} INFO - Setting next_dagrun for register_best_model_from_mlflow to None, run_after=None
[2025-05-27T12:09:49.586+0000] {processor.py:183} INFO - Processing /opt/airflow/dags/register_best_model.py took 0.837 seconds
[2025-05-27T12:09:59.715+0000] {processor.py:161} INFO - Started process (PID=285) to work on /opt/airflow/dags/register_best_model.py
[2025-05-27T12:09:59.719+0000] {processor.py:830} INFO - Processing file /opt/airflow/dags/register_best_model.py for tasks to queue
[2025-05-27T12:09:59.720+0000] {logging_mixin.py:188} INFO - [2025-05-27T12:09:59.720+0000] {dagbag.py:540} INFO - Filling up the DagBag from /opt/airflow/dags/register_best_model.py
[2025-05-27T12:10:00.363+0000] {processor.py:840} INFO - DAG(s) 'register_best_model_from_mlflow' retrieved from /opt/airflow/dags/register_best_model.py
[2025-05-27T12:10:00.400+0000] {logging_mixin.py:188} INFO - [2025-05-27T12:10:00.399+0000] {dag.py:3047} INFO - Sync 1 DAGs
[2025-05-27T12:10:00.437+0000] {logging_mixin.py:188} INFO - [2025-05-27T12:10:00.437+0000] {dag.py:3834} INFO - Setting next_dagrun for register_best_model_from_mlflow to None, run_after=None
[2025-05-27T12:10:00.458+0000] {processor.py:183} INFO - Processing /opt/airflow/dags/register_best_model.py took 0.748 seconds
[2025-05-27T12:10:10.637+0000] {processor.py:161} INFO - Started process (PID=321) to work on /opt/airflow/dags/register_best_model.py
[2025-05-27T12:10:10.639+0000] {processor.py:830} INFO - Processing file /opt/airflow/dags/register_best_model.py for tasks to queue
[2025-05-27T12:10:10.641+0000] {logging_mixin.py:188} INFO - [2025-05-27T12:10:10.640+0000] {dagbag.py:540} INFO - Filling up the DagBag from /opt/airflow/dags/register_best_model.py
[2025-05-27T12:10:11.253+0000] {processor.py:840} INFO - DAG(s) 'register_best_model_from_mlflow' retrieved from /opt/airflow/dags/register_best_model.py
[2025-05-27T12:10:11.265+0000] {logging_mixin.py:188} INFO - [2025-05-27T12:10:11.265+0000] {dag.py:3047} INFO - Sync 1 DAGs
[2025-05-27T12:10:11.273+0000] {logging_mixin.py:188} INFO - [2025-05-27T12:10:11.273+0000] {dag.py:3834} INFO - Setting next_dagrun for register_best_model_from_mlflow to None, run_after=None
[2025-05-27T12:10:11.286+0000] {processor.py:183} INFO - Processing /opt/airflow/dags/register_best_model.py took 0.657 seconds
[2025-05-27T12:10:21.419+0000] {processor.py:161} INFO - Started process (PID=347) to work on /opt/airflow/dags/register_best_model.py
[2025-05-27T12:10:21.420+0000] {processor.py:830} INFO - Processing file /opt/airflow/dags/register_best_model.py for tasks to queue
[2025-05-27T12:10:21.421+0000] {logging_mixin.py:188} INFO - [2025-05-27T12:10:21.421+0000] {dagbag.py:540} INFO - Filling up the DagBag from /opt/airflow/dags/register_best_model.py
[2025-05-27T12:10:22.194+0000] {processor.py:840} INFO - DAG(s) 'register_best_model_from_mlflow' retrieved from /opt/airflow/dags/register_best_model.py
[2025-05-27T12:10:22.243+0000] {logging_mixin.py:188} INFO - [2025-05-27T12:10:22.243+0000] {dag.py:3047} INFO - Sync 1 DAGs
[2025-05-27T12:10:22.251+0000] {logging_mixin.py:188} INFO - [2025-05-27T12:10:22.251+0000] {dag.py:3834} INFO - Setting next_dagrun for register_best_model_from_mlflow to None, run_after=None
[2025-05-27T12:10:22.263+0000] {processor.py:183} INFO - Processing /opt/airflow/dags/register_best_model.py took 0.853 seconds
[2025-05-27T12:10:32.942+0000] {processor.py:161} INFO - Started process (PID=373) to work on /opt/airflow/dags/register_best_model.py
[2025-05-27T12:10:32.944+0000] {processor.py:830} INFO - Processing file /opt/airflow/dags/register_best_model.py for tasks to queue
[2025-05-27T12:10:32.945+0000] {logging_mixin.py:188} INFO - [2025-05-27T12:10:32.945+0000] {dagbag.py:540} INFO - Filling up the DagBag from /opt/airflow/dags/register_best_model.py
[2025-05-27T12:10:33.628+0000] {processor.py:840} INFO - DAG(s) 'register_best_model_from_mlflow' retrieved from /opt/airflow/dags/register_best_model.py
[2025-05-27T12:10:33.661+0000] {logging_mixin.py:188} INFO - [2025-05-27T12:10:33.661+0000] {dag.py:3047} INFO - Sync 1 DAGs
[2025-05-27T12:10:33.674+0000] {logging_mixin.py:188} INFO - [2025-05-27T12:10:33.674+0000] {dag.py:3834} INFO - Setting next_dagrun for register_best_model_from_mlflow to None, run_after=None
[2025-05-27T12:10:33.691+0000] {processor.py:183} INFO - Processing /opt/airflow/dags/register_best_model.py took 0.760 seconds
[2025-05-27T12:10:37.027+0000] {processor.py:161} INFO - Started process (PID=399) to work on /opt/airflow/dags/register_best_model.py
[2025-05-27T12:10:37.029+0000] {processor.py:830} INFO - Processing file /opt/airflow/dags/register_best_model.py for tasks to queue
[2025-05-27T12:10:37.029+0000] {logging_mixin.py:188} INFO - [2025-05-27T12:10:37.029+0000] {dagbag.py:540} INFO - Filling up the DagBag from /opt/airflow/dags/register_best_model.py
[2025-05-27T12:10:38.086+0000] {processor.py:840} INFO - DAG(s) 'register_best_model_from_mlflow' retrieved from /opt/airflow/dags/register_best_model.py
[2025-05-27T12:10:38.182+0000] {logging_mixin.py:188} INFO - [2025-05-27T12:10:38.182+0000] {dag.py:3047} INFO - Sync 1 DAGs
[2025-05-27T12:10:38.188+0000] {logging_mixin.py:188} INFO - [2025-05-27T12:10:38.188+0000] {dag.py:3834} INFO - Setting next_dagrun for register_best_model_from_mlflow to None, run_after=None
[2025-05-27T12:10:38.201+0000] {processor.py:183} INFO - Processing /opt/airflow/dags/register_best_model.py took 1.178 seconds
[2025-05-27T12:10:47.077+0000] {processor.py:161} INFO - Started process (PID=425) to work on /opt/airflow/dags/register_best_model.py
[2025-05-27T12:10:47.079+0000] {processor.py:830} INFO - Processing file /opt/airflow/dags/register_best_model.py for tasks to queue
[2025-05-27T12:10:47.081+0000] {logging_mixin.py:188} INFO - [2025-05-27T12:10:47.080+0000] {dagbag.py:540} INFO - Filling up the DagBag from /opt/airflow/dags/register_best_model.py
[2025-05-27T12:10:47.660+0000] {processor.py:840} INFO - DAG(s) 'register_best_model_from_mlflow' retrieved from /opt/airflow/dags/register_best_model.py
[2025-05-27T12:10:47.678+0000] {logging_mixin.py:188} INFO - [2025-05-27T12:10:47.677+0000] {dag.py:3047} INFO - Sync 1 DAGs
[2025-05-27T12:10:47.683+0000] {logging_mixin.py:188} INFO - [2025-05-27T12:10:47.683+0000] {dag.py:3834} INFO - Setting next_dagrun for register_best_model_from_mlflow to None, run_after=None
[2025-05-27T12:10:47.694+0000] {processor.py:183} INFO - Processing /opt/airflow/dags/register_best_model.py took 0.622 seconds
[2025-05-27T12:10:57.821+0000] {processor.py:161} INFO - Started process (PID=451) to work on /opt/airflow/dags/register_best_model.py
[2025-05-27T12:10:57.822+0000] {processor.py:830} INFO - Processing file /opt/airflow/dags/register_best_model.py for tasks to queue
[2025-05-27T12:10:57.823+0000] {logging_mixin.py:188} INFO - [2025-05-27T12:10:57.822+0000] {dagbag.py:540} INFO - Filling up the DagBag from /opt/airflow/dags/register_best_model.py
[2025-05-27T12:10:58.260+0000] {processor.py:840} INFO - DAG(s) 'register_best_model_from_mlflow' retrieved from /opt/airflow/dags/register_best_model.py
[2025-05-27T12:10:58.267+0000] {logging_mixin.py:188} INFO - [2025-05-27T12:10:58.267+0000] {dag.py:3047} INFO - Sync 1 DAGs
[2025-05-27T12:10:58.273+0000] {logging_mixin.py:188} INFO - [2025-05-27T12:10:58.272+0000] {dag.py:3834} INFO - Setting next_dagrun for register_best_model_from_mlflow to None, run_after=None
[2025-05-27T12:10:58.283+0000] {processor.py:183} INFO - Processing /opt/airflow/dags/register_best_model.py took 0.466 seconds
[2025-05-27T12:11:08.393+0000] {processor.py:161} INFO - Started process (PID=477) to work on /opt/airflow/dags/register_best_model.py
[2025-05-27T12:11:08.395+0000] {processor.py:830} INFO - Processing file /opt/airflow/dags/register_best_model.py for tasks to queue
[2025-05-27T12:11:08.396+0000] {logging_mixin.py:188} INFO - [2025-05-27T12:11:08.396+0000] {dagbag.py:540} INFO - Filling up the DagBag from /opt/airflow/dags/register_best_model.py
[2025-05-27T12:11:08.815+0000] {processor.py:840} INFO - DAG(s) 'register_best_model_from_mlflow' retrieved from /opt/airflow/dags/register_best_model.py
[2025-05-27T12:11:08.865+0000] {logging_mixin.py:188} INFO - [2025-05-27T12:11:08.865+0000] {dag.py:3047} INFO - Sync 1 DAGs
[2025-05-27T12:11:08.869+0000] {logging_mixin.py:188} INFO - [2025-05-27T12:11:08.869+0000] {dag.py:3834} INFO - Setting next_dagrun for register_best_model_from_mlflow to None, run_after=None
[2025-05-27T12:11:08.877+0000] {processor.py:183} INFO - Processing /opt/airflow/dags/register_best_model.py took 0.489 seconds
[2025-05-27T12:11:18.970+0000] {processor.py:161} INFO - Started process (PID=513) to work on /opt/airflow/dags/register_best_model.py
[2025-05-27T12:11:18.971+0000] {processor.py:830} INFO - Processing file /opt/airflow/dags/register_best_model.py for tasks to queue
[2025-05-27T12:11:18.972+0000] {logging_mixin.py:188} INFO - [2025-05-27T12:11:18.972+0000] {dagbag.py:540} INFO - Filling up the DagBag from /opt/airflow/dags/register_best_model.py
[2025-05-27T12:11:19.377+0000] {processor.py:840} INFO - DAG(s) 'register_best_model_from_mlflow' retrieved from /opt/airflow/dags/register_best_model.py
[2025-05-27T12:11:19.384+0000] {logging_mixin.py:188} INFO - [2025-05-27T12:11:19.384+0000] {dag.py:3047} INFO - Sync 1 DAGs
[2025-05-27T12:11:19.390+0000] {logging_mixin.py:188} INFO - [2025-05-27T12:11:19.390+0000] {dag.py:3834} INFO - Setting next_dagrun for register_best_model_from_mlflow to None, run_after=None
[2025-05-27T12:11:19.397+0000] {processor.py:183} INFO - Processing /opt/airflow/dags/register_best_model.py took 0.431 seconds
[2025-05-27T12:11:29.421+0000] {processor.py:161} INFO - Started process (PID=539) to work on /opt/airflow/dags/register_best_model.py
[2025-05-27T12:11:29.422+0000] {processor.py:830} INFO - Processing file /opt/airflow/dags/register_best_model.py for tasks to queue
[2025-05-27T12:11:29.423+0000] {logging_mixin.py:188} INFO - [2025-05-27T12:11:29.422+0000] {dagbag.py:540} INFO - Filling up the DagBag from /opt/airflow/dags/register_best_model.py
[2025-05-27T12:11:30.012+0000] {processor.py:840} INFO - DAG(s) 'register_best_model_from_mlflow' retrieved from /opt/airflow/dags/register_best_model.py
[2025-05-27T12:11:30.023+0000] {logging_mixin.py:188} INFO - [2025-05-27T12:11:30.023+0000] {dag.py:3047} INFO - Sync 1 DAGs
[2025-05-27T12:11:30.031+0000] {logging_mixin.py:188} INFO - [2025-05-27T12:11:30.031+0000] {dag.py:3834} INFO - Setting next_dagrun for register_best_model_from_mlflow to None, run_after=None
[2025-05-27T12:11:30.041+0000] {processor.py:183} INFO - Processing /opt/airflow/dags/register_best_model.py took 0.622 seconds
[2025-05-27T12:11:40.165+0000] {processor.py:161} INFO - Started process (PID=563) to work on /opt/airflow/dags/register_best_model.py
[2025-05-27T12:11:40.166+0000] {processor.py:830} INFO - Processing file /opt/airflow/dags/register_best_model.py for tasks to queue
[2025-05-27T12:11:40.167+0000] {logging_mixin.py:188} INFO - [2025-05-27T12:11:40.166+0000] {dagbag.py:540} INFO - Filling up the DagBag from /opt/airflow/dags/register_best_model.py
[2025-05-27T12:11:40.595+0000] {processor.py:840} INFO - DAG(s) 'register_best_model_from_mlflow' retrieved from /opt/airflow/dags/register_best_model.py
[2025-05-27T12:11:40.606+0000] {logging_mixin.py:188} INFO - [2025-05-27T12:11:40.606+0000] {dag.py:3047} INFO - Sync 1 DAGs
[2025-05-27T12:11:40.610+0000] {logging_mixin.py:188} INFO - [2025-05-27T12:11:40.610+0000] {dag.py:3834} INFO - Setting next_dagrun for register_best_model_from_mlflow to None, run_after=None
[2025-05-27T12:11:40.618+0000] {processor.py:183} INFO - Processing /opt/airflow/dags/register_best_model.py took 0.455 seconds
[2025-05-27T12:11:50.729+0000] {processor.py:161} INFO - Started process (PID=582) to work on /opt/airflow/dags/register_best_model.py
[2025-05-27T12:11:50.730+0000] {processor.py:830} INFO - Processing file /opt/airflow/dags/register_best_model.py for tasks to queue
[2025-05-27T12:11:50.731+0000] {logging_mixin.py:188} INFO - [2025-05-27T12:11:50.731+0000] {dagbag.py:540} INFO - Filling up the DagBag from /opt/airflow/dags/register_best_model.py
[2025-05-27T12:11:51.374+0000] {processor.py:840} INFO - DAG(s) 'register_best_model_from_mlflow' retrieved from /opt/airflow/dags/register_best_model.py
[2025-05-27T12:11:51.414+0000] {logging_mixin.py:188} INFO - [2025-05-27T12:11:51.413+0000] {dag.py:3047} INFO - Sync 1 DAGs
[2025-05-27T12:11:51.439+0000] {logging_mixin.py:188} INFO - [2025-05-27T12:11:51.439+0000] {dag.py:3834} INFO - Setting next_dagrun for register_best_model_from_mlflow to None, run_after=None
[2025-05-27T12:11:51.474+0000] {processor.py:183} INFO - Processing /opt/airflow/dags/register_best_model.py took 0.746 seconds
[2025-05-27T12:12:01.674+0000] {processor.py:161} INFO - Started process (PID=604) to work on /opt/airflow/dags/register_best_model.py
[2025-05-27T12:12:01.676+0000] {processor.py:830} INFO - Processing file /opt/airflow/dags/register_best_model.py for tasks to queue
[2025-05-27T12:12:01.677+0000] {logging_mixin.py:188} INFO - [2025-05-27T12:12:01.676+0000] {dagbag.py:540} INFO - Filling up the DagBag from /opt/airflow/dags/register_best_model.py
[2025-05-27T12:12:02.420+0000] {processor.py:840} INFO - DAG(s) 'register_best_model_from_mlflow' retrieved from /opt/airflow/dags/register_best_model.py
[2025-05-27T12:12:02.572+0000] {logging_mixin.py:188} INFO - [2025-05-27T12:12:02.568+0000] {dag.py:3047} INFO - Sync 1 DAGs
[2025-05-27T12:12:02.612+0000] {logging_mixin.py:188} INFO - [2025-05-27T12:12:02.612+0000] {dag.py:3834} INFO - Setting next_dagrun for register_best_model_from_mlflow to None, run_after=None
[2025-05-27T12:12:02.668+0000] {processor.py:183} INFO - Processing /opt/airflow/dags/register_best_model.py took 1.000 seconds
[2025-05-27T12:12:12.893+0000] {processor.py:161} INFO - Started process (PID=630) to work on /opt/airflow/dags/register_best_model.py
[2025-05-27T12:12:12.898+0000] {processor.py:830} INFO - Processing file /opt/airflow/dags/register_best_model.py for tasks to queue
[2025-05-27T12:12:12.901+0000] {logging_mixin.py:188} INFO - [2025-05-27T12:12:12.900+0000] {dagbag.py:540} INFO - Filling up the DagBag from /opt/airflow/dags/register_best_model.py
[2025-05-27T12:12:13.728+0000] {processor.py:840} INFO - DAG(s) 'register_best_model_from_mlflow' retrieved from /opt/airflow/dags/register_best_model.py
[2025-05-27T12:12:13.754+0000] {logging_mixin.py:188} INFO - [2025-05-27T12:12:13.754+0000] {dag.py:3047} INFO - Sync 1 DAGs
[2025-05-27T12:12:13.763+0000] {logging_mixin.py:188} INFO - [2025-05-27T12:12:13.763+0000] {dag.py:3834} INFO - Setting next_dagrun for register_best_model_from_mlflow to None, run_after=None
[2025-05-27T12:12:13.781+0000] {processor.py:183} INFO - Processing /opt/airflow/dags/register_best_model.py took 0.901 seconds
[2025-05-27T12:12:24.910+0000] {processor.py:161} INFO - Started process (PID=656) to work on /opt/airflow/dags/register_best_model.py
[2025-05-27T12:12:24.919+0000] {processor.py:830} INFO - Processing file /opt/airflow/dags/register_best_model.py for tasks to queue
[2025-05-27T12:12:24.922+0000] {logging_mixin.py:188} INFO - [2025-05-27T12:12:24.921+0000] {dagbag.py:540} INFO - Filling up the DagBag from /opt/airflow/dags/register_best_model.py
[2025-05-27T12:12:25.976+0000] {processor.py:840} INFO - DAG(s) 'register_best_model_from_mlflow' retrieved from /opt/airflow/dags/register_best_model.py
[2025-05-27T12:12:26.007+0000] {logging_mixin.py:188} INFO - [2025-05-27T12:12:26.006+0000] {dag.py:3047} INFO - Sync 1 DAGs
[2025-05-27T12:12:26.014+0000] {logging_mixin.py:188} INFO - [2025-05-27T12:12:26.014+0000] {dag.py:3834} INFO - Setting next_dagrun for register_best_model_from_mlflow to None, run_after=None
[2025-05-27T12:12:26.028+0000] {processor.py:183} INFO - Processing /opt/airflow/dags/register_best_model.py took 1.137 seconds
[2025-05-27T12:12:36.235+0000] {processor.py:161} INFO - Started process (PID=682) to work on /opt/airflow/dags/register_best_model.py
[2025-05-27T12:12:36.240+0000] {processor.py:830} INFO - Processing file /opt/airflow/dags/register_best_model.py for tasks to queue
[2025-05-27T12:12:36.241+0000] {logging_mixin.py:188} INFO - [2025-05-27T12:12:36.241+0000] {dagbag.py:540} INFO - Filling up the DagBag from /opt/airflow/dags/register_best_model.py
[2025-05-27T12:12:37.102+0000] {processor.py:840} INFO - DAG(s) 'register_best_model_from_mlflow' retrieved from /opt/airflow/dags/register_best_model.py
[2025-05-27T12:12:37.138+0000] {logging_mixin.py:188} INFO - [2025-05-27T12:12:37.137+0000] {dag.py:3047} INFO - Sync 1 DAGs
[2025-05-27T12:12:37.147+0000] {logging_mixin.py:188} INFO - [2025-05-27T12:12:37.147+0000] {dag.py:3834} INFO - Setting next_dagrun for register_best_model_from_mlflow to None, run_after=None
[2025-05-27T12:12:37.159+0000] {processor.py:183} INFO - Processing /opt/airflow/dags/register_best_model.py took 0.935 seconds
[2025-05-27T12:12:47.619+0000] {processor.py:161} INFO - Started process (PID=708) to work on /opt/airflow/dags/register_best_model.py
[2025-05-27T12:12:47.621+0000] {processor.py:830} INFO - Processing file /opt/airflow/dags/register_best_model.py for tasks to queue
[2025-05-27T12:12:47.627+0000] {logging_mixin.py:188} INFO - [2025-05-27T12:12:47.626+0000] {dagbag.py:540} INFO - Filling up the DagBag from /opt/airflow/dags/register_best_model.py
[2025-05-27T12:12:48.406+0000] {processor.py:840} INFO - DAG(s) 'register_best_model_from_mlflow' retrieved from /opt/airflow/dags/register_best_model.py
[2025-05-27T12:12:48.431+0000] {logging_mixin.py:188} INFO - [2025-05-27T12:12:48.430+0000] {dag.py:3047} INFO - Sync 1 DAGs
[2025-05-27T12:12:48.438+0000] {logging_mixin.py:188} INFO - [2025-05-27T12:12:48.438+0000] {dag.py:3834} INFO - Setting next_dagrun for register_best_model_from_mlflow to None, run_after=None
[2025-05-27T12:12:48.452+0000] {processor.py:183} INFO - Processing /opt/airflow/dags/register_best_model.py took 0.845 seconds
[2025-05-27T12:12:58.848+0000] {processor.py:161} INFO - Started process (PID=734) to work on /opt/airflow/dags/register_best_model.py
[2025-05-27T12:12:58.852+0000] {processor.py:830} INFO - Processing file /opt/airflow/dags/register_best_model.py for tasks to queue
[2025-05-27T12:12:58.853+0000] {logging_mixin.py:188} INFO - [2025-05-27T12:12:58.852+0000] {dagbag.py:540} INFO - Filling up the DagBag from /opt/airflow/dags/register_best_model.py
[2025-05-27T12:12:59.551+0000] {processor.py:840} INFO - DAG(s) 'register_best_model_from_mlflow' retrieved from /opt/airflow/dags/register_best_model.py
[2025-05-27T12:12:59.576+0000] {logging_mixin.py:188} INFO - [2025-05-27T12:12:59.576+0000] {dag.py:3047} INFO - Sync 1 DAGs
[2025-05-27T12:12:59.584+0000] {logging_mixin.py:188} INFO - [2025-05-27T12:12:59.583+0000] {dag.py:3834} INFO - Setting next_dagrun for register_best_model_from_mlflow to None, run_after=None
[2025-05-27T12:12:59.595+0000] {processor.py:183} INFO - Processing /opt/airflow/dags/register_best_model.py took 0.765 seconds
[2025-05-27T12:13:09.785+0000] {processor.py:161} INFO - Started process (PID=760) to work on /opt/airflow/dags/register_best_model.py
[2025-05-27T12:13:09.788+0000] {processor.py:830} INFO - Processing file /opt/airflow/dags/register_best_model.py for tasks to queue
[2025-05-27T12:13:09.789+0000] {logging_mixin.py:188} INFO - [2025-05-27T12:13:09.789+0000] {dagbag.py:540} INFO - Filling up the DagBag from /opt/airflow/dags/register_best_model.py
[2025-05-27T12:13:10.450+0000] {processor.py:840} INFO - DAG(s) 'register_best_model_from_mlflow' retrieved from /opt/airflow/dags/register_best_model.py
[2025-05-27T12:13:10.473+0000] {logging_mixin.py:188} INFO - [2025-05-27T12:13:10.472+0000] {dag.py:3047} INFO - Sync 1 DAGs
[2025-05-27T12:13:10.481+0000] {logging_mixin.py:188} INFO - [2025-05-27T12:13:10.481+0000] {dag.py:3834} INFO - Setting next_dagrun for register_best_model_from_mlflow to None, run_after=None
[2025-05-27T12:13:10.495+0000] {processor.py:183} INFO - Processing /opt/airflow/dags/register_best_model.py took 0.716 seconds
[2025-05-27T12:13:20.704+0000] {processor.py:161} INFO - Started process (PID=786) to work on /opt/airflow/dags/register_best_model.py
[2025-05-27T12:13:20.709+0000] {processor.py:830} INFO - Processing file /opt/airflow/dags/register_best_model.py for tasks to queue
[2025-05-27T12:13:20.711+0000] {logging_mixin.py:188} INFO - [2025-05-27T12:13:20.711+0000] {dagbag.py:540} INFO - Filling up the DagBag from /opt/airflow/dags/register_best_model.py
[2025-05-27T12:13:21.437+0000] {processor.py:840} INFO - DAG(s) 'register_best_model_from_mlflow' retrieved from /opt/airflow/dags/register_best_model.py
[2025-05-27T12:13:21.566+0000] {logging_mixin.py:188} INFO - [2025-05-27T12:13:21.565+0000] {dag.py:3047} INFO - Sync 1 DAGs
[2025-05-27T12:13:21.578+0000] {logging_mixin.py:188} INFO - [2025-05-27T12:13:21.578+0000] {dag.py:3834} INFO - Setting next_dagrun for register_best_model_from_mlflow to None, run_after=None
[2025-05-27T12:13:21.591+0000] {processor.py:183} INFO - Processing /opt/airflow/dags/register_best_model.py took 0.894 seconds
[2025-05-27T12:13:32.014+0000] {processor.py:161} INFO - Started process (PID=812) to work on /opt/airflow/dags/register_best_model.py
[2025-05-27T12:13:32.025+0000] {processor.py:830} INFO - Processing file /opt/airflow/dags/register_best_model.py for tasks to queue
[2025-05-27T12:13:32.031+0000] {logging_mixin.py:188} INFO - [2025-05-27T12:13:32.030+0000] {dagbag.py:540} INFO - Filling up the DagBag from /opt/airflow/dags/register_best_model.py
[2025-05-27T12:13:32.857+0000] {processor.py:840} INFO - DAG(s) 'register_best_model_from_mlflow' retrieved from /opt/airflow/dags/register_best_model.py
[2025-05-27T12:13:32.880+0000] {logging_mixin.py:188} INFO - [2025-05-27T12:13:32.880+0000] {dag.py:3047} INFO - Sync 1 DAGs
[2025-05-27T12:13:32.887+0000] {logging_mixin.py:188} INFO - [2025-05-27T12:13:32.886+0000] {dag.py:3834} INFO - Setting next_dagrun for register_best_model_from_mlflow to None, run_after=None
[2025-05-27T12:13:32.897+0000] {processor.py:183} INFO - Processing /opt/airflow/dags/register_best_model.py took 0.898 seconds
[2025-05-27T12:13:43.231+0000] {processor.py:161} INFO - Started process (PID=838) to work on /opt/airflow/dags/register_best_model.py
[2025-05-27T12:13:43.233+0000] {processor.py:830} INFO - Processing file /opt/airflow/dags/register_best_model.py for tasks to queue
[2025-05-27T12:13:43.235+0000] {logging_mixin.py:188} INFO - [2025-05-27T12:13:43.234+0000] {dagbag.py:540} INFO - Filling up the DagBag from /opt/airflow/dags/register_best_model.py
[2025-05-27T12:13:43.944+0000] {processor.py:840} INFO - DAG(s) 'register_best_model_from_mlflow' retrieved from /opt/airflow/dags/register_best_model.py
[2025-05-27T12:13:43.975+0000] {logging_mixin.py:188} INFO - [2025-05-27T12:13:43.975+0000] {dag.py:3047} INFO - Sync 1 DAGs
[2025-05-27T12:13:43.984+0000] {logging_mixin.py:188} INFO - [2025-05-27T12:13:43.984+0000] {dag.py:3834} INFO - Setting next_dagrun for register_best_model_from_mlflow to None, run_after=None
[2025-05-27T12:13:43.996+0000] {processor.py:183} INFO - Processing /opt/airflow/dags/register_best_model.py took 0.773 seconds
[2025-05-27T12:13:54.209+0000] {processor.py:161} INFO - Started process (PID=864) to work on /opt/airflow/dags/register_best_model.py
[2025-05-27T12:13:54.212+0000] {processor.py:830} INFO - Processing file /opt/airflow/dags/register_best_model.py for tasks to queue
[2025-05-27T12:13:54.214+0000] {logging_mixin.py:188} INFO - [2025-05-27T12:13:54.213+0000] {dagbag.py:540} INFO - Filling up the DagBag from /opt/airflow/dags/register_best_model.py
[2025-05-27T12:13:55.352+0000] {processor.py:840} INFO - DAG(s) 'register_best_model_from_mlflow' retrieved from /opt/airflow/dags/register_best_model.py
[2025-05-27T12:13:55.380+0000] {logging_mixin.py:188} INFO - [2025-05-27T12:13:55.380+0000] {dag.py:3047} INFO - Sync 1 DAGs
[2025-05-27T12:13:55.391+0000] {logging_mixin.py:188} INFO - [2025-05-27T12:13:55.391+0000] {dag.py:3834} INFO - Setting next_dagrun for register_best_model_from_mlflow to None, run_after=None
[2025-05-27T12:13:55.405+0000] {processor.py:183} INFO - Processing /opt/airflow/dags/register_best_model.py took 1.208 seconds
[2025-05-27T12:14:05.611+0000] {processor.py:161} INFO - Started process (PID=890) to work on /opt/airflow/dags/register_best_model.py
[2025-05-27T12:14:05.619+0000] {processor.py:830} INFO - Processing file /opt/airflow/dags/register_best_model.py for tasks to queue
[2025-05-27T12:14:05.621+0000] {logging_mixin.py:188} INFO - [2025-05-27T12:14:05.621+0000] {dagbag.py:540} INFO - Filling up the DagBag from /opt/airflow/dags/register_best_model.py
[2025-05-27T12:14:06.255+0000] {processor.py:840} INFO - DAG(s) 'register_best_model_from_mlflow' retrieved from /opt/airflow/dags/register_best_model.py
[2025-05-27T12:14:06.275+0000] {logging_mixin.py:188} INFO - [2025-05-27T12:14:06.275+0000] {dag.py:3047} INFO - Sync 1 DAGs
[2025-05-27T12:14:06.281+0000] {logging_mixin.py:188} INFO - [2025-05-27T12:14:06.281+0000] {dag.py:3834} INFO - Setting next_dagrun for register_best_model_from_mlflow to None, run_after=None
[2025-05-27T12:14:06.290+0000] {processor.py:183} INFO - Processing /opt/airflow/dags/register_best_model.py took 0.691 seconds
[2025-05-27T12:14:16.723+0000] {processor.py:161} INFO - Started process (PID=929) to work on /opt/airflow/dags/register_best_model.py
[2025-05-27T12:14:16.726+0000] {processor.py:830} INFO - Processing file /opt/airflow/dags/register_best_model.py for tasks to queue
[2025-05-27T12:14:16.727+0000] {logging_mixin.py:188} INFO - [2025-05-27T12:14:16.727+0000] {dagbag.py:540} INFO - Filling up the DagBag from /opt/airflow/dags/register_best_model.py
[2025-05-27T12:14:17.198+0000] {processor.py:840} INFO - DAG(s) 'register_best_model_from_mlflow' retrieved from /opt/airflow/dags/register_best_model.py
[2025-05-27T12:14:17.209+0000] {logging_mixin.py:188} INFO - [2025-05-27T12:14:17.208+0000] {dag.py:3047} INFO - Sync 1 DAGs
[2025-05-27T12:14:17.219+0000] {logging_mixin.py:188} INFO - [2025-05-27T12:14:17.218+0000] {dag.py:3834} INFO - Setting next_dagrun for register_best_model_from_mlflow to None, run_after=None
[2025-05-27T12:14:17.231+0000] {processor.py:183} INFO - Processing /opt/airflow/dags/register_best_model.py took 0.515 seconds
