[2025-05-28T08:10:26.489+0000] {taskinstance.py:1979} INFO - Dependencies all met for dep_context=non-requeueable deps ti=<TaskInstance: train_ml_models.train_and_log_models_old manual__2025-05-28T08:09:56.807044+00:00 [queued]>
[2025-05-28T08:10:26.493+0000] {taskinstance.py:1979} INFO - Dependencies all met for dep_context=requeueable deps ti=<TaskInstance: train_ml_models.train_and_log_models_old manual__2025-05-28T08:09:56.807044+00:00 [queued]>
[2025-05-28T08:10:26.493+0000] {taskinstance.py:2193} INFO - Starting attempt 1 of 2
[2025-05-28T08:10:26.501+0000] {taskinstance.py:2217} INFO - Executing <Task(PythonOperator): train_and_log_models_old> on 2025-05-28 08:09:56.807044+00:00
[2025-05-28T08:10:26.512+0000] {standard_task_runner.py:60} INFO - Started process 459 to run task
[2025-05-28T08:10:26.520+0000] {standard_task_runner.py:87} INFO - Running: ['***', 'tasks', 'run', 'train_ml_models', 'train_and_log_models_old', 'manual__2025-05-28T08:09:56.807044+00:00', '--job-id', '19', '--raw', '--subdir', 'DAGS_FOLDER/train_models_old.py', '--cfg-path', '/tmp/tmp844ajxlm']
[2025-05-28T08:10:26.531+0000] {standard_task_runner.py:88} INFO - Job 19: Subtask train_and_log_models_old
[2025-05-28T08:10:26.587+0000] {task_command.py:423} INFO - Running <TaskInstance: train_ml_models.train_and_log_models_old manual__2025-05-28T08:09:56.807044+00:00 [running]> on host bbc28cef36b5
[2025-05-28T08:10:26.650+0000] {taskinstance.py:2513} INFO - Exporting env vars: AIRFLOW_CTX_DAG_OWNER='***' AIRFLOW_CTX_DAG_ID='train_ml_models' AIRFLOW_CTX_TASK_ID='train_and_log_models_old' AIRFLOW_CTX_EXECUTION_DATE='2025-05-28T08:09:56.807044+00:00' AIRFLOW_CTX_TRY_NUMBER='1' AIRFLOW_CTX_DAG_RUN_ID='manual__2025-05-28T08:09:56.807044+00:00'
[2025-05-28T08:10:28.962+0000] {logging_mixin.py:188} INFO - 🧪 Выполняем dvc pull...
[2025-05-28T08:10:28.966+0000] {logging_mixin.py:188} INFO - STDOUT: Everything is up to date.
[2025-05-28T08:10:28.967+0000] {logging_mixin.py:188} INFO - STDERR: 
[2025-05-28T08:10:31.113+0000] {logging_mixin.py:188} WARNING - /home/***/.local/lib/python3.8/site-packages/sklearn/linear_model/_logistic.py:460 ConvergenceWarning: lbfgs failed to converge (status=1):
STOP: TOTAL NO. of ITERATIONS REACHED LIMIT.

Increase the number of iterations (max_iter) or scale the data as shown in:
    https://scikit-learn.org/stable/modules/preprocessing.html
Please also refer to the documentation for alternative solver options:
    https://scikit-learn.org/stable/modules/linear_model.html#logistic-regression
[2025-05-28T08:10:31.255+0000] {logging_mixin.py:188} INFO - ✅ Модель LogisticRegression сохранена и залогирована: /app/artifacts/LogisticRegression.pkl
[2025-05-28T08:10:31.419+0000] {logging_mixin.py:188} INFO - ✅ Модель DecisionTree сохранена и залогирована: /app/artifacts/DecisionTree.pkl
[2025-05-28T08:10:31.927+0000] {logging_mixin.py:188} INFO - ✅ Модель RandomForest сохранена и залогирована: /app/artifacts/RandomForest.pkl
[2025-05-28T08:10:31.934+0000] {python.py:202} INFO - Done. Returned value was: None
[2025-05-28T08:10:32.017+0000] {taskinstance.py:1149} INFO - Marking task as SUCCESS. dag_id=train_ml_models, task_id=train_and_log_models_old, execution_date=20250528T080956, start_date=20250528T081026, end_date=20250528T081032
[2025-05-28T08:10:32.142+0000] {local_task_job_runner.py:234} INFO - Task exited with return code 0
[2025-05-28T08:10:32.167+0000] {taskinstance.py:3312} INFO - 0 downstream tasks scheduled from follow-on schedule check
