[2025-05-28T08:17:07.614+0000] {taskinstance.py:1979} INFO - Dependencies all met for dep_context=non-requeueable deps ti=<TaskInstance: train_ml_models.train_and_log_models manual__2025-05-28T08:17:04.932196+00:00 [queued]>
[2025-05-28T08:17:07.626+0000] {taskinstance.py:1979} INFO - Dependencies all met for dep_context=requeueable deps ti=<TaskInstance: train_ml_models.train_and_log_models manual__2025-05-28T08:17:04.932196+00:00 [queued]>
[2025-05-28T08:17:07.626+0000] {taskinstance.py:2193} INFO - Starting attempt 1 of 2
[2025-05-28T08:17:07.645+0000] {taskinstance.py:2217} INFO - Executing <Task(PythonOperator): train_and_log_models> on 2025-05-28 08:17:04.932196+00:00
[2025-05-28T08:17:07.663+0000] {standard_task_runner.py:60} INFO - Started process 1948 to run task
[2025-05-28T08:17:07.676+0000] {standard_task_runner.py:87} INFO - Running: ['***', 'tasks', 'run', 'train_ml_models', 'train_and_log_models', 'manual__2025-05-28T08:17:04.932196+00:00', '--job-id', '22', '--raw', '--subdir', 'DAGS_FOLDER/train_models.py', '--cfg-path', '/tmp/tmpdrxwzgd2']
[2025-05-28T08:17:07.680+0000] {standard_task_runner.py:88} INFO - Job 22: Subtask train_and_log_models
[2025-05-28T08:17:07.776+0000] {task_command.py:423} INFO - Running <TaskInstance: train_ml_models.train_and_log_models manual__2025-05-28T08:17:04.932196+00:00 [running]> on host bbc28cef36b5
[2025-05-28T08:17:07.880+0000] {taskinstance.py:2513} INFO - Exporting env vars: AIRFLOW_CTX_DAG_OWNER='***' AIRFLOW_CTX_DAG_ID='train_ml_models' AIRFLOW_CTX_TASK_ID='train_and_log_models' AIRFLOW_CTX_EXECUTION_DATE='2025-05-28T08:17:04.932196+00:00' AIRFLOW_CTX_TRY_NUMBER='1' AIRFLOW_CTX_DAG_RUN_ID='manual__2025-05-28T08:17:04.932196+00:00'
[2025-05-28T08:17:11.404+0000] {logging_mixin.py:188} INFO - 🧪 Выполняем dvc pull...
[2025-05-28T08:17:11.412+0000] {logging_mixin.py:188} INFO - STDOUT: Everything is up to date.
[2025-05-28T08:17:11.413+0000] {logging_mixin.py:188} INFO - STDERR: 
[2025-05-28T08:17:11.868+0000] {logging_mixin.py:188} WARNING - 2025/05/28 08:17:11 INFO mlflow.tracking.fluent: Experiment with name 'wine-quality' does not exist. Creating a new experiment.
[2025-05-28T08:17:12.711+0000] {logging_mixin.py:188} INFO - 🧪 Logging to MLflow at: http://mlflow:5000
[2025-05-28T08:17:13.031+0000] {logging_mixin.py:188} WARNING - /home/***/.local/lib/python3.8/site-packages/sklearn/metrics/_classification.py:1471 UndefinedMetricWarning: Precision is ill-defined and being set to 0.0 in labels with no predicted samples. Use `zero_division` parameter to control this behavior.
[2025-05-28T08:17:13.044+0000] {logging_mixin.py:188} WARNING - /home/***/.local/lib/python3.8/site-packages/sklearn/metrics/_classification.py:1471 UndefinedMetricWarning: Precision and F-score are ill-defined and being set to 0.0 in labels with no predicted samples. Use `zero_division` parameter to control this behavior.
[2025-05-28T08:17:13.046+0000] {logging_mixin.py:188} WARNING - /home/***/.local/lib/python3.8/site-packages/sklearn/metrics/_classification.py:1471 UndefinedMetricWarning: Precision and F-score are ill-defined and being set to 0.0 in labels with no predicted samples. Use `zero_division` parameter to control this behavior.
[2025-05-28T08:17:13.048+0000] {logging_mixin.py:188} WARNING - /home/***/.local/lib/python3.8/site-packages/sklearn/metrics/_classification.py:1471 UndefinedMetricWarning: Precision and F-score are ill-defined and being set to 0.0 in labels with no predicted samples. Use `zero_division` parameter to control this behavior.
[2025-05-28T08:17:13.199+0000] {logging_mixin.py:188} INFO - ✅ Модель LogisticRegression_l1_C_0.1 сохранена и залогирована: /app/artifacts/LogisticRegression_l1_C_0.1.pkl
[2025-05-28T08:17:13.213+0000] {logging_mixin.py:188} WARNING - 2025/05/28 08:17:13 INFO mlflow.tracking._tracking_service.client: 🏃 View run LogisticRegression_l1_C_0.1 at: http://mlflow:5000/#/experiments/1/runs/f25984c174814519a56dba85b690e537.
[2025-05-28T08:17:13.214+0000] {logging_mixin.py:188} WARNING - 2025/05/28 08:17:13 INFO mlflow.tracking._tracking_service.client: 🧪 View experiment at: http://mlflow:5000/#/experiments/1.
[2025-05-28T08:17:13.849+0000] {logging_mixin.py:188} INFO - 🧪 Logging to MLflow at: http://mlflow:5000
[2025-05-28T08:17:13.938+0000] {logging_mixin.py:188} WARNING - /home/***/.local/lib/python3.8/site-packages/sklearn/metrics/_classification.py:1471 UndefinedMetricWarning: Precision is ill-defined and being set to 0.0 in labels with no predicted samples. Use `zero_division` parameter to control this behavior.
[2025-05-28T08:17:13.953+0000] {logging_mixin.py:188} WARNING - /home/***/.local/lib/python3.8/site-packages/sklearn/metrics/_classification.py:1471 UndefinedMetricWarning: Precision and F-score are ill-defined and being set to 0.0 in labels with no predicted samples. Use `zero_division` parameter to control this behavior.
[2025-05-28T08:17:13.955+0000] {logging_mixin.py:188} WARNING - /home/***/.local/lib/python3.8/site-packages/sklearn/metrics/_classification.py:1471 UndefinedMetricWarning: Precision and F-score are ill-defined and being set to 0.0 in labels with no predicted samples. Use `zero_division` parameter to control this behavior.
[2025-05-28T08:17:13.956+0000] {logging_mixin.py:188} WARNING - /home/***/.local/lib/python3.8/site-packages/sklearn/metrics/_classification.py:1471 UndefinedMetricWarning: Precision and F-score are ill-defined and being set to 0.0 in labels with no predicted samples. Use `zero_division` parameter to control this behavior.
[2025-05-28T08:17:13.980+0000] {logging_mixin.py:188} INFO - ✅ Модель LogisticRegression_l2_C_1.0 сохранена и залогирована: /app/artifacts/LogisticRegression_l2_C_1.0.pkl
[2025-05-28T08:17:14.549+0000] {logging_mixin.py:188} WARNING - 2025/05/28 08:17:14 INFO mlflow.tracking._tracking_service.client: 🏃 View run LogisticRegression_l2_C_1.0 at: http://mlflow:5000/#/experiments/1/runs/938db9b8d982444aa0f9f7772c504368.
[2025-05-28T08:17:14.551+0000] {logging_mixin.py:188} WARNING - 2025/05/28 08:17:14 INFO mlflow.tracking._tracking_service.client: 🧪 View experiment at: http://mlflow:5000/#/experiments/1.
[2025-05-28T08:17:15.509+0000] {logging_mixin.py:188} INFO - 🧪 Logging to MLflow at: http://mlflow:5000
[2025-05-28T08:17:15.870+0000] {logging_mixin.py:188} WARNING - /home/***/.local/lib/python3.8/site-packages/sklearn/metrics/_classification.py:1471 UndefinedMetricWarning: Precision is ill-defined and being set to 0.0 in labels with no predicted samples. Use `zero_division` parameter to control this behavior.
[2025-05-28T08:17:15.930+0000] {logging_mixin.py:188} WARNING - /home/***/.local/lib/python3.8/site-packages/sklearn/metrics/_classification.py:1471 UndefinedMetricWarning: Precision and F-score are ill-defined and being set to 0.0 in labels with no predicted samples. Use `zero_division` parameter to control this behavior.
[2025-05-28T08:17:15.937+0000] {logging_mixin.py:188} WARNING - /home/***/.local/lib/python3.8/site-packages/sklearn/metrics/_classification.py:1471 UndefinedMetricWarning: Precision and F-score are ill-defined and being set to 0.0 in labels with no predicted samples. Use `zero_division` parameter to control this behavior.
[2025-05-28T08:17:15.939+0000] {logging_mixin.py:188} WARNING - /home/***/.local/lib/python3.8/site-packages/sklearn/metrics/_classification.py:1471 UndefinedMetricWarning: Precision and F-score are ill-defined and being set to 0.0 in labels with no predicted samples. Use `zero_division` parameter to control this behavior.
[2025-05-28T08:17:15.981+0000] {logging_mixin.py:188} INFO - ✅ Модель LogisticRegression_l2_C_10.0 сохранена и залогирована: /app/artifacts/LogisticRegression_l2_C_10.0.pkl
[2025-05-28T08:17:15.998+0000] {logging_mixin.py:188} WARNING - 2025/05/28 08:17:15 INFO mlflow.tracking._tracking_service.client: 🏃 View run LogisticRegression_l2_C_10.0 at: http://mlflow:5000/#/experiments/1/runs/083c546945f645f990bfe3ac072d3222.
[2025-05-28T08:17:15.998+0000] {logging_mixin.py:188} WARNING - 2025/05/28 08:17:15 INFO mlflow.tracking._tracking_service.client: 🧪 View experiment at: http://mlflow:5000/#/experiments/1.
[2025-05-28T08:17:16.027+0000] {logging_mixin.py:188} INFO - 🧪 Logging to MLflow at: http://mlflow:5000
[2025-05-28T08:17:16.151+0000] {logging_mixin.py:188} WARNING - /home/***/.local/lib/python3.8/site-packages/sklearn/metrics/_classification.py:1471 UndefinedMetricWarning: Precision is ill-defined and being set to 0.0 in labels with no predicted samples. Use `zero_division` parameter to control this behavior.
[2025-05-28T08:17:16.172+0000] {logging_mixin.py:188} WARNING - /home/***/.local/lib/python3.8/site-packages/sklearn/metrics/_classification.py:1471 UndefinedMetricWarning: Precision and F-score are ill-defined and being set to 0.0 in labels with no predicted samples. Use `zero_division` parameter to control this behavior.
[2025-05-28T08:17:16.174+0000] {logging_mixin.py:188} WARNING - /home/***/.local/lib/python3.8/site-packages/sklearn/metrics/_classification.py:1471 UndefinedMetricWarning: Precision and F-score are ill-defined and being set to 0.0 in labels with no predicted samples. Use `zero_division` parameter to control this behavior.
[2025-05-28T08:17:16.175+0000] {logging_mixin.py:188} WARNING - /home/***/.local/lib/python3.8/site-packages/sklearn/metrics/_classification.py:1471 UndefinedMetricWarning: Precision and F-score are ill-defined and being set to 0.0 in labels with no predicted samples. Use `zero_division` parameter to control this behavior.
[2025-05-28T08:17:18.244+0000] {logging_mixin.py:188} INFO - ✅ Модель DecisionTree_depth_3 сохранена и залогирована: /app/artifacts/DecisionTree_depth_3.pkl
[2025-05-28T08:17:18.293+0000] {logging_mixin.py:188} WARNING - 2025/05/28 08:17:18 INFO mlflow.tracking._tracking_service.client: 🏃 View run DecisionTree_depth_3 at: http://mlflow:5000/#/experiments/1/runs/fb999e8796d7497c8bf530b5d66166c6.
[2025-05-28T08:17:18.294+0000] {logging_mixin.py:188} WARNING - 2025/05/28 08:17:18 INFO mlflow.tracking._tracking_service.client: 🧪 View experiment at: http://mlflow:5000/#/experiments/1.
[2025-05-28T08:17:18.368+0000] {logging_mixin.py:188} INFO - 🧪 Logging to MLflow at: http://mlflow:5000
[2025-05-28T08:17:18.674+0000] {logging_mixin.py:188} WARNING - /home/***/.local/lib/python3.8/site-packages/sklearn/metrics/_classification.py:1471 UndefinedMetricWarning: Precision is ill-defined and being set to 0.0 in labels with no predicted samples. Use `zero_division` parameter to control this behavior.
[2025-05-28T08:17:18.870+0000] {logging_mixin.py:188} WARNING - /home/***/.local/lib/python3.8/site-packages/sklearn/metrics/_classification.py:1471 UndefinedMetricWarning: Precision and F-score are ill-defined and being set to 0.0 in labels with no predicted samples. Use `zero_division` parameter to control this behavior.
[2025-05-28T08:17:18.877+0000] {logging_mixin.py:188} WARNING - /home/***/.local/lib/python3.8/site-packages/sklearn/metrics/_classification.py:1471 UndefinedMetricWarning: Precision and F-score are ill-defined and being set to 0.0 in labels with no predicted samples. Use `zero_division` parameter to control this behavior.
[2025-05-28T08:17:18.883+0000] {logging_mixin.py:188} WARNING - /home/***/.local/lib/python3.8/site-packages/sklearn/metrics/_classification.py:1471 UndefinedMetricWarning: Precision and F-score are ill-defined and being set to 0.0 in labels with no predicted samples. Use `zero_division` parameter to control this behavior.
[2025-05-28T08:17:18.970+0000] {logging_mixin.py:188} INFO - ✅ Модель DecisionTree_depth_5 сохранена и залогирована: /app/artifacts/DecisionTree_depth_5.pkl
[2025-05-28T08:17:19.018+0000] {logging_mixin.py:188} WARNING - 2025/05/28 08:17:19 INFO mlflow.tracking._tracking_service.client: 🏃 View run DecisionTree_depth_5 at: http://mlflow:5000/#/experiments/1/runs/06385fb9236647f3aa4e456981ed6c53.
[2025-05-28T08:17:19.022+0000] {logging_mixin.py:188} WARNING - 2025/05/28 08:17:19 INFO mlflow.tracking._tracking_service.client: 🧪 View experiment at: http://mlflow:5000/#/experiments/1.
[2025-05-28T08:17:19.061+0000] {logging_mixin.py:188} INFO - 🧪 Logging to MLflow at: http://mlflow:5000
[2025-05-28T08:17:19.710+0000] {logging_mixin.py:188} INFO - ✅ Модель DecisionTree_gini_depth_7 сохранена и залогирована: /app/artifacts/DecisionTree_gini_depth_7.pkl
[2025-05-28T08:17:19.752+0000] {logging_mixin.py:188} WARNING - 2025/05/28 08:17:19 INFO mlflow.tracking._tracking_service.client: 🏃 View run DecisionTree_gini_depth_7 at: http://mlflow:5000/#/experiments/1/runs/4fc1ff8c8712497d8f70583568e32206.
[2025-05-28T08:17:19.753+0000] {logging_mixin.py:188} WARNING - 2025/05/28 08:17:19 INFO mlflow.tracking._tracking_service.client: 🧪 View experiment at: http://mlflow:5000/#/experiments/1.
[2025-05-28T08:17:19.785+0000] {logging_mixin.py:188} INFO - 🧪 Logging to MLflow at: http://mlflow:5000
[2025-05-28T08:17:20.687+0000] {logging_mixin.py:188} INFO - ✅ Модель DecisionTree_entropy_depth_7 сохранена и залогирована: /app/artifacts/DecisionTree_entropy_depth_7.pkl
[2025-05-28T08:17:20.731+0000] {logging_mixin.py:188} WARNING - 2025/05/28 08:17:20 INFO mlflow.tracking._tracking_service.client: 🏃 View run DecisionTree_entropy_depth_7 at: http://mlflow:5000/#/experiments/1/runs/59498ad8bc154f29a0ce1bead081c3a6.
[2025-05-28T08:17:20.732+0000] {logging_mixin.py:188} WARNING - 2025/05/28 08:17:20 INFO mlflow.tracking._tracking_service.client: 🧪 View experiment at: http://mlflow:5000/#/experiments/1.
[2025-05-28T08:17:20.752+0000] {logging_mixin.py:188} INFO - 🧪 Logging to MLflow at: http://mlflow:5000
[2025-05-28T08:17:21.080+0000] {logging_mixin.py:188} WARNING - /home/***/.local/lib/python3.8/site-packages/sklearn/metrics/_classification.py:1471 UndefinedMetricWarning: Precision is ill-defined and being set to 0.0 in labels with no predicted samples. Use `zero_division` parameter to control this behavior.
[2025-05-28T08:17:21.180+0000] {logging_mixin.py:188} WARNING - /home/***/.local/lib/python3.8/site-packages/sklearn/metrics/_classification.py:1471 UndefinedMetricWarning: Precision and F-score are ill-defined and being set to 0.0 in labels with no predicted samples. Use `zero_division` parameter to control this behavior.
[2025-05-28T08:17:21.185+0000] {logging_mixin.py:188} WARNING - /home/***/.local/lib/python3.8/site-packages/sklearn/metrics/_classification.py:1471 UndefinedMetricWarning: Precision and F-score are ill-defined and being set to 0.0 in labels with no predicted samples. Use `zero_division` parameter to control this behavior.
[2025-05-28T08:17:21.187+0000] {logging_mixin.py:188} WARNING - /home/***/.local/lib/python3.8/site-packages/sklearn/metrics/_classification.py:1471 UndefinedMetricWarning: Precision and F-score are ill-defined and being set to 0.0 in labels with no predicted samples. Use `zero_division` parameter to control this behavior.
[2025-05-28T08:17:21.355+0000] {logging_mixin.py:188} INFO - ✅ Модель RandomForest_50 сохранена и залогирована: /app/artifacts/RandomForest_50.pkl
[2025-05-28T08:17:21.469+0000] {logging_mixin.py:188} WARNING - 2025/05/28 08:17:21 INFO mlflow.tracking._tracking_service.client: 🏃 View run RandomForest_50 at: http://mlflow:5000/#/experiments/1/runs/998873433ce44645a4682af02b524793.
[2025-05-28T08:17:21.469+0000] {logging_mixin.py:188} WARNING - 2025/05/28 08:17:21 INFO mlflow.tracking._tracking_service.client: 🧪 View experiment at: http://mlflow:5000/#/experiments/1.
[2025-05-28T08:17:21.496+0000] {logging_mixin.py:188} INFO - 🧪 Logging to MLflow at: http://mlflow:5000
[2025-05-28T08:17:22.010+0000] {logging_mixin.py:188} WARNING - /home/***/.local/lib/python3.8/site-packages/sklearn/metrics/_classification.py:1471 UndefinedMetricWarning: Precision is ill-defined and being set to 0.0 in labels with no predicted samples. Use `zero_division` parameter to control this behavior.
[2025-05-28T08:17:22.039+0000] {logging_mixin.py:188} WARNING - /home/***/.local/lib/python3.8/site-packages/sklearn/metrics/_classification.py:1471 UndefinedMetricWarning: Precision and F-score are ill-defined and being set to 0.0 in labels with no predicted samples. Use `zero_division` parameter to control this behavior.
[2025-05-28T08:17:22.042+0000] {logging_mixin.py:188} WARNING - /home/***/.local/lib/python3.8/site-packages/sklearn/metrics/_classification.py:1471 UndefinedMetricWarning: Precision and F-score are ill-defined and being set to 0.0 in labels with no predicted samples. Use `zero_division` parameter to control this behavior.
[2025-05-28T08:17:22.043+0000] {logging_mixin.py:188} WARNING - /home/***/.local/lib/python3.8/site-packages/sklearn/metrics/_classification.py:1471 UndefinedMetricWarning: Precision and F-score are ill-defined and being set to 0.0 in labels with no predicted samples. Use `zero_division` parameter to control this behavior.
[2025-05-28T08:17:22.306+0000] {logging_mixin.py:188} INFO - ✅ Модель RandomForest_100 сохранена и залогирована: /app/artifacts/RandomForest_100.pkl
[2025-05-28T08:17:22.353+0000] {logging_mixin.py:188} WARNING - 2025/05/28 08:17:22 INFO mlflow.tracking._tracking_service.client: 🏃 View run RandomForest_100 at: http://mlflow:5000/#/experiments/1/runs/a284aa4da172428a9832ee04257561fe.
[2025-05-28T08:17:22.354+0000] {logging_mixin.py:188} WARNING - 2025/05/28 08:17:22 INFO mlflow.tracking._tracking_service.client: 🧪 View experiment at: http://mlflow:5000/#/experiments/1.
[2025-05-28T08:17:22.368+0000] {logging_mixin.py:188} INFO - 🧪 Logging to MLflow at: http://mlflow:5000
[2025-05-28T08:17:23.449+0000] {logging_mixin.py:188} WARNING - /home/***/.local/lib/python3.8/site-packages/sklearn/metrics/_classification.py:1471 UndefinedMetricWarning: Precision is ill-defined and being set to 0.0 in labels with no predicted samples. Use `zero_division` parameter to control this behavior.
[2025-05-28T08:17:23.569+0000] {logging_mixin.py:188} WARNING - /home/***/.local/lib/python3.8/site-packages/sklearn/metrics/_classification.py:1471 UndefinedMetricWarning: Precision and F-score are ill-defined and being set to 0.0 in labels with no predicted samples. Use `zero_division` parameter to control this behavior.
[2025-05-28T08:17:23.586+0000] {logging_mixin.py:188} WARNING - /home/***/.local/lib/python3.8/site-packages/sklearn/metrics/_classification.py:1471 UndefinedMetricWarning: Precision and F-score are ill-defined and being set to 0.0 in labels with no predicted samples. Use `zero_division` parameter to control this behavior.
[2025-05-28T08:17:23.593+0000] {logging_mixin.py:188} WARNING - /home/***/.local/lib/python3.8/site-packages/sklearn/metrics/_classification.py:1471 UndefinedMetricWarning: Precision and F-score are ill-defined and being set to 0.0 in labels with no predicted samples. Use `zero_division` parameter to control this behavior.
[2025-05-28T08:17:23.929+0000] {logging_mixin.py:188} INFO - ✅ Модель RandomForest_200_depth_None сохранена и залогирована: /app/artifacts/RandomForest_200_depth_None.pkl
[2025-05-28T08:17:23.966+0000] {logging_mixin.py:188} WARNING - 2025/05/28 08:17:23 INFO mlflow.tracking._tracking_service.client: 🏃 View run RandomForest_200_depth_None at: http://mlflow:5000/#/experiments/1/runs/54bf6e31a06a45829a28744e2f481bf9.
[2025-05-28T08:17:23.967+0000] {logging_mixin.py:188} WARNING - 2025/05/28 08:17:23 INFO mlflow.tracking._tracking_service.client: 🧪 View experiment at: http://mlflow:5000/#/experiments/1.
[2025-05-28T08:17:23.988+0000] {python.py:202} INFO - Done. Returned value was: None
[2025-05-28T08:17:24.030+0000] {taskinstance.py:1149} INFO - Marking task as SUCCESS. dag_id=train_ml_models, task_id=train_and_log_models, execution_date=20250528T081704, start_date=20250528T081707, end_date=20250528T081724
[2025-05-28T08:17:24.090+0000] {local_task_job_runner.py:234} INFO - Task exited with return code 0
[2025-05-28T08:17:24.134+0000] {taskinstance.py:3312} INFO - 0 downstream tasks scheduled from follow-on schedule check
