[2025-05-28T06:16:03.252+0000] {taskinstance.py:1979} INFO - Dependencies all met for dep_context=non-requeueable deps ti=<TaskInstance: train_ml_models.train_and_log_models manual__2025-05-28T06:16:01.241568+00:00 [queued]>
[2025-05-28T06:16:03.256+0000] {taskinstance.py:1979} INFO - Dependencies all met for dep_context=requeueable deps ti=<TaskInstance: train_ml_models.train_and_log_models manual__2025-05-28T06:16:01.241568+00:00 [queued]>
[2025-05-28T06:16:03.256+0000] {taskinstance.py:2193} INFO - Starting attempt 1 of 2
[2025-05-28T06:16:03.263+0000] {taskinstance.py:2217} INFO - Executing <Task(PythonOperator): train_and_log_models> on 2025-05-28 06:16:01.241568+00:00
[2025-05-28T06:16:03.273+0000] {standard_task_runner.py:60} INFO - Started process 1125 to run task
[2025-05-28T06:16:03.283+0000] {standard_task_runner.py:87} INFO - Running: ['***', 'tasks', 'run', 'train_ml_models', 'train_and_log_models', 'manual__2025-05-28T06:16:01.241568+00:00', '--job-id', '3', '--raw', '--subdir', 'DAGS_FOLDER/train_models_old.py', '--cfg-path', '/tmp/tmpbw6o4whb']
[2025-05-28T06:16:03.285+0000] {standard_task_runner.py:88} INFO - Job 3: Subtask train_and_log_models
[2025-05-28T06:16:03.334+0000] {task_command.py:423} INFO - Running <TaskInstance: train_ml_models.train_and_log_models manual__2025-05-28T06:16:01.241568+00:00 [running]> on host c97f03557ca7
[2025-05-28T06:16:03.380+0000] {taskinstance.py:2513} INFO - Exporting env vars: AIRFLOW_CTX_DAG_OWNER='***' AIRFLOW_CTX_DAG_ID='train_ml_models' AIRFLOW_CTX_TASK_ID='train_and_log_models' AIRFLOW_CTX_EXECUTION_DATE='2025-05-28T06:16:01.241568+00:00' AIRFLOW_CTX_TRY_NUMBER='1' AIRFLOW_CTX_DAG_RUN_ID='manual__2025-05-28T06:16:01.241568+00:00'
[2025-05-28T06:16:07.878+0000] {logging_mixin.py:188} INFO - 🧪 Выполняем dvc pull...
[2025-05-28T06:16:07.881+0000] {logging_mixin.py:188} INFO - STDOUT: Everything is up to date.
[2025-05-28T06:16:07.881+0000] {logging_mixin.py:188} INFO - STDERR: 
[2025-05-28T06:16:08.895+0000] {logging_mixin.py:188} WARNING - /home/***/.local/lib/python3.8/site-packages/sklearn/linear_model/_logistic.py:460 ConvergenceWarning: lbfgs failed to converge (status=1):
STOP: TOTAL NO. of ITERATIONS REACHED LIMIT.

Increase the number of iterations (max_iter) or scale the data as shown in:
    https://scikit-learn.org/stable/modules/preprocessing.html
Please also refer to the documentation for alternative solver options:
    https://scikit-learn.org/stable/modules/linear_model.html#logistic-regression
[2025-05-28T06:16:09.007+0000] {logging_mixin.py:188} INFO - ✅ Модель LogisticRegression сохранена и залогирована: /app/artifacts/LogisticRegression.pkl
[2025-05-28T06:16:09.378+0000] {logging_mixin.py:188} INFO - ✅ Модель DecisionTree сохранена и залогирована: /app/artifacts/DecisionTree.pkl
[2025-05-28T06:16:10.247+0000] {logging_mixin.py:188} INFO - ✅ Модель RandomForest сохранена и залогирована: /app/artifacts/RandomForest.pkl
[2025-05-28T06:16:10.258+0000] {python.py:202} INFO - Done. Returned value was: None
[2025-05-28T06:16:10.300+0000] {taskinstance.py:1149} INFO - Marking task as SUCCESS. dag_id=train_ml_models, task_id=train_and_log_models, execution_date=20250528T061601, start_date=20250528T061603, end_date=20250528T061610
[2025-05-28T06:16:10.382+0000] {local_task_job_runner.py:234} INFO - Task exited with return code 0
[2025-05-28T06:16:10.431+0000] {taskinstance.py:3312} INFO - 0 downstream tasks scheduled from follow-on schedule check
